/home/pi/.gdbinit:5: Error in sourced command file:
bob.c: No such file or directory.

Program stopped.
0x00010098 in ?? ()
0x0001009c in ?? ()
r0             0x0	0
r1             0x0	0
r2             0x0	0
r3             0x0	0
r4             0x0	0
r5             0x0	0
r6             0x0	0
r7             0x0	0
r8             0x0	0
r9             0x0	0
r10            0x0	0
r11            0x0	0
r12            0x0	0
sp             0xbefff250	0xbefff250
lr             0x0	0
pc             0x1009c	0x1009c
cpsr           0x10	16
fpscr          0x0	0
=> 0x1009c:	mvn	r1, #0
0x000100a0 in ?? ()
r0             0x0	0
r1             0xffffffff	4294967295
r2             0x0	0
r3             0x0	0
r4             0x0	0
r5             0x0	0
r6             0x0	0
r7             0x0	0
r8             0x0	0
r9             0x0	0
r10            0x0	0
r11            0x0	0
r12            0x0	0
sp             0xbefff250	0xbefff250
lr             0x0	0
pc             0x100a0	0x100a0
cpsr           0x10	16
fpscr          0x0	0
=> 0x100a0:	mov	r2, #2
0x000100a4 in ?? ()
r0             0x0	0
r1             0xffffffff	4294967295
r2             0x2	2
r3             0x0	0
r4             0x0	0
r5             0x0	0
r6             0x0	0
r7             0x0	0
r8             0x0	0
r9             0x0	0
r10            0x0	0
r11            0x0	0
r12            0x0	0
sp             0xbefff250	0xbefff250
lr             0x0	0
pc             0x100a4	0x100a4
cpsr           0x10	16
fpscr          0x0	0
=> 0x100a4:	mov	r3, #2
0x000100a8 in ?? ()
r0             0x0	0
r1             0xffffffff	4294967295
r2             0x2	2
r3             0x2	2
r4             0x0	0
r5             0x0	0
r6             0x0	0
r7             0x0	0
r8             0x0	0
r9             0x0	0
r10            0x0	0
r11            0x0	0
r12            0x0	0
sp             0xbefff250	0xbefff250
lr             0x0	0
pc             0x100a8	0x100a8
cpsr           0x10	16
fpscr          0x0	0
=> 0x100a8:	mov	r4, #2
0x000100ac in ?? ()
r0             0x0	0
r1             0xffffffff	4294967295
r2             0x2	2
r3             0x2	2
r4             0x2	2
r5             0x0	0
r6             0x0	0
r7             0x0	0
r8             0x0	0
r9             0x0	0
r10            0x0	0
r11            0x0	0
r12            0x0	0
sp             0xbefff250	0xbefff250
lr             0x0	0
pc             0x100ac	0x100ac
cpsr           0x10	16
fpscr          0x0	0
=> 0x100ac:	mov	r5, #5
0x000100b0 in ?? ()
r0             0x0	0
r1             0xffffffff	4294967295
r2             0x2	2
r3             0x2	2
r4             0x2	2
r5             0x5	5
r6             0x0	0
r7             0x0	0
r8             0x0	0
r9             0x0	0
r10            0x0	0
r11            0x0	0
r12            0x0	0
sp             0xbefff250	0xbefff250
lr             0x0	0
pc             0x100b0	0x100b0
cpsr           0x10	16
fpscr          0x0	0
=> 0x100b0:	mov	r6, #6
0x000100b4 in ?? ()
r0             0x0	0
r1             0xffffffff	4294967295
r2             0x2	2
r3             0x2	2
r4             0x2	2
r5             0x5	5
r6             0x6	6
r7             0x0	0
r8             0x0	0
r9             0x0	0
r10            0x0	0
r11            0x0	0
r12            0x0	0
sp             0xbefff250	0xbefff250
lr             0x0	0
pc             0x100b4	0x100b4
cpsr           0x10	16
fpscr          0x0	0
=> 0x100b4:	mov	r7, #7
0x000100b8 in ?? ()
r0             0x0	0
r1             0xffffffff	4294967295
r2             0x2	2
r3             0x2	2
r4             0x2	2
r5             0x5	5
r6             0x6	6
r7             0x7	7
r8             0x0	0
r9             0x0	0
r10            0x0	0
r11            0x0	0
r12            0x0	0
sp             0xbefff250	0xbefff250
lr             0x0	0
pc             0x100b8	0x100b8
cpsr           0x10	16
fpscr          0x0	0
=> 0x100b8:	mov	r8, #8
0x000100bc in ?? ()
r0             0x0	0
r1             0xffffffff	4294967295
r2             0x2	2
r3             0x2	2
r4             0x2	2
r5             0x5	5
r6             0x6	6
r7             0x7	7
r8             0x8	8
r9             0x0	0
r10            0x0	0
r11            0x0	0
r12            0x0	0
sp             0xbefff250	0xbefff250
lr             0x0	0
pc             0x100bc	0x100bc
cpsr           0x10	16
fpscr          0x0	0
=> 0x100bc:	mov	r9, #9
0x000100c0 in ?? ()
r0             0x0	0
r1             0xffffffff	4294967295
r2             0x2	2
r3             0x2	2
r4             0x2	2
r5             0x5	5
r6             0x6	6
r7             0x7	7
r8             0x8	8
r9             0x9	9
r10            0x0	0
r11            0x0	0
r12            0x0	0
sp             0xbefff250	0xbefff250
lr             0x0	0
pc             0x100c0	0x100c0
cpsr           0x10	16
fpscr          0x0	0
=> 0x100c0:	mov	r10, #10
0x000100c4 in ?? ()
r0             0x0	0
r1             0xffffffff	4294967295
r2             0x2	2
r3             0x2	2
r4             0x2	2
r5             0x5	5
r6             0x6	6
r7             0x7	7
r8             0x8	8
r9             0x9	9
r10            0xa	10
r11            0x0	0
r12            0x0	0
sp             0xbefff250	0xbefff250
lr             0x0	0
pc             0x100c4	0x100c4
cpsr           0x10	16
fpscr          0x0	0
=> 0x100c4:	mov	r11, #11
0x000100c8 in ?? ()
r0             0x0	0
r1             0xffffffff	4294967295
r2             0x2	2
r3             0x2	2
r4             0x2	2
r5             0x5	5
r6             0x6	6
r7             0x7	7
r8             0x8	8
r9             0x9	9
r10            0xa	10
r11            0xb	11
r12            0x0	0
sp             0xbefff250	0xbefff250
lr             0x0	0
pc             0x100c8	0x100c8
cpsr           0x10	16
fpscr          0x0	0
=> 0x100c8:	mov	r12, #12
0x000100cc in ?? ()
r0             0x0	0
r1             0xffffffff	4294967295
r2             0x2	2
r3             0x2	2
r4             0x2	2
r5             0x5	5
r6             0x6	6
r7             0x7	7
r8             0x8	8
r9             0x9	9
r10            0xa	10
r11            0xb	11
r12            0xc	12
sp             0xbefff250	0xbefff250
lr             0x0	0
pc             0x100cc	0x100cc
cpsr           0x10	16
fpscr          0x0	0
=> 0x100cc:	cmp	r2, r2
0x000100d0 in ?? ()
r0             0x0	0
r1             0xffffffff	4294967295
r2             0x2	2
r3             0x2	2
r4             0x2	2
r5             0x5	5
r6             0x6	6
r7             0x7	7
r8             0x8	8
r9             0x9	9
r10            0xa	10
r11            0xb	11
r12            0xc	12
sp             0xbefff250	0xbefff250
lr             0x0	0
pc             0x100d0	0x100d0
cpsr           0x60000010	1610612752
fpscr          0x0	0
=> 0x100d0:	addeq	r5, r6, r7
0x000100d4 in ?? ()
r0             0x0	0
r1             0xffffffff	4294967295
r2             0x2	2
r3             0x2	2
r4             0x2	2
r5             0xd	13
r6             0x6	6
r7             0x7	7
r8             0x8	8
r9             0x9	9
r10            0xa	10
r11            0xb	11
r12            0xc	12
sp             0xbefff250	0xbefff250
lr             0x0	0
pc             0x100d4	0x100d4
cpsr           0x60000010	1610612752
fpscr          0x0	0
=> 0x100d4:	cmn	r3, r4
0x000100d8 in ?? ()
r0             0x0	0
r1             0xffffffff	4294967295
r2             0x2	2
r3             0x2	2
r4             0x2	2
r5             0xd	13
r6             0x6	6
r7             0x7	7
r8             0x8	8
r9             0x9	9
r10            0xa	10
r11            0xb	11
r12            0xc	12
sp             0xbefff250	0xbefff250
lr             0x0	0
pc             0x100d8	0x100d8
cpsr           0x10	16
fpscr          0x0	0
=> 0x100d8:	cmn	r1, r2
0x000100dc in ?? ()
r0             0x0	0
r1             0xffffffff	4294967295
r2             0x2	2
r3             0x2	2
r4             0x2	2
r5             0xd	13
r6             0x6	6
r7             0x7	7
r8             0x8	8
r9             0x9	9
r10            0xa	10
r11            0xb	11
r12            0xc	12
sp             0xbefff250	0xbefff250
lr             0x0	0
pc             0x100dc	0x100dc
cpsr           0x20000010	536870928
fpscr          0x0	0
=> 0x100dc:	sub	r2, r2, r2
0x000100e0 in ?? ()
r0             0x0	0
r1             0xffffffff	4294967295
r2             0x0	0
r3             0x2	2
r4             0x2	2
r5             0xd	13
r6             0x6	6
r7             0x7	7
r8             0x8	8
r9             0x9	9
r10            0xa	10
r11            0xb	11
r12            0xc	12
sp             0xbefff250	0xbefff250
lr             0x0	0
pc             0x100e0	0x100e0
cpsr           0x20000010	536870928
fpscr          0x0	0
=> 0x100e0:	tst	r2, r0
0x000100e4 in ?? ()
r0             0x0	0
r1             0xffffffff	4294967295
r2             0x0	0
r3             0x2	2
r4             0x2	2
r5             0xd	13
r6             0x6	6
r7             0x7	7
r8             0x8	8
r9             0x9	9
r10            0xa	10
r11            0xb	11
r12            0xc	12
sp             0xbefff250	0xbefff250
lr             0x0	0
pc             0x100e4	0x100e4
cpsr           0x60000010	1610612752
fpscr          0x0	0
=> 0x100e4:	tst	r11, r10
0x000100e8 in ?? ()
r0             0x0	0
r1             0xffffffff	4294967295
r2             0x0	0
r3             0x2	2
r4             0x2	2
r5             0xd	13
r6             0x6	6
r7             0x7	7
r8             0x8	8
r9             0x9	9
r10            0xa	10
r11            0xb	11
r12            0xc	12
sp             0xbefff250	0xbefff250
lr             0x0	0
pc             0x100e8	0x100e8
cpsr           0x20000010	536870928
fpscr          0x0	0
=> 0x100e8:	teq	r2, r0
0x000100ec in ?? ()
r0             0x0	0
r1             0xffffffff	4294967295
r2             0x0	0
r3             0x2	2
r4             0x2	2
r5             0xd	13
r6             0x6	6
r7             0x7	7
r8             0x8	8
r9             0x9	9
r10            0xa	10
r11            0xb	11
r12            0xc	12
sp             0xbefff250	0xbefff250
lr             0x0	0
pc             0x100ec	0x100ec
cpsr           0x60000010	1610612752
fpscr          0x0	0
=> 0x100ec:	teq	r3, r4
0x000100f0 in ?? ()
r0             0x0	0
r1             0xffffffff	4294967295
r2             0x0	0
r3             0x2	2
r4             0x2	2
r5             0xd	13
r6             0x6	6
r7             0x7	7
r8             0x8	8
r9             0x9	9
r10            0xa	10
r11            0xb	11
r12            0xc	12
sp             0xbefff250	0xbefff250
lr             0x0	0
pc             0x100f0	0x100f0
cpsr           0x60000010	1610612752
fpscr          0x0	0
=> 0x100f0:	teq	r7, r8
0x000100f4 in ?? ()
r0             0x0	0
r1             0xffffffff	4294967295
r2             0x0	0
r3             0x2	2
r4             0x2	2
r5             0xd	13
r6             0x6	6
r7             0x7	7
r8             0x8	8
r9             0x9	9
r10            0xa	10
r11            0xb	11
r12            0xc	12
sp             0xbefff250	0xbefff250
lr             0x0	0
pc             0x100f4	0x100f4
cpsr           0x20000010	536870928
fpscr          0x0	0
=> 0x100f4:	mov	r0, #0
0x000100f8 in ?? ()
r0             0x0	0
r1             0xffffffff	4294967295
r2             0x0	0
r3             0x2	2
r4             0x2	2
r5             0xd	13
r6             0x6	6
r7             0x7	7
r8             0x8	8
r9             0x9	9
r10            0xa	10
r11            0xb	11
r12            0xc	12
sp             0xbefff250	0xbefff250
lr             0x0	0
pc             0x100f8	0x100f8
cpsr           0x20000010	536870928
fpscr          0x0	0
=> 0x100f8:	mov	r0, #0
0x000100fc in ?? ()
r0             0x0	0
r1             0xffffffff	4294967295
r2             0x0	0
r3             0x2	2
r4             0x2	2
r5             0xd	13
r6             0x6	6
r7             0x7	7
r8             0x8	8
r9             0x9	9
r10            0xa	10
r11            0xb	11
r12            0xc	12
sp             0xbefff250	0xbefff250
lr             0x0	0
pc             0x100fc	0x100fc
cpsr           0x20000010	536870928
fpscr          0x0	0
=> 0x100fc:	mov	r0, #0
0x00010100 in ?? ()
r0             0x0	0
r1             0xffffffff	4294967295
r2             0x0	0
r3             0x2	2
r4             0x2	2
r5             0xd	13
r6             0x6	6
r7             0x7	7
r8             0x8	8
r9             0x9	9
r10            0xa	10
r11            0xb	11
r12            0xc	12
sp             0xbefff250	0xbefff250
lr             0x0	0
pc             0x10100	0x10100
cpsr           0x20000010	536870928
fpscr          0x0	0
=> 0x10100:	mov	r0, #0
0x00010104 in ?? ()
r0             0x0	0
r1             0xffffffff	4294967295
r2             0x0	0
r3             0x2	2
r4             0x2	2
r5             0xd	13
r6             0x6	6
r7             0x7	7
r8             0x8	8
r9             0x9	9
r10            0xa	10
r11            0xb	11
r12            0xc	12
sp             0xbefff250	0xbefff250
lr             0x0	0
pc             0x10104	0x10104
cpsr           0x20000010	536870928
fpscr          0x0	0
=> 0x10104:	mov	r0, #0
0x00010108 in ?? ()
r0             0x0	0
r1             0xffffffff	4294967295
r2             0x0	0
r3             0x2	2
r4             0x2	2
r5             0xd	13
r6             0x6	6
r7             0x7	7
r8             0x8	8
r9             0x9	9
r10            0xa	10
r11            0xb	11
r12            0xc	12
sp             0xbefff250	0xbefff250
lr             0x0	0
pc             0x10108	0x10108
cpsr           0x20000010	536870928
fpscr          0x0	0
=> 0x10108:	mov	r0, #0
0x0001010c in ?? ()
r0             0x0	0
r1             0xffffffff	4294967295
r2             0x0	0
r3             0x2	2
r4             0x2	2
r5             0xd	13
r6             0x6	6
r7             0x7	7
r8             0x8	8
r9             0x9	9
r10            0xa	10
r11            0xb	11
r12            0xc	12
sp             0xbefff250	0xbefff250
lr             0x0	0
pc             0x1010c	0x1010c
cpsr           0x20000010	536870928
fpscr          0x0	0
=> 0x1010c:	mov	r0, #0
0x00010110 in ?? ()
r0             0x0	0
r1             0xffffffff	4294967295
r2             0x0	0
r3             0x2	2
r4             0x2	2
r5             0xd	13
r6             0x6	6
r7             0x7	7
r8             0x8	8
r9             0x9	9
r10            0xa	10
r11            0xb	11
r12            0xc	12
sp             0xbefff250	0xbefff250
lr             0x0	0
pc             0x10110	0x10110
cpsr           0x20000010	536870928
fpscr          0x0	0
=> 0x10110:	mov	r0, #0
0x00010114 in ?? ()
r0             0x0	0
r1             0xffffffff	4294967295
r2             0x0	0
r3             0x2	2
r4             0x2	2
r5             0xd	13
r6             0x6	6
r7             0x7	7
r8             0x8	8
r9             0x9	9
r10            0xa	10
r11            0xb	11
r12            0xc	12
sp             0xbefff250	0xbefff250
lr             0x0	0
pc             0x10114	0x10114
cpsr           0x20000010	536870928
fpscr          0x0	0
=> 0x10114:	mov	r0, #0
0x00010118 in ?? ()
r0             0x0	0
r1             0xffffffff	4294967295
r2             0x0	0
r3             0x2	2
r4             0x2	2
r5             0xd	13
r6             0x6	6
r7             0x7	7
r8             0x8	8
r9             0x9	9
r10            0xa	10
r11            0xb	11
r12            0xc	12
sp             0xbefff250	0xbefff250
lr             0x0	0
pc             0x10118	0x10118
cpsr           0x20000010	536870928
fpscr          0x0	0
=> 0x10118:	mov	r0, #0
0x0001011c in ?? ()
r0             0x0	0
r1             0xffffffff	4294967295
r2             0x0	0
r3             0x2	2
r4             0x2	2
r5             0xd	13
r6             0x6	6
r7             0x7	7
r8             0x8	8
r9             0x9	9
r10            0xa	10
r11            0xb	11
r12            0xc	12
sp             0xbefff250	0xbefff250
lr             0x0	0
pc             0x1011c	0x1011c
cpsr           0x20000010	536870928
fpscr          0x0	0
=> 0x1011c:	mov	r0, #0
0x00010120 in ?? ()
r0             0x0	0
r1             0xffffffff	4294967295
r2             0x0	0
r3             0x2	2
r4             0x2	2
r5             0xd	13
r6             0x6	6
r7             0x7	7
r8             0x8	8
r9             0x9	9
r10            0xa	10
r11            0xb	11
r12            0xc	12
sp             0xbefff250	0xbefff250
lr             0x0	0
pc             0x10120	0x10120
cpsr           0x20000010	536870928
fpscr          0x0	0
=> 0x10120:	mov	r0, #0
0x00010124 in ?? ()
r0             0x0	0
r1             0xffffffff	4294967295
r2             0x0	0
r3             0x2	2
r4             0x2	2
r5             0xd	13
r6             0x6	6
r7             0x7	7
r8             0x8	8
r9             0x9	9
r10            0xa	10
r11            0xb	11
r12            0xc	12
sp             0xbefff250	0xbefff250
lr             0x0	0
pc             0x10124	0x10124
cpsr           0x20000010	536870928
fpscr          0x0	0
=> 0x10124:	mov	r0, #0
0x00010128 in ?? ()
r0             0x0	0
r1             0xffffffff	4294967295
r2             0x0	0
r3             0x2	2
r4             0x2	2
r5             0xd	13
r6             0x6	6
r7             0x7	7
r8             0x8	8
r9             0x9	9
r10            0xa	10
r11            0xb	11
r12            0xc	12
sp             0xbefff250	0xbefff250
lr             0x0	0
pc             0x10128	0x10128
cpsr           0x20000010	536870928
fpscr          0x0	0
=> 0x10128:	mov	r0, #0
0x0001012c in ?? ()
r0             0x0	0
r1             0xffffffff	4294967295
r2             0x0	0
r3             0x2	2
r4             0x2	2
r5             0xd	13
r6             0x6	6
r7             0x7	7
r8             0x8	8
r9             0x9	9
r10            0xa	10
r11            0xb	11
r12            0xc	12
sp             0xbefff250	0xbefff250
lr             0x0	0
pc             0x1012c	0x1012c
cpsr           0x20000010	536870928
fpscr          0x0	0
=> 0x1012c:	mov	r0, #0
0x00010130 in ?? ()
r0             0x0	0
r1             0xffffffff	4294967295
r2             0x0	0
r3             0x2	2
r4             0x2	2
r5             0xd	13
r6             0x6	6
r7             0x7	7
r8             0x8	8
r9             0x9	9
r10            0xa	10
r11            0xb	11
r12            0xc	12
sp             0xbefff250	0xbefff250
lr             0x0	0
pc             0x10130	0x10130
cpsr           0x20000010	536870928
fpscr          0x0	0
=> 0x10130:	mov	r0, #0
0x00010134 in ?? ()
r0             0x0	0
r1             0xffffffff	4294967295
r2             0x0	0
r3             0x2	2
r4             0x2	2
r5             0xd	13
r6             0x6	6
r7             0x7	7
r8             0x8	8
r9             0x9	9
r10            0xa	10
r11            0xb	11
r12            0xc	12
sp             0xbefff250	0xbefff250
lr             0x0	0
pc             0x10134	0x10134
cpsr           0x20000010	536870928
fpscr          0x0	0
=> 0x10134:	mov	r0, #0
0x00010138 in ?? ()
r0             0x0	0
r1             0xffffffff	4294967295
r2             0x0	0
r3             0x2	2
r4             0x2	2
r5             0xd	13
r6             0x6	6
r7             0x7	7
r8             0x8	8
r9             0x9	9
r10            0xa	10
r11            0xb	11
r12            0xc	12
sp             0xbefff250	0xbefff250
lr             0x0	0
pc             0x10138	0x10138
cpsr           0x20000010	536870928
fpscr          0x0	0
=> 0x10138:	mov	r0, #0
0x0001013c in ?? ()
r0             0x0	0
r1             0xffffffff	4294967295
r2             0x0	0
r3             0x2	2
r4             0x2	2
r5             0xd	13
r6             0x6	6
r7             0x7	7
r8             0x8	8
r9             0x9	9
r10            0xa	10
r11            0xb	11
r12            0xc	12
sp             0xbefff250	0xbefff250
lr             0x0	0
pc             0x1013c	0x1013c
cpsr           0x20000010	536870928
fpscr          0x0	0
=> 0x1013c:	mov	r0, #0
0x00010140 in ?? ()
r0             0x0	0
r1             0xffffffff	4294967295
r2             0x0	0
r3             0x2	2
r4             0x2	2
r5             0xd	13
r6             0x6	6
r7             0x7	7
r8             0x8	8
r9             0x9	9
r10            0xa	10
r11            0xb	11
r12            0xc	12
sp             0xbefff250	0xbefff250
lr             0x0	0
pc             0x10140	0x10140
cpsr           0x20000010	536870928
fpscr          0x0	0
=> 0x10140:	mov	r0, #0
0x00010144 in ?? ()
r0             0x0	0
r1             0xffffffff	4294967295
r2             0x0	0
r3             0x2	2
r4             0x2	2
r5             0xd	13
r6             0x6	6
r7             0x7	7
r8             0x8	8
r9             0x9	9
r10            0xa	10
r11            0xb	11
r12            0xc	12
sp             0xbefff250	0xbefff250
lr             0x0	0
pc             0x10144	0x10144
cpsr           0x20000010	536870928
fpscr          0x0	0
=> 0x10144:	mov	r0, #0
0x00010148 in ?? ()
r0             0x0	0
r1             0xffffffff	4294967295
r2             0x0	0
r3             0x2	2
r4             0x2	2
r5             0xd	13
r6             0x6	6
r7             0x7	7
r8             0x8	8
r9             0x9	9
r10            0xa	10
r11            0xb	11
r12            0xc	12
sp             0xbefff250	0xbefff250
lr             0x0	0
pc             0x10148	0x10148
cpsr           0x20000010	536870928
fpscr          0x0	0
=> 0x10148:	mov	r0, #0
0x0001014c in ?? ()
r0             0x0	0
r1             0xffffffff	4294967295
r2             0x0	0
r3             0x2	2
r4             0x2	2
r5             0xd	13
r6             0x6	6
r7             0x7	7
r8             0x8	8
r9             0x9	9
r10            0xa	10
r11            0xb	11
r12            0xc	12
sp             0xbefff250	0xbefff250
lr             0x0	0
pc             0x1014c	0x1014c
cpsr           0x20000010	536870928
fpscr          0x0	0
=> 0x1014c:	mov	r0, #0
0x00010150 in ?? ()
r0             0x0	0
r1             0xffffffff	4294967295
r2             0x0	0
r3             0x2	2
r4             0x2	2
r5             0xd	13
r6             0x6	6
r7             0x7	7
r8             0x8	8
r9             0x9	9
r10            0xa	10
r11            0xb	11
r12            0xc	12
sp             0xbefff250	0xbefff250
lr             0x0	0
pc             0x10150	0x10150
cpsr           0x20000010	536870928
fpscr          0x0	0
=> 0x10150:	mov	r0, #0
0x00010154 in ?? ()
r0             0x0	0
r1             0xffffffff	4294967295
r2             0x0	0
r3             0x2	2
r4             0x2	2
r5             0xd	13
r6             0x6	6
r7             0x7	7
r8             0x8	8
r9             0x9	9
r10            0xa	10
r11            0xb	11
r12            0xc	12
sp             0xbefff250	0xbefff250
lr             0x0	0
pc             0x10154	0x10154
cpsr           0x20000010	536870928
fpscr          0x0	0
=> 0x10154:	mov	r0, #0
0x00010158 in ?? ()
r0             0x0	0
r1             0xffffffff	4294967295
r2             0x0	0
r3             0x2	2
r4             0x2	2
r5             0xd	13
r6             0x6	6
r7             0x7	7
r8             0x8	8
r9             0x9	9
r10            0xa	10
r11            0xb	11
r12            0xc	12
sp             0xbefff250	0xbefff250
lr             0x0	0
pc             0x10158	0x10158
cpsr           0x20000010	536870928
fpscr          0x0	0
=> 0x10158:	mov	r0, #0
0x0001015c in ?? ()
r0             0x0	0
r1             0xffffffff	4294967295
r2             0x0	0
r3             0x2	2
r4             0x2	2
r5             0xd	13
r6             0x6	6
r7             0x7	7
r8             0x8	8
r9             0x9	9
r10            0xa	10
r11            0xb	11
r12            0xc	12
sp             0xbefff250	0xbefff250
lr             0x0	0
pc             0x1015c	0x1015c
cpsr           0x20000010	536870928
fpscr          0x0	0
=> 0x1015c:	mov	r0, #0
0x00010160 in ?? ()
r0             0x0	0
r1             0xffffffff	4294967295
r2             0x0	0
r3             0x2	2
r4             0x2	2
r5             0xd	13
r6             0x6	6
r7             0x7	7
r8             0x8	8
r9             0x9	9
r10            0xa	10
r11            0xb	11
r12            0xc	12
sp             0xbefff250	0xbefff250
lr             0x0	0
pc             0x10160	0x10160
cpsr           0x20000010	536870928
fpscr          0x0	0
=> 0x10160:	mov	r0, #0
0x00010164 in ?? ()
r0             0x0	0
r1             0xffffffff	4294967295
r2             0x0	0
r3             0x2	2
r4             0x2	2
r5             0xd	13
r6             0x6	6
r7             0x7	7
r8             0x8	8
r9             0x9	9
r10            0xa	10
r11            0xb	11
r12            0xc	12
sp             0xbefff250	0xbefff250
lr             0x0	0
pc             0x10164	0x10164
cpsr           0x20000010	536870928
fpscr          0x0	0
=> 0x10164:	mov	r0, #0
0x00010168 in ?? ()
r0             0x0	0
r1             0xffffffff	4294967295
r2             0x0	0
r3             0x2	2
r4             0x2	2
r5             0xd	13
r6             0x6	6
r7             0x7	7
r8             0x8	8
r9             0x9	9
r10            0xa	10
r11            0xb	11
r12            0xc	12
sp             0xbefff250	0xbefff250
lr             0x0	0
pc             0x10168	0x10168
cpsr           0x20000010	536870928
fpscr          0x0	0
=> 0x10168:	mov	r0, #0
0x0001016c in ?? ()
r0             0x0	0
r1             0xffffffff	4294967295
r2             0x0	0
r3             0x2	2
r4             0x2	2
r5             0xd	13
r6             0x6	6
r7             0x7	7
r8             0x8	8
r9             0x9	9
r10            0xa	10
r11            0xb	11
r12            0xc	12
sp             0xbefff250	0xbefff250
lr             0x0	0
pc             0x1016c	0x1016c
cpsr           0x20000010	536870928
fpscr          0x0	0
=> 0x1016c:	mov	r0, #0
0x00010170 in ?? ()
r0             0x0	0
r1             0xffffffff	4294967295
r2             0x0	0
r3             0x2	2
r4             0x2	2
r5             0xd	13
r6             0x6	6
r7             0x7	7
r8             0x8	8
r9             0x9	9
r10            0xa	10
r11            0xb	11
r12            0xc	12
sp             0xbefff250	0xbefff250
lr             0x0	0
pc             0x10170	0x10170
cpsr           0x20000010	536870928
fpscr          0x0	0
=> 0x10170:	mov	r0, #0
0x00010174 in ?? ()
r0             0x0	0
r1             0xffffffff	4294967295
r2             0x0	0
r3             0x2	2
r4             0x2	2
r5             0xd	13
r6             0x6	6
r7             0x7	7
r8             0x8	8
r9             0x9	9
r10            0xa	10
r11            0xb	11
r12            0xc	12
sp             0xbefff250	0xbefff250
lr             0x0	0
pc             0x10174	0x10174
cpsr           0x20000010	536870928
fpscr          0x0	0
=> 0x10174:	mov	r0, #0
0x00010178 in ?? ()
r0             0x0	0
r1             0xffffffff	4294967295
r2             0x0	0
r3             0x2	2
r4             0x2	2
r5             0xd	13
r6             0x6	6
r7             0x7	7
r8             0x8	8
r9             0x9	9
r10            0xa	10
r11            0xb	11
r12            0xc	12
sp             0xbefff250	0xbefff250
lr             0x0	0
pc             0x10178	0x10178
cpsr           0x20000010	536870928
fpscr          0x0	0
=> 0x10178:	mov	r0, #0
0x0001017c in ?? ()
r0             0x0	0
r1             0xffffffff	4294967295
r2             0x0	0
r3             0x2	2
r4             0x2	2
r5             0xd	13
r6             0x6	6
r7             0x7	7
r8             0x8	8
r9             0x9	9
r10            0xa	10
r11            0xb	11
r12            0xc	12
sp             0xbefff250	0xbefff250
lr             0x0	0
pc             0x1017c	0x1017c
cpsr           0x20000010	536870928
fpscr          0x0	0
=> 0x1017c:	mov	r0, #0
0x00010180 in ?? ()
r0             0x0	0
r1             0xffffffff	4294967295
r2             0x0	0
r3             0x2	2
r4             0x2	2
r5             0xd	13
r6             0x6	6
r7             0x7	7
r8             0x8	8
r9             0x9	9
r10            0xa	10
r11            0xb	11
r12            0xc	12
sp             0xbefff250	0xbefff250
lr             0x0	0
pc             0x10180	0x10180
cpsr           0x20000010	536870928
fpscr          0x0	0
=> 0x10180:	mov	r0, #0
0x00010184 in ?? ()
r0             0x0	0
r1             0xffffffff	4294967295
r2             0x0	0
r3             0x2	2
r4             0x2	2
r5             0xd	13
r6             0x6	6
r7             0x7	7
r8             0x8	8
r9             0x9	9
r10            0xa	10
r11            0xb	11
r12            0xc	12
sp             0xbefff250	0xbefff250
lr             0x0	0
pc             0x10184	0x10184
cpsr           0x20000010	536870928
fpscr          0x0	0
=> 0x10184:	mov	r0, #0
0x00010188 in ?? ()
r0             0x0	0
r1             0xffffffff	4294967295
r2             0x0	0
r3             0x2	2
r4             0x2	2
r5             0xd	13
r6             0x6	6
r7             0x7	7
r8             0x8	8
r9             0x9	9
r10            0xa	10
r11            0xb	11
r12            0xc	12
sp             0xbefff250	0xbefff250
lr             0x0	0
pc             0x10188	0x10188
cpsr           0x20000010	536870928
fpscr          0x0	0
=> 0x10188:	mov	r0, #0
0x0001018c in ?? ()
r0             0x0	0
r1             0xffffffff	4294967295
r2             0x0	0
r3             0x2	2
r4             0x2	2
r5             0xd	13
r6             0x6	6
r7             0x7	7
r8             0x8	8
r9             0x9	9
r10            0xa	10
r11            0xb	11
r12            0xc	12
sp             0xbefff250	0xbefff250
lr             0x0	0
pc             0x1018c	0x1018c
cpsr           0x20000010	536870928
fpscr          0x0	0
=> 0x1018c:	mov	r0, #0
0x00010190 in ?? ()
r0             0x0	0
r1             0xffffffff	4294967295
r2             0x0	0
r3             0x2	2
r4             0x2	2
r5             0xd	13
r6             0x6	6
r7             0x7	7
r8             0x8	8
r9             0x9	9
r10            0xa	10
r11            0xb	11
r12            0xc	12
sp             0xbefff250	0xbefff250
lr             0x0	0
pc             0x10190	0x10190
cpsr           0x20000010	536870928
fpscr          0x0	0
=> 0x10190:	mov	r0, #0
0x00010194 in ?? ()
r0             0x0	0
r1             0xffffffff	4294967295
r2             0x0	0
r3             0x2	2
r4             0x2	2
r5             0xd	13
r6             0x6	6
r7             0x7	7
r8             0x8	8
r9             0x9	9
r10            0xa	10
r11            0xb	11
r12            0xc	12
sp             0xbefff250	0xbefff250
lr             0x0	0
pc             0x10194	0x10194
cpsr           0x20000010	536870928
fpscr          0x0	0
=> 0x10194:	mov	r0, #0
0x00010198 in ?? ()
r0             0x0	0
r1             0xffffffff	4294967295
r2             0x0	0
r3             0x2	2
r4             0x2	2
r5             0xd	13
r6             0x6	6
r7             0x7	7
r8             0x8	8
r9             0x9	9
r10            0xa	10
r11            0xb	11
r12            0xc	12
sp             0xbefff250	0xbefff250
lr             0x0	0
pc             0x10198	0x10198
cpsr           0x20000010	536870928
fpscr          0x0	0
=> 0x10198:	mov	r0, #0
0x0001019c in ?? ()
r0             0x0	0
r1             0xffffffff	4294967295
r2             0x0	0
r3             0x2	2
r4             0x2	2
r5             0xd	13
r6             0x6	6
r7             0x7	7
r8             0x8	8
r9             0x9	9
r10            0xa	10
r11            0xb	11
r12            0xc	12
sp             0xbefff250	0xbefff250
lr             0x0	0
pc             0x1019c	0x1019c
cpsr           0x20000010	536870928
fpscr          0x0	0
=> 0x1019c:	mov	r0, #0
0x000101a0 in ?? ()
r0             0x0	0
r1             0xffffffff	4294967295
r2             0x0	0
r3             0x2	2
r4             0x2	2
r5             0xd	13
r6             0x6	6
r7             0x7	7
r8             0x8	8
r9             0x9	9
r10            0xa	10
r11            0xb	11
r12            0xc	12
sp             0xbefff250	0xbefff250
lr             0x0	0
pc             0x101a0	0x101a0
cpsr           0x20000010	536870928
fpscr          0x0	0
=> 0x101a0:	mov	r0, #0
0x000101a4 in ?? ()
r0             0x0	0
r1             0xffffffff	4294967295
r2             0x0	0
r3             0x2	2
r4             0x2	2
r5             0xd	13
r6             0x6	6
r7             0x7	7
r8             0x8	8
r9             0x9	9
r10            0xa	10
r11            0xb	11
r12            0xc	12
sp             0xbefff250	0xbefff250
lr             0x0	0
pc             0x101a4	0x101a4
cpsr           0x20000010	536870928
fpscr          0x0	0
=> 0x101a4:	mov	r0, #0
0x000101a8 in ?? ()
r0             0x0	0
r1             0xffffffff	4294967295
r2             0x0	0
r3             0x2	2
r4             0x2	2
r5             0xd	13
r6             0x6	6
r7             0x7	7
r8             0x8	8
r9             0x9	9
r10            0xa	10
r11            0xb	11
r12            0xc	12
sp             0xbefff250	0xbefff250
lr             0x0	0
pc             0x101a8	0x101a8
cpsr           0x20000010	536870928
fpscr          0x0	0
=> 0x101a8:	mov	r0, #0
0x000101ac in ?? ()
r0             0x0	0
r1             0xffffffff	4294967295
r2             0x0	0
r3             0x2	2
r4             0x2	2
r5             0xd	13
r6             0x6	6
r7             0x7	7
r8             0x8	8
r9             0x9	9
r10            0xa	10
r11            0xb	11
r12            0xc	12
sp             0xbefff250	0xbefff250
lr             0x0	0
pc             0x101ac	0x101ac
cpsr           0x20000010	536870928
fpscr          0x0	0
=> 0x101ac:	mov	r0, #0
0x000101b0 in ?? ()
r0             0x0	0
r1             0xffffffff	4294967295
r2             0x0	0
r3             0x2	2
r4             0x2	2
r5             0xd	13
r6             0x6	6
r7             0x7	7
r8             0x8	8
r9             0x9	9
r10            0xa	10
r11            0xb	11
r12            0xc	12
sp             0xbefff250	0xbefff250
lr             0x0	0
pc             0x101b0	0x101b0
cpsr           0x20000010	536870928
fpscr          0x0	0
=> 0x101b0:	mov	r0, #0
0x000101b4 in ?? ()
r0             0x0	0
r1             0xffffffff	4294967295
r2             0x0	0
r3             0x2	2
r4             0x2	2
r5             0xd	13
r6             0x6	6
r7             0x7	7
r8             0x8	8
r9             0x9	9
r10            0xa	10
r11            0xb	11
r12            0xc	12
sp             0xbefff250	0xbefff250
lr             0x0	0
pc             0x101b4	0x101b4
cpsr           0x20000010	536870928
fpscr          0x0	0
=> 0x101b4:	mov	r0, #0
0x000101b8 in ?? ()
r0             0x0	0
r1             0xffffffff	4294967295
r2             0x0	0
r3             0x2	2
r4             0x2	2
r5             0xd	13
r6             0x6	6
r7             0x7	7
r8             0x8	8
r9             0x9	9
r10            0xa	10
r11            0xb	11
r12            0xc	12
sp             0xbefff250	0xbefff250
lr             0x0	0
pc             0x101b8	0x101b8
cpsr           0x20000010	536870928
fpscr          0x0	0
=> 0x101b8:	mov	r0, #0
0x000101bc in ?? ()
r0             0x0	0
r1             0xffffffff	4294967295
r2             0x0	0
r3             0x2	2
r4             0x2	2
r5             0xd	13
r6             0x6	6
r7             0x7	7
r8             0x8	8
r9             0x9	9
r10            0xa	10
r11            0xb	11
r12            0xc	12
sp             0xbefff250	0xbefff250
lr             0x0	0
pc             0x101bc	0x101bc
cpsr           0x20000010	536870928
fpscr          0x0	0
=> 0x101bc:	mov	r0, #0
0x000101c0 in ?? ()
r0             0x0	0
r1             0xffffffff	4294967295
r2             0x0	0
r3             0x2	2
r4             0x2	2
r5             0xd	13
r6             0x6	6
r7             0x7	7
r8             0x8	8
r9             0x9	9
r10            0xa	10
r11            0xb	11
r12            0xc	12
sp             0xbefff250	0xbefff250
lr             0x0	0
pc             0x101c0	0x101c0
cpsr           0x20000010	536870928
fpscr          0x0	0
=> 0x101c0:	mov	r0, #0
0x000101c4 in ?? ()
r0             0x0	0
r1             0xffffffff	4294967295
r2             0x0	0
r3             0x2	2
r4             0x2	2
r5             0xd	13
r6             0x6	6
r7             0x7	7
r8             0x8	8
r9             0x9	9
r10            0xa	10
r11            0xb	11
r12            0xc	12
sp             0xbefff250	0xbefff250
lr             0x0	0
pc             0x101c4	0x101c4
cpsr           0x20000010	536870928
fpscr          0x0	0
=> 0x101c4:	mov	r0, #0
0x000101c8 in ?? ()
r0             0x0	0
r1             0xffffffff	4294967295
r2             0x0	0
r3             0x2	2
r4             0x2	2
r5             0xd	13
r6             0x6	6
r7             0x7	7
r8             0x8	8
r9             0x9	9
r10            0xa	10
r11            0xb	11
r12            0xc	12
sp             0xbefff250	0xbefff250
lr             0x0	0
pc             0x101c8	0x101c8
cpsr           0x20000010	536870928
fpscr          0x0	0
=> 0x101c8:	mov	r0, #0
0x000101cc in ?? ()
r0             0x0	0
r1             0xffffffff	4294967295
r2             0x0	0
r3             0x2	2
r4             0x2	2
r5             0xd	13
r6             0x6	6
r7             0x7	7
r8             0x8	8
r9             0x9	9
r10            0xa	10
r11            0xb	11
r12            0xc	12
sp             0xbefff250	0xbefff250
lr             0x0	0
pc             0x101cc	0x101cc
cpsr           0x20000010	536870928
fpscr          0x0	0
=> 0x101cc:	mov	r0, #0
0x000101d0 in ?? ()
r0             0x0	0
r1             0xffffffff	4294967295
r2             0x0	0
r3             0x2	2
r4             0x2	2
r5             0xd	13
r6             0x6	6
r7             0x7	7
r8             0x8	8
r9             0x9	9
r10            0xa	10
r11            0xb	11
r12            0xc	12
sp             0xbefff250	0xbefff250
lr             0x0	0
pc             0x101d0	0x101d0
cpsr           0x20000010	536870928
fpscr          0x0	0
=> 0x101d0:	mov	r0, #0
0x000101d4 in ?? ()
r0             0x0	0
r1             0xffffffff	4294967295
r2             0x0	0
r3             0x2	2
r4             0x2	2
r5             0xd	13
r6             0x6	6
r7             0x7	7
r8             0x8	8
r9             0x9	9
r10            0xa	10
r11            0xb	11
r12            0xc	12
sp             0xbefff250	0xbefff250
lr             0x0	0
pc             0x101d4	0x101d4
cpsr           0x20000010	536870928
fpscr          0x0	0
=> 0x101d4:	mov	r0, #0
0x000101d8 in ?? ()
r0             0x0	0
r1             0xffffffff	4294967295
r2             0x0	0
r3             0x2	2
r4             0x2	2
r5             0xd	13
r6             0x6	6
r7             0x7	7
r8             0x8	8
r9             0x9	9
r10            0xa	10
r11            0xb	11
r12            0xc	12
sp             0xbefff250	0xbefff250
lr             0x0	0
pc             0x101d8	0x101d8
cpsr           0x20000010	536870928
fpscr          0x0	0
=> 0x101d8:	mov	r0, #0
0x000101dc in ?? ()
r0             0x0	0
r1             0xffffffff	4294967295
r2             0x0	0
r3             0x2	2
r4             0x2	2
r5             0xd	13
r6             0x6	6
r7             0x7	7
r8             0x8	8
r9             0x9	9
r10            0xa	10
r11            0xb	11
r12            0xc	12
sp             0xbefff250	0xbefff250
lr             0x0	0
pc             0x101dc	0x101dc
cpsr           0x20000010	536870928
fpscr          0x0	0
=> 0x101dc:	mov	r0, #0
0x000101e0 in ?? ()
r0             0x0	0
r1             0xffffffff	4294967295
r2             0x0	0
r3             0x2	2
r4             0x2	2
r5             0xd	13
r6             0x6	6
r7             0x7	7
r8             0x8	8
r9             0x9	9
r10            0xa	10
r11            0xb	11
r12            0xc	12
sp             0xbefff250	0xbefff250
lr             0x0	0
pc             0x101e0	0x101e0
cpsr           0x20000010	536870928
fpscr          0x0	0
=> 0x101e0:	mov	r0, #0
0x000101e4 in ?? ()
r0             0x0	0
r1             0xffffffff	4294967295
r2             0x0	0
r3             0x2	2
r4             0x2	2
r5             0xd	13
r6             0x6	6
r7             0x7	7
r8             0x8	8
r9             0x9	9
r10            0xa	10
r11            0xb	11
r12            0xc	12
sp             0xbefff250	0xbefff250
lr             0x0	0
pc             0x101e4	0x101e4
cpsr           0x20000010	536870928
fpscr          0x0	0
=> 0x101e4:	mov	r0, #0
0x000101e8 in ?? ()
r0             0x0	0
r1             0xffffffff	4294967295
r2             0x0	0
r3             0x2	2
r4             0x2	2
r5             0xd	13
r6             0x6	6
r7             0x7	7
r8             0x8	8
r9             0x9	9
r10            0xa	10
r11            0xb	11
r12            0xc	12
sp             0xbefff250	0xbefff250
lr             0x0	0
pc             0x101e8	0x101e8
cpsr           0x20000010	536870928
fpscr          0x0	0
=> 0x101e8:	mov	r0, #0
0x000101ec in ?? ()
r0             0x0	0
r1             0xffffffff	4294967295
r2             0x0	0
r3             0x2	2
r4             0x2	2
r5             0xd	13
r6             0x6	6
r7             0x7	7
r8             0x8	8
r9             0x9	9
r10            0xa	10
r11            0xb	11
r12            0xc	12
sp             0xbefff250	0xbefff250
lr             0x0	0
pc             0x101ec	0x101ec
cpsr           0x20000010	536870928
fpscr          0x0	0
=> 0x101ec:	mov	r0, #0
0x000101f0 in ?? ()
r0             0x0	0
r1             0xffffffff	4294967295
r2             0x0	0
r3             0x2	2
r4             0x2	2
r5             0xd	13
r6             0x6	6
r7             0x7	7
r8             0x8	8
r9             0x9	9
r10            0xa	10
r11            0xb	11
r12            0xc	12
sp             0xbefff250	0xbefff250
lr             0x0	0
pc             0x101f0	0x101f0
cpsr           0x20000010	536870928
fpscr          0x0	0
=> 0x101f0:	mov	r0, #0
0x000101f4 in ?? ()
r0             0x0	0
r1             0xffffffff	4294967295
r2             0x0	0
r3             0x2	2
r4             0x2	2
r5             0xd	13
r6             0x6	6
r7             0x7	7
r8             0x8	8
r9             0x9	9
r10            0xa	10
r11            0xb	11
r12            0xc	12
sp             0xbefff250	0xbefff250
lr             0x0	0
pc             0x101f4	0x101f4
cpsr           0x20000010	536870928
fpscr          0x0	0
=> 0x101f4:	mov	r0, #0
0x000101f8 in ?? ()
r0             0x0	0
r1             0xffffffff	4294967295
r2             0x0	0
r3             0x2	2
r4             0x2	2
r5             0xd	13
r6             0x6	6
r7             0x7	7
r8             0x8	8
r9             0x9	9
r10            0xa	10
r11            0xb	11
r12            0xc	12
sp             0xbefff250	0xbefff250
lr             0x0	0
pc             0x101f8	0x101f8
cpsr           0x20000010	536870928
fpscr          0x0	0
=> 0x101f8:	mov	r0, #0
0x000101fc in ?? ()
r0             0x0	0
r1             0xffffffff	4294967295
r2             0x0	0
r3             0x2	2
r4             0x2	2
r5             0xd	13
r6             0x6	6
r7             0x7	7
r8             0x8	8
r9             0x9	9
r10            0xa	10
r11            0xb	11
r12            0xc	12
sp             0xbefff250	0xbefff250
lr             0x0	0
pc             0x101fc	0x101fc
cpsr           0x20000010	536870928
fpscr          0x0	0
=> 0x101fc:	mov	r0, #0
0x00010200 in ?? ()
r0             0x0	0
r1             0xffffffff	4294967295
r2             0x0	0
r3             0x2	2
r4             0x2	2
r5             0xd	13
r6             0x6	6
r7             0x7	7
r8             0x8	8
r9             0x9	9
r10            0xa	10
r11            0xb	11
r12            0xc	12
sp             0xbefff250	0xbefff250
lr             0x0	0
pc             0x10200	0x10200
cpsr           0x20000010	536870928
fpscr          0x0	0
=> 0x10200:	mov	r0, #0
0x00010204 in ?? ()
r0             0x0	0
r1             0xffffffff	4294967295
r2             0x0	0
r3             0x2	2
r4             0x2	2
r5             0xd	13
r6             0x6	6
r7             0x7	7
r8             0x8	8
r9             0x9	9
r10            0xa	10
r11            0xb	11
r12            0xc	12
sp             0xbefff250	0xbefff250
lr             0x0	0
pc             0x10204	0x10204
cpsr           0x20000010	536870928
fpscr          0x0	0
=> 0x10204:	mov	r0, #0
0x00010208 in ?? ()
r0             0x0	0
r1             0xffffffff	4294967295
r2             0x0	0
r3             0x2	2
r4             0x2	2
r5             0xd	13
r6             0x6	6
r7             0x7	7
r8             0x8	8
r9             0x9	9
r10            0xa	10
r11            0xb	11
r12            0xc	12
sp             0xbefff250	0xbefff250
lr             0x0	0
pc             0x10208	0x10208
cpsr           0x20000010	536870928
fpscr          0x0	0
=> 0x10208:	mov	r0, #0
0x0001020c in ?? ()
r0             0x0	0
r1             0xffffffff	4294967295
r2             0x0	0
r3             0x2	2
r4             0x2	2
r5             0xd	13
r6             0x6	6
r7             0x7	7
r8             0x8	8
r9             0x9	9
r10            0xa	10
r11            0xb	11
r12            0xc	12
sp             0xbefff250	0xbefff250
lr             0x0	0
pc             0x1020c	0x1020c
cpsr           0x20000010	536870928
fpscr          0x0	0
=> 0x1020c:	mov	r0, #0
0x00010210 in ?? ()
r0             0x0	0
r1             0xffffffff	4294967295
r2             0x0	0
r3             0x2	2
r4             0x2	2
r5             0xd	13
r6             0x6	6
r7             0x7	7
r8             0x8	8
r9             0x9	9
r10            0xa	10
r11            0xb	11
r12            0xc	12
sp             0xbefff250	0xbefff250
lr             0x0	0
pc             0x10210	0x10210
cpsr           0x20000010	536870928
fpscr          0x0	0
=> 0x10210:	mov	r0, #0
0x00010214 in ?? ()
r0             0x0	0
r1             0xffffffff	4294967295
r2             0x0	0
r3             0x2	2
r4             0x2	2
r5             0xd	13
r6             0x6	6
r7             0x7	7
r8             0x8	8
r9             0x9	9
r10            0xa	10
r11            0xb	11
r12            0xc	12
sp             0xbefff250	0xbefff250
lr             0x0	0
pc             0x10214	0x10214
cpsr           0x20000010	536870928
fpscr          0x0	0
=> 0x10214:	mov	r0, #0
0x00010218 in ?? ()
r0             0x0	0
r1             0xffffffff	4294967295
r2             0x0	0
r3             0x2	2
r4             0x2	2
r5             0xd	13
r6             0x6	6
r7             0x7	7
r8             0x8	8
r9             0x9	9
r10            0xa	10
r11            0xb	11
r12            0xc	12
sp             0xbefff250	0xbefff250
lr             0x0	0
pc             0x10218	0x10218
cpsr           0x20000010	536870928
fpscr          0x0	0
=> 0x10218:	mov	r0, #0
0x0001021c in ?? ()
r0             0x0	0
r1             0xffffffff	4294967295
r2             0x0	0
r3             0x2	2
r4             0x2	2
r5             0xd	13
r6             0x6	6
r7             0x7	7
r8             0x8	8
r9             0x9	9
r10            0xa	10
r11            0xb	11
r12            0xc	12
sp             0xbefff250	0xbefff250
lr             0x0	0
pc             0x1021c	0x1021c
cpsr           0x20000010	536870928
fpscr          0x0	0
=> 0x1021c:	mov	r0, #0
0x00010220 in ?? ()
r0             0x0	0
r1             0xffffffff	4294967295
r2             0x0	0
r3             0x2	2
r4             0x2	2
r5             0xd	13
r6             0x6	6
r7             0x7	7
r8             0x8	8
r9             0x9	9
r10            0xa	10
r11            0xb	11
r12            0xc	12
sp             0xbefff250	0xbefff250
lr             0x0	0
pc             0x10220	0x10220
cpsr           0x20000010	536870928
fpscr          0x0	0
=> 0x10220:	mov	r0, #0
0x00010224 in ?? ()
r0             0x0	0
r1             0xffffffff	4294967295
r2             0x0	0
r3             0x2	2
r4             0x2	2
r5             0xd	13
r6             0x6	6
r7             0x7	7
r8             0x8	8
r9             0x9	9
r10            0xa	10
r11            0xb	11
r12            0xc	12
sp             0xbefff250	0xbefff250
lr             0x0	0
pc             0x10224	0x10224
cpsr           0x20000010	536870928
fpscr          0x0	0
=> 0x10224:	mov	r0, #0
0x00010228 in ?? ()
r0             0x0	0
r1             0xffffffff	4294967295
r2             0x0	0
r3             0x2	2
r4             0x2	2
r5             0xd	13
r6             0x6	6
r7             0x7	7
r8             0x8	8
r9             0x9	9
r10            0xa	10
r11            0xb	11
r12            0xc	12
sp             0xbefff250	0xbefff250
lr             0x0	0
pc             0x10228	0x10228
cpsr           0x20000010	536870928
fpscr          0x0	0
=> 0x10228:	mov	r0, #0
0x0001022c in ?? ()
r0             0x0	0
r1             0xffffffff	4294967295
r2             0x0	0
r3             0x2	2
r4             0x2	2
r5             0xd	13
r6             0x6	6
r7             0x7	7
r8             0x8	8
r9             0x9	9
r10            0xa	10
r11            0xb	11
r12            0xc	12
sp             0xbefff250	0xbefff250
lr             0x0	0
pc             0x1022c	0x1022c
cpsr           0x20000010	536870928
fpscr          0x0	0
=> 0x1022c:	mov	r0, #0
0x00010230 in ?? ()
r0             0x0	0
r1             0xffffffff	4294967295
r2             0x0	0
r3             0x2	2
r4             0x2	2
r5             0xd	13
r6             0x6	6
r7             0x7	7
r8             0x8	8
r9             0x9	9
r10            0xa	10
r11            0xb	11
r12            0xc	12
sp             0xbefff250	0xbefff250
lr             0x0	0
pc             0x10230	0x10230
cpsr           0x20000010	536870928
fpscr          0x0	0
=> 0x10230:	mov	r0, #0
0x00010234 in ?? ()
r0             0x0	0
r1             0xffffffff	4294967295
r2             0x0	0
r3             0x2	2
r4             0x2	2
r5             0xd	13
r6             0x6	6
r7             0x7	7
r8             0x8	8
r9             0x9	9
r10            0xa	10
r11            0xb	11
r12            0xc	12
sp             0xbefff250	0xbefff250
lr             0x0	0
pc             0x10234	0x10234
cpsr           0x20000010	536870928
fpscr          0x0	0
=> 0x10234:	mov	r0, #0
0x00010238 in ?? ()
r0             0x0	0
r1             0xffffffff	4294967295
r2             0x0	0
r3             0x2	2
r4             0x2	2
r5             0xd	13
r6             0x6	6
r7             0x7	7
r8             0x8	8
r9             0x9	9
r10            0xa	10
r11            0xb	11
r12            0xc	12
sp             0xbefff250	0xbefff250
lr             0x0	0
pc             0x10238	0x10238
cpsr           0x20000010	536870928
fpscr          0x0	0
=> 0x10238:	mov	r0, #0
0x0001023c in ?? ()
r0             0x0	0
r1             0xffffffff	4294967295
r2             0x0	0
r3             0x2	2
r4             0x2	2
r5             0xd	13
r6             0x6	6
r7             0x7	7
r8             0x8	8
r9             0x9	9
r10            0xa	10
r11            0xb	11
r12            0xc	12
sp             0xbefff250	0xbefff250
lr             0x0	0
pc             0x1023c	0x1023c
cpsr           0x20000010	536870928
fpscr          0x0	0
=> 0x1023c:	mov	r0, #0
0x00010240 in ?? ()
r0             0x0	0
r1             0xffffffff	4294967295
r2             0x0	0
r3             0x2	2
r4             0x2	2
r5             0xd	13
r6             0x6	6
r7             0x7	7
r8             0x8	8
r9             0x9	9
r10            0xa	10
r11            0xb	11
r12            0xc	12
sp             0xbefff250	0xbefff250
lr             0x0	0
pc             0x10240	0x10240
cpsr           0x20000010	536870928
fpscr          0x0	0
=> 0x10240:	mov	r0, #0
0x00010244 in ?? ()
r0             0x0	0
r1             0xffffffff	4294967295
r2             0x0	0
r3             0x2	2
r4             0x2	2
r5             0xd	13
r6             0x6	6
r7             0x7	7
r8             0x8	8
r9             0x9	9
r10            0xa	10
r11            0xb	11
r12            0xc	12
sp             0xbefff250	0xbefff250
lr             0x0	0
pc             0x10244	0x10244
cpsr           0x20000010	536870928
fpscr          0x0	0
=> 0x10244:	mov	r0, #0
0x00010248 in ?? ()
r0             0x0	0
r1             0xffffffff	4294967295
r2             0x0	0
r3             0x2	2
r4             0x2	2
r5             0xd	13
r6             0x6	6
r7             0x7	7
r8             0x8	8
r9             0x9	9
r10            0xa	10
r11            0xb	11
r12            0xc	12
sp             0xbefff250	0xbefff250
lr             0x0	0
pc             0x10248	0x10248
cpsr           0x20000010	536870928
fpscr          0x0	0
=> 0x10248:	mov	r0, #0
0x0001024c in ?? ()
r0             0x0	0
r1             0xffffffff	4294967295
r2             0x0	0
r3             0x2	2
r4             0x2	2
r5             0xd	13
r6             0x6	6
r7             0x7	7
r8             0x8	8
r9             0x9	9
r10            0xa	10
r11            0xb	11
r12            0xc	12
sp             0xbefff250	0xbefff250
lr             0x0	0
pc             0x1024c	0x1024c
cpsr           0x20000010	536870928
fpscr          0x0	0
=> 0x1024c:	mov	r0, #0
0x00010250 in ?? ()
r0             0x0	0
r1             0xffffffff	4294967295
r2             0x0	0
r3             0x2	2
r4             0x2	2
r5             0xd	13
r6             0x6	6
r7             0x7	7
r8             0x8	8
r9             0x9	9
r10            0xa	10
r11            0xb	11
r12            0xc	12
sp             0xbefff250	0xbefff250
lr             0x0	0
pc             0x10250	0x10250
cpsr           0x20000010	536870928
fpscr          0x0	0
=> 0x10250:	mov	r0, #0
0x00010254 in ?? ()
r0             0x0	0
r1             0xffffffff	4294967295
r2             0x0	0
r3             0x2	2
r4             0x2	2
r5             0xd	13
r6             0x6	6
r7             0x7	7
r8             0x8	8
r9             0x9	9
r10            0xa	10
r11            0xb	11
r12            0xc	12
sp             0xbefff250	0xbefff250
lr             0x0	0
pc             0x10254	0x10254
cpsr           0x20000010	536870928
fpscr          0x0	0
=> 0x10254:	mov	r0, #0
0x00010258 in ?? ()
r0             0x0	0
r1             0xffffffff	4294967295
r2             0x0	0
r3             0x2	2
r4             0x2	2
r5             0xd	13
r6             0x6	6
r7             0x7	7
r8             0x8	8
r9             0x9	9
r10            0xa	10
r11            0xb	11
r12            0xc	12
sp             0xbefff250	0xbefff250
lr             0x0	0
pc             0x10258	0x10258
cpsr           0x20000010	536870928
fpscr          0x0	0
=> 0x10258:	mov	r0, #0
0x0001025c in ?? ()
r0             0x0	0
r1             0xffffffff	4294967295
r2             0x0	0
r3             0x2	2
r4             0x2	2
r5             0xd	13
r6             0x6	6
r7             0x7	7
r8             0x8	8
r9             0x9	9
r10            0xa	10
r11            0xb	11
r12            0xc	12
sp             0xbefff250	0xbefff250
lr             0x0	0
pc             0x1025c	0x1025c
cpsr           0x20000010	536870928
fpscr          0x0	0
=> 0x1025c:	mov	r0, #0
0x00010260 in ?? ()
r0             0x0	0
r1             0xffffffff	4294967295
r2             0x0	0
r3             0x2	2
r4             0x2	2
r5             0xd	13
r6             0x6	6
r7             0x7	7
r8             0x8	8
r9             0x9	9
r10            0xa	10
r11            0xb	11
r12            0xc	12
sp             0xbefff250	0xbefff250
lr             0x0	0
pc             0x10260	0x10260
cpsr           0x20000010	536870928
fpscr          0x0	0
=> 0x10260:	mov	r0, #0
0x00010264 in ?? ()
r0             0x0	0
r1             0xffffffff	4294967295
r2             0x0	0
r3             0x2	2
r4             0x2	2
r5             0xd	13
r6             0x6	6
r7             0x7	7
r8             0x8	8
r9             0x9	9
r10            0xa	10
r11            0xb	11
r12            0xc	12
sp             0xbefff250	0xbefff250
lr             0x0	0
pc             0x10264	0x10264
cpsr           0x20000010	536870928
fpscr          0x0	0
=> 0x10264:	mov	r0, #0
0x00010268 in ?? ()
r0             0x0	0
r1             0xffffffff	4294967295
r2             0x0	0
r3             0x2	2
r4             0x2	2
r5             0xd	13
r6             0x6	6
r7             0x7	7
r8             0x8	8
r9             0x9	9
r10            0xa	10
r11            0xb	11
r12            0xc	12
sp             0xbefff250	0xbefff250
lr             0x0	0
pc             0x10268	0x10268
cpsr           0x20000010	536870928
fpscr          0x0	0
=> 0x10268:	mov	r0, #0
0x0001026c in ?? ()
r0             0x0	0
r1             0xffffffff	4294967295
r2             0x0	0
r3             0x2	2
r4             0x2	2
r5             0xd	13
r6             0x6	6
r7             0x7	7
r8             0x8	8
r9             0x9	9
r10            0xa	10
r11            0xb	11
r12            0xc	12
sp             0xbefff250	0xbefff250
lr             0x0	0
pc             0x1026c	0x1026c
cpsr           0x20000010	536870928
fpscr          0x0	0
=> 0x1026c:	mov	r0, #0
0x00010270 in ?? ()
r0             0x0	0
r1             0xffffffff	4294967295
r2             0x0	0
r3             0x2	2
r4             0x2	2
r5             0xd	13
r6             0x6	6
r7             0x7	7
r8             0x8	8
r9             0x9	9
r10            0xa	10
r11            0xb	11
r12            0xc	12
sp             0xbefff250	0xbefff250
lr             0x0	0
pc             0x10270	0x10270
cpsr           0x20000010	536870928
fpscr          0x0	0
=> 0x10270:	mov	r0, #0
0x00010274 in ?? ()
r0             0x0	0
r1             0xffffffff	4294967295
r2             0x0	0
r3             0x2	2
r4             0x2	2
r5             0xd	13
r6             0x6	6
r7             0x7	7
r8             0x8	8
r9             0x9	9
r10            0xa	10
r11            0xb	11
r12            0xc	12
sp             0xbefff250	0xbefff250
lr             0x0	0
pc             0x10274	0x10274
cpsr           0x20000010	536870928
fpscr          0x0	0
=> 0x10274:	mov	r0, #0
0x00010278 in ?? ()
r0             0x0	0
r1             0xffffffff	4294967295
r2             0x0	0
r3             0x2	2
r4             0x2	2
r5             0xd	13
r6             0x6	6
r7             0x7	7
r8             0x8	8
r9             0x9	9
r10            0xa	10
r11            0xb	11
r12            0xc	12
sp             0xbefff250	0xbefff250
lr             0x0	0
pc             0x10278	0x10278
cpsr           0x20000010	536870928
fpscr          0x0	0
=> 0x10278:	mov	r0, #0
0x0001027c in ?? ()
r0             0x0	0
r1             0xffffffff	4294967295
r2             0x0	0
r3             0x2	2
r4             0x2	2
r5             0xd	13
r6             0x6	6
r7             0x7	7
r8             0x8	8
r9             0x9	9
r10            0xa	10
r11            0xb	11
r12            0xc	12
sp             0xbefff250	0xbefff250
lr             0x0	0
pc             0x1027c	0x1027c
cpsr           0x20000010	536870928
fpscr          0x0	0
=> 0x1027c:	mov	r0, #0
0x00010280 in ?? ()
r0             0x0	0
r1             0xffffffff	4294967295
r2             0x0	0
r3             0x2	2
r4             0x2	2
r5             0xd	13
r6             0x6	6
r7             0x7	7
r8             0x8	8
r9             0x9	9
r10            0xa	10
r11            0xb	11
r12            0xc	12
sp             0xbefff250	0xbefff250
lr             0x0	0
pc             0x10280	0x10280
cpsr           0x20000010	536870928
fpscr          0x0	0
=> 0x10280:	mov	r0, #0
0x00010284 in ?? ()
r0             0x0	0
r1             0xffffffff	4294967295
r2             0x0	0
r3             0x2	2
r4             0x2	2
r5             0xd	13
r6             0x6	6
r7             0x7	7
r8             0x8	8
r9             0x9	9
r10            0xa	10
r11            0xb	11
r12            0xc	12
sp             0xbefff250	0xbefff250
lr             0x0	0
pc             0x10284	0x10284
cpsr           0x20000010	536870928
fpscr          0x0	0
=> 0x10284:	mov	r0, #0
0x00010288 in ?? ()
r0             0x0	0
r1             0xffffffff	4294967295
r2             0x0	0
r3             0x2	2
r4             0x2	2
r5             0xd	13
r6             0x6	6
r7             0x7	7
r8             0x8	8
r9             0x9	9
r10            0xa	10
r11            0xb	11
r12            0xc	12
sp             0xbefff250	0xbefff250
lr             0x0	0
pc             0x10288	0x10288
cpsr           0x20000010	536870928
fpscr          0x0	0
=> 0x10288:	mov	r0, #0
0x0001028c in ?? ()
r0             0x0	0
r1             0xffffffff	4294967295
r2             0x0	0
r3             0x2	2
r4             0x2	2
r5             0xd	13
r6             0x6	6
r7             0x7	7
r8             0x8	8
r9             0x9	9
r10            0xa	10
r11            0xb	11
r12            0xc	12
sp             0xbefff250	0xbefff250
lr             0x0	0
pc             0x1028c	0x1028c
cpsr           0x20000010	536870928
fpscr          0x0	0
=> 0x1028c:	mov	r0, #0
0x00010290 in ?? ()
r0             0x0	0
r1             0xffffffff	4294967295
r2             0x0	0
r3             0x2	2
r4             0x2	2
r5             0xd	13
r6             0x6	6
r7             0x7	7
r8             0x8	8
r9             0x9	9
r10            0xa	10
r11            0xb	11
r12            0xc	12
sp             0xbefff250	0xbefff250
lr             0x0	0
pc             0x10290	0x10290
cpsr           0x20000010	536870928
fpscr          0x0	0
=> 0x10290:	mov	r0, #0
0x00010294 in ?? ()
r0             0x0	0
r1             0xffffffff	4294967295
r2             0x0	0
r3             0x2	2
r4             0x2	2
r5             0xd	13
r6             0x6	6
r7             0x7	7
r8             0x8	8
r9             0x9	9
r10            0xa	10
r11            0xb	11
r12            0xc	12
sp             0xbefff250	0xbefff250
lr             0x0	0
pc             0x10294	0x10294
cpsr           0x20000010	536870928
fpscr          0x0	0
=> 0x10294:	mov	r0, #0
0x00010298 in ?? ()
r0             0x0	0
r1             0xffffffff	4294967295
r2             0x0	0
r3             0x2	2
r4             0x2	2
r5             0xd	13
r6             0x6	6
r7             0x7	7
r8             0x8	8
r9             0x9	9
r10            0xa	10
r11            0xb	11
r12            0xc	12
sp             0xbefff250	0xbefff250
lr             0x0	0
pc             0x10298	0x10298
cpsr           0x20000010	536870928
fpscr          0x0	0
=> 0x10298:	mov	r0, #0
0x0001029c in ?? ()
r0             0x0	0
r1             0xffffffff	4294967295
r2             0x0	0
r3             0x2	2
r4             0x2	2
r5             0xd	13
r6             0x6	6
r7             0x7	7
r8             0x8	8
r9             0x9	9
r10            0xa	10
r11            0xb	11
r12            0xc	12
sp             0xbefff250	0xbefff250
lr             0x0	0
pc             0x1029c	0x1029c
cpsr           0x20000010	536870928
fpscr          0x0	0
=> 0x1029c:	mov	r0, #0
0x000102a0 in ?? ()
r0             0x0	0
r1             0xffffffff	4294967295
r2             0x0	0
r3             0x2	2
r4             0x2	2
r5             0xd	13
r6             0x6	6
r7             0x7	7
r8             0x8	8
r9             0x9	9
r10            0xa	10
r11            0xb	11
r12            0xc	12
sp             0xbefff250	0xbefff250
lr             0x0	0
pc             0x102a0	0x102a0
cpsr           0x20000010	536870928
fpscr          0x0	0
=> 0x102a0:	mov	r0, #0
0x000102a4 in ?? ()
r0             0x0	0
r1             0xffffffff	4294967295
r2             0x0	0
r3             0x2	2
r4             0x2	2
r5             0xd	13
r6             0x6	6
r7             0x7	7
r8             0x8	8
r9             0x9	9
r10            0xa	10
r11            0xb	11
r12            0xc	12
sp             0xbefff250	0xbefff250
lr             0x0	0
pc             0x102a4	0x102a4
cpsr           0x20000010	536870928
fpscr          0x0	0
=> 0x102a4:	mov	r0, #0
0x000102a8 in ?? ()
r0             0x0	0
r1             0xffffffff	4294967295
r2             0x0	0
r3             0x2	2
r4             0x2	2
r5             0xd	13
r6             0x6	6
r7             0x7	7
r8             0x8	8
r9             0x9	9
r10            0xa	10
r11            0xb	11
r12            0xc	12
sp             0xbefff250	0xbefff250
lr             0x0	0
pc             0x102a8	0x102a8
cpsr           0x20000010	536870928
fpscr          0x0	0
=> 0x102a8:	mov	r0, #0
0x000102ac in ?? ()
r0             0x0	0
r1             0xffffffff	4294967295
r2             0x0	0
r3             0x2	2
r4             0x2	2
r5             0xd	13
r6             0x6	6
r7             0x7	7
r8             0x8	8
r9             0x9	9
r10            0xa	10
r11            0xb	11
r12            0xc	12
sp             0xbefff250	0xbefff250
lr             0x0	0
pc             0x102ac	0x102ac
cpsr           0x20000010	536870928
fpscr          0x0	0
=> 0x102ac:	mov	r0, #0
0x000102b0 in ?? ()
r0             0x0	0
r1             0xffffffff	4294967295
r2             0x0	0
r3             0x2	2
r4             0x2	2
r5             0xd	13
r6             0x6	6
r7             0x7	7
r8             0x8	8
r9             0x9	9
r10            0xa	10
r11            0xb	11
r12            0xc	12
sp             0xbefff250	0xbefff250
lr             0x0	0
pc             0x102b0	0x102b0
cpsr           0x20000010	536870928
fpscr          0x0	0
=> 0x102b0:	mov	r0, #0
0x000102b4 in ?? ()
r0             0x0	0
r1             0xffffffff	4294967295
r2             0x0	0
r3             0x2	2
r4             0x2	2
r5             0xd	13
r6             0x6	6
r7             0x7	7
r8             0x8	8
r9             0x9	9
r10            0xa	10
r11            0xb	11
r12            0xc	12
sp             0xbefff250	0xbefff250
lr             0x0	0
pc             0x102b4	0x102b4
cpsr           0x20000010	536870928
fpscr          0x0	0
=> 0x102b4:	mov	r0, #0
0x000102b8 in ?? ()
r0             0x0	0
r1             0xffffffff	4294967295
r2             0x0	0
r3             0x2	2
r4             0x2	2
r5             0xd	13
r6             0x6	6
r7             0x7	7
r8             0x8	8
r9             0x9	9
r10            0xa	10
r11            0xb	11
r12            0xc	12
sp             0xbefff250	0xbefff250
lr             0x0	0
pc             0x102b8	0x102b8
cpsr           0x20000010	536870928
fpscr          0x0	0
=> 0x102b8:	mov	r0, #0
0x000102bc in ?? ()
r0             0x0	0
r1             0xffffffff	4294967295
r2             0x0	0
r3             0x2	2
r4             0x2	2
r5             0xd	13
r6             0x6	6
r7             0x7	7
r8             0x8	8
r9             0x9	9
r10            0xa	10
r11            0xb	11
r12            0xc	12
sp             0xbefff250	0xbefff250
lr             0x0	0
pc             0x102bc	0x102bc
cpsr           0x20000010	536870928
fpscr          0x0	0
=> 0x102bc:	mov	r0, #0
0x000102c0 in ?? ()
r0             0x0	0
r1             0xffffffff	4294967295
r2             0x0	0
r3             0x2	2
r4             0x2	2
r5             0xd	13
r6             0x6	6
r7             0x7	7
r8             0x8	8
r9             0x9	9
r10            0xa	10
r11            0xb	11
r12            0xc	12
sp             0xbefff250	0xbefff250
lr             0x0	0
pc             0x102c0	0x102c0
cpsr           0x20000010	536870928
fpscr          0x0	0
=> 0x102c0:	mov	r0, #0
0x000102c4 in ?? ()
r0             0x0	0
r1             0xffffffff	4294967295
r2             0x0	0
r3             0x2	2
r4             0x2	2
r5             0xd	13
r6             0x6	6
r7             0x7	7
r8             0x8	8
r9             0x9	9
r10            0xa	10
r11            0xb	11
r12            0xc	12
sp             0xbefff250	0xbefff250
lr             0x0	0
pc             0x102c4	0x102c4
cpsr           0x20000010	536870928
fpscr          0x0	0
=> 0x102c4:	mov	r0, #0
0x000102c8 in ?? ()
r0             0x0	0
r1             0xffffffff	4294967295
r2             0x0	0
r3             0x2	2
r4             0x2	2
r5             0xd	13
r6             0x6	6
r7             0x7	7
r8             0x8	8
r9             0x9	9
r10            0xa	10
r11            0xb	11
r12            0xc	12
sp             0xbefff250	0xbefff250
lr             0x0	0
pc             0x102c8	0x102c8
cpsr           0x20000010	536870928
fpscr          0x0	0
=> 0x102c8:	mov	r0, #0
0x000102cc in ?? ()
r0             0x0	0
r1             0xffffffff	4294967295
r2             0x0	0
r3             0x2	2
r4             0x2	2
r5             0xd	13
r6             0x6	6
r7             0x7	7
r8             0x8	8
r9             0x9	9
r10            0xa	10
r11            0xb	11
r12            0xc	12
sp             0xbefff250	0xbefff250
lr             0x0	0
pc             0x102cc	0x102cc
cpsr           0x20000010	536870928
fpscr          0x0	0
=> 0x102cc:	mov	r0, #0
0x000102d0 in ?? ()
r0             0x0	0
r1             0xffffffff	4294967295
r2             0x0	0
r3             0x2	2
r4             0x2	2
r5             0xd	13
r6             0x6	6
r7             0x7	7
r8             0x8	8
r9             0x9	9
r10            0xa	10
r11            0xb	11
r12            0xc	12
sp             0xbefff250	0xbefff250
lr             0x0	0
pc             0x102d0	0x102d0
cpsr           0x20000010	536870928
fpscr          0x0	0
=> 0x102d0:	mov	r0, #0
0x000102d4 in ?? ()
r0             0x0	0
r1             0xffffffff	4294967295
r2             0x0	0
r3             0x2	2
r4             0x2	2
r5             0xd	13
r6             0x6	6
r7             0x7	7
r8             0x8	8
r9             0x9	9
r10            0xa	10
r11            0xb	11
r12            0xc	12
sp             0xbefff250	0xbefff250
lr             0x0	0
pc             0x102d4	0x102d4
cpsr           0x20000010	536870928
fpscr          0x0	0
=> 0x102d4:	mov	r0, #0
0x000102d8 in ?? ()
r0             0x0	0
r1             0xffffffff	4294967295
r2             0x0	0
r3             0x2	2
r4             0x2	2
r5             0xd	13
r6             0x6	6
r7             0x7	7
r8             0x8	8
r9             0x9	9
r10            0xa	10
r11            0xb	11
r12            0xc	12
sp             0xbefff250	0xbefff250
lr             0x0	0
pc             0x102d8	0x102d8
cpsr           0x20000010	536870928
fpscr          0x0	0
=> 0x102d8:	mov	r0, #0
0x000102dc in ?? ()
r0             0x0	0
r1             0xffffffff	4294967295
r2             0x0	0
r3             0x2	2
r4             0x2	2
r5             0xd	13
r6             0x6	6
r7             0x7	7
r8             0x8	8
r9             0x9	9
r10            0xa	10
r11            0xb	11
r12            0xc	12
sp             0xbefff250	0xbefff250
lr             0x0	0
pc             0x102dc	0x102dc
cpsr           0x20000010	536870928
fpscr          0x0	0
=> 0x102dc:	mov	r0, #0
0x000102e0 in ?? ()
r0             0x0	0
r1             0xffffffff	4294967295
r2             0x0	0
r3             0x2	2
r4             0x2	2
r5             0xd	13
r6             0x6	6
r7             0x7	7
r8             0x8	8
r9             0x9	9
r10            0xa	10
r11            0xb	11
r12            0xc	12
sp             0xbefff250	0xbefff250
lr             0x0	0
pc             0x102e0	0x102e0
cpsr           0x20000010	536870928
fpscr          0x0	0
=> 0x102e0:	mov	r0, #0
0x000102e4 in ?? ()
r0             0x0	0
r1             0xffffffff	4294967295
r2             0x0	0
r3             0x2	2
r4             0x2	2
r5             0xd	13
r6             0x6	6
r7             0x7	7
r8             0x8	8
r9             0x9	9
r10            0xa	10
r11            0xb	11
r12            0xc	12
sp             0xbefff250	0xbefff250
lr             0x0	0
pc             0x102e4	0x102e4
cpsr           0x20000010	536870928
fpscr          0x0	0
=> 0x102e4:	mov	r0, #0
0x000102e8 in ?? ()
r0             0x0	0
r1             0xffffffff	4294967295
r2             0x0	0
r3             0x2	2
r4             0x2	2
r5             0xd	13
r6             0x6	6
r7             0x7	7
r8             0x8	8
r9             0x9	9
r10            0xa	10
r11            0xb	11
r12            0xc	12
sp             0xbefff250	0xbefff250
lr             0x0	0
pc             0x102e8	0x102e8
cpsr           0x20000010	536870928
fpscr          0x0	0
=> 0x102e8:	mov	r0, #0
0x000102ec in ?? ()
r0             0x0	0
r1             0xffffffff	4294967295
r2             0x0	0
r3             0x2	2
r4             0x2	2
r5             0xd	13
r6             0x6	6
r7             0x7	7
r8             0x8	8
r9             0x9	9
r10            0xa	10
r11            0xb	11
r12            0xc	12
sp             0xbefff250	0xbefff250
lr             0x0	0
pc             0x102ec	0x102ec
cpsr           0x20000010	536870928
fpscr          0x0	0
=> 0x102ec:	mov	r0, #0
0x000102f0 in ?? ()
r0             0x0	0
r1             0xffffffff	4294967295
r2             0x0	0
r3             0x2	2
r4             0x2	2
r5             0xd	13
r6             0x6	6
r7             0x7	7
r8             0x8	8
r9             0x9	9
r10            0xa	10
r11            0xb	11
r12            0xc	12
sp             0xbefff250	0xbefff250
lr             0x0	0
pc             0x102f0	0x102f0
cpsr           0x20000010	536870928
fpscr          0x0	0
=> 0x102f0:	mov	r0, #0
0x000102f4 in ?? ()
r0             0x0	0
r1             0xffffffff	4294967295
r2             0x0	0
r3             0x2	2
r4             0x2	2
r5             0xd	13
r6             0x6	6
r7             0x7	7
r8             0x8	8
r9             0x9	9
r10            0xa	10
r11            0xb	11
r12            0xc	12
sp             0xbefff250	0xbefff250
lr             0x0	0
pc             0x102f4	0x102f4
cpsr           0x20000010	536870928
fpscr          0x0	0
=> 0x102f4:	mov	r0, #0
0x000102f8 in ?? ()
r0             0x0	0
r1             0xffffffff	4294967295
r2             0x0	0
r3             0x2	2
r4             0x2	2
r5             0xd	13
r6             0x6	6
r7             0x7	7
r8             0x8	8
r9             0x9	9
r10            0xa	10
r11            0xb	11
r12            0xc	12
sp             0xbefff250	0xbefff250
lr             0x0	0
pc             0x102f8	0x102f8
cpsr           0x20000010	536870928
fpscr          0x0	0
=> 0x102f8:	mov	r0, #0
0x000102fc in ?? ()
r0             0x0	0
r1             0xffffffff	4294967295
r2             0x0	0
r3             0x2	2
r4             0x2	2
r5             0xd	13
r6             0x6	6
r7             0x7	7
r8             0x8	8
r9             0x9	9
r10            0xa	10
r11            0xb	11
r12            0xc	12
sp             0xbefff250	0xbefff250
lr             0x0	0
pc             0x102fc	0x102fc
cpsr           0x20000010	536870928
fpscr          0x0	0
=> 0x102fc:	mov	r0, #0
0x00010300 in ?? ()
r0             0x0	0
r1             0xffffffff	4294967295
r2             0x0	0
r3             0x2	2
r4             0x2	2
r5             0xd	13
r6             0x6	6
r7             0x7	7
r8             0x8	8
r9             0x9	9
r10            0xa	10
r11            0xb	11
r12            0xc	12
sp             0xbefff250	0xbefff250
lr             0x0	0
pc             0x10300	0x10300
cpsr           0x20000010	536870928
fpscr          0x0	0
=> 0x10300:	mov	r0, #0
0x00010304 in ?? ()
r0             0x0	0
r1             0xffffffff	4294967295
r2             0x0	0
r3             0x2	2
r4             0x2	2
r5             0xd	13
r6             0x6	6
r7             0x7	7
r8             0x8	8
r9             0x9	9
r10            0xa	10
r11            0xb	11
r12            0xc	12
sp             0xbefff250	0xbefff250
lr             0x0	0
pc             0x10304	0x10304
cpsr           0x20000010	536870928
fpscr          0x0	0
=> 0x10304:	mov	r0, #0
0x00010308 in ?? ()
r0             0x0	0
r1             0xffffffff	4294967295
r2             0x0	0
r3             0x2	2
r4             0x2	2
r5             0xd	13
r6             0x6	6
r7             0x7	7
r8             0x8	8
r9             0x9	9
r10            0xa	10
r11            0xb	11
r12            0xc	12
sp             0xbefff250	0xbefff250
lr             0x0	0
pc             0x10308	0x10308
cpsr           0x20000010	536870928
fpscr          0x0	0
=> 0x10308:	mov	r0, #0
0x0001030c in ?? ()
r0             0x0	0
r1             0xffffffff	4294967295
r2             0x0	0
r3             0x2	2
r4             0x2	2
r5             0xd	13
r6             0x6	6
r7             0x7	7
r8             0x8	8
r9             0x9	9
r10            0xa	10
r11            0xb	11
r12            0xc	12
sp             0xbefff250	0xbefff250
lr             0x0	0
pc             0x1030c	0x1030c
cpsr           0x20000010	536870928
fpscr          0x0	0
=> 0x1030c:	mov	r0, #0
0x00010310 in ?? ()
r0             0x0	0
r1             0xffffffff	4294967295
r2             0x0	0
r3             0x2	2
r4             0x2	2
r5             0xd	13
r6             0x6	6
r7             0x7	7
r8             0x8	8
r9             0x9	9
r10            0xa	10
r11            0xb	11
r12            0xc	12
sp             0xbefff250	0xbefff250
lr             0x0	0
pc             0x10310	0x10310
cpsr           0x20000010	536870928
fpscr          0x0	0
=> 0x10310:	mov	r0, #0
0x00010314 in ?? ()
r0             0x0	0
r1             0xffffffff	4294967295
r2             0x0	0
r3             0x2	2
r4             0x2	2
r5             0xd	13
r6             0x6	6
r7             0x7	7
r8             0x8	8
r9             0x9	9
r10            0xa	10
r11            0xb	11
r12            0xc	12
sp             0xbefff250	0xbefff250
lr             0x0	0
pc             0x10314	0x10314
cpsr           0x20000010	536870928
fpscr          0x0	0
=> 0x10314:	mov	r0, #0
0x00010318 in ?? ()
r0             0x0	0
r1             0xffffffff	4294967295
r2             0x0	0
r3             0x2	2
r4             0x2	2
r5             0xd	13
r6             0x6	6
r7             0x7	7
r8             0x8	8
r9             0x9	9
r10            0xa	10
r11            0xb	11
r12            0xc	12
sp             0xbefff250	0xbefff250
lr             0x0	0
pc             0x10318	0x10318
cpsr           0x20000010	536870928
fpscr          0x0	0
=> 0x10318:	mov	r0, #0
0x0001031c in ?? ()
r0             0x0	0
r1             0xffffffff	4294967295
r2             0x0	0
r3             0x2	2
r4             0x2	2
r5             0xd	13
r6             0x6	6
r7             0x7	7
r8             0x8	8
r9             0x9	9
r10            0xa	10
r11            0xb	11
r12            0xc	12
sp             0xbefff250	0xbefff250
lr             0x0	0
pc             0x1031c	0x1031c
cpsr           0x20000010	536870928
fpscr          0x0	0
=> 0x1031c:	mov	r0, #0
0x00010320 in ?? ()
r0             0x0	0
r1             0xffffffff	4294967295
r2             0x0	0
r3             0x2	2
r4             0x2	2
r5             0xd	13
r6             0x6	6
r7             0x7	7
r8             0x8	8
r9             0x9	9
r10            0xa	10
r11            0xb	11
r12            0xc	12
sp             0xbefff250	0xbefff250
lr             0x0	0
pc             0x10320	0x10320
cpsr           0x20000010	536870928
fpscr          0x0	0
=> 0x10320:	mov	r0, #0
0x00010324 in ?? ()
r0             0x0	0
r1             0xffffffff	4294967295
r2             0x0	0
r3             0x2	2
r4             0x2	2
r5             0xd	13
r6             0x6	6
r7             0x7	7
r8             0x8	8
r9             0x9	9
r10            0xa	10
r11            0xb	11
r12            0xc	12
sp             0xbefff250	0xbefff250
lr             0x0	0
pc             0x10324	0x10324
cpsr           0x20000010	536870928
fpscr          0x0	0
=> 0x10324:	mov	r0, #0
0x00010328 in ?? ()
r0             0x0	0
r1             0xffffffff	4294967295
r2             0x0	0
r3             0x2	2
r4             0x2	2
r5             0xd	13
r6             0x6	6
r7             0x7	7
r8             0x8	8
r9             0x9	9
r10            0xa	10
r11            0xb	11
r12            0xc	12
sp             0xbefff250	0xbefff250
lr             0x0	0
pc             0x10328	0x10328
cpsr           0x20000010	536870928
fpscr          0x0	0
=> 0x10328:	mov	r0, #0
0x0001032c in ?? ()
r0             0x0	0
r1             0xffffffff	4294967295
r2             0x0	0
r3             0x2	2
r4             0x2	2
r5             0xd	13
r6             0x6	6
r7             0x7	7
r8             0x8	8
r9             0x9	9
r10            0xa	10
r11            0xb	11
r12            0xc	12
sp             0xbefff250	0xbefff250
lr             0x0	0
pc             0x1032c	0x1032c
cpsr           0x20000010	536870928
fpscr          0x0	0
=> 0x1032c:	mov	r0, #0
0x00010330 in ?? ()
r0             0x0	0
r1             0xffffffff	4294967295
r2             0x0	0
r3             0x2	2
r4             0x2	2
r5             0xd	13
r6             0x6	6
r7             0x7	7
r8             0x8	8
r9             0x9	9
r10            0xa	10
r11            0xb	11
r12            0xc	12
sp             0xbefff250	0xbefff250
lr             0x0	0
pc             0x10330	0x10330
cpsr           0x20000010	536870928
fpscr          0x0	0
=> 0x10330:	mov	r0, #0
0x00010334 in ?? ()
r0             0x0	0
r1             0xffffffff	4294967295
r2             0x0	0
r3             0x2	2
r4             0x2	2
r5             0xd	13
r6             0x6	6
r7             0x7	7
r8             0x8	8
r9             0x9	9
r10            0xa	10
r11            0xb	11
r12            0xc	12
sp             0xbefff250	0xbefff250
lr             0x0	0
pc             0x10334	0x10334
cpsr           0x20000010	536870928
fpscr          0x0	0
=> 0x10334:	mov	r0, #0
0x00010338 in ?? ()
r0             0x0	0
r1             0xffffffff	4294967295
r2             0x0	0
r3             0x2	2
r4             0x2	2
r5             0xd	13
r6             0x6	6
r7             0x7	7
r8             0x8	8
r9             0x9	9
r10            0xa	10
r11            0xb	11
r12            0xc	12
sp             0xbefff250	0xbefff250
lr             0x0	0
pc             0x10338	0x10338
cpsr           0x20000010	536870928
fpscr          0x0	0
=> 0x10338:	mov	r0, #0
0x0001033c in ?? ()
r0             0x0	0
r1             0xffffffff	4294967295
r2             0x0	0
r3             0x2	2
r4             0x2	2
r5             0xd	13
r6             0x6	6
r7             0x7	7
r8             0x8	8
r9             0x9	9
r10            0xa	10
r11            0xb	11
r12            0xc	12
sp             0xbefff250	0xbefff250
lr             0x0	0
pc             0x1033c	0x1033c
cpsr           0x20000010	536870928
fpscr          0x0	0
=> 0x1033c:	mov	r0, #0
0x00010340 in ?? ()
r0             0x0	0
r1             0xffffffff	4294967295
r2             0x0	0
r3             0x2	2
r4             0x2	2
r5             0xd	13
r6             0x6	6
r7             0x7	7
r8             0x8	8
r9             0x9	9
r10            0xa	10
r11            0xb	11
r12            0xc	12
sp             0xbefff250	0xbefff250
lr             0x0	0
pc             0x10340	0x10340
cpsr           0x20000010	536870928
fpscr          0x0	0
=> 0x10340:	mov	r0, #0
0x00010344 in ?? ()
r0             0x0	0
r1             0xffffffff	4294967295
r2             0x0	0
r3             0x2	2
r4             0x2	2
r5             0xd	13
r6             0x6	6
r7             0x7	7
r8             0x8	8
r9             0x9	9
r10            0xa	10
r11            0xb	11
r12            0xc	12
sp             0xbefff250	0xbefff250
lr             0x0	0
pc             0x10344	0x10344
cpsr           0x20000010	536870928
fpscr          0x0	0
=> 0x10344:	mov	r0, #0
0x00010348 in ?? ()
r0             0x0	0
r1             0xffffffff	4294967295
r2             0x0	0
r3             0x2	2
r4             0x2	2
r5             0xd	13
r6             0x6	6
r7             0x7	7
r8             0x8	8
r9             0x9	9
r10            0xa	10
r11            0xb	11
r12            0xc	12
sp             0xbefff250	0xbefff250
lr             0x0	0
pc             0x10348	0x10348
cpsr           0x20000010	536870928
fpscr          0x0	0
=> 0x10348:	mov	r0, #0
0x0001034c in ?? ()
r0             0x0	0
r1             0xffffffff	4294967295
r2             0x0	0
r3             0x2	2
r4             0x2	2
r5             0xd	13
r6             0x6	6
r7             0x7	7
r8             0x8	8
r9             0x9	9
r10            0xa	10
r11            0xb	11
r12            0xc	12
sp             0xbefff250	0xbefff250
lr             0x0	0
pc             0x1034c	0x1034c
cpsr           0x20000010	536870928
fpscr          0x0	0
=> 0x1034c:	mov	r0, #0
0x00010350 in ?? ()
r0             0x0	0
r1             0xffffffff	4294967295
r2             0x0	0
r3             0x2	2
r4             0x2	2
r5             0xd	13
r6             0x6	6
r7             0x7	7
r8             0x8	8
r9             0x9	9
r10            0xa	10
r11            0xb	11
r12            0xc	12
sp             0xbefff250	0xbefff250
lr             0x0	0
pc             0x10350	0x10350
cpsr           0x20000010	536870928
fpscr          0x0	0
=> 0x10350:	mov	r0, #0
0x00010354 in ?? ()
r0             0x0	0
r1             0xffffffff	4294967295
r2             0x0	0
r3             0x2	2
r4             0x2	2
r5             0xd	13
r6             0x6	6
r7             0x7	7
r8             0x8	8
r9             0x9	9
r10            0xa	10
r11            0xb	11
r12            0xc	12
sp             0xbefff250	0xbefff250
lr             0x0	0
pc             0x10354	0x10354
cpsr           0x20000010	536870928
fpscr          0x0	0
=> 0x10354:	mov	r0, #0
0x00010358 in ?? ()
r0             0x0	0
r1             0xffffffff	4294967295
r2             0x0	0
r3             0x2	2
r4             0x2	2
r5             0xd	13
r6             0x6	6
r7             0x7	7
r8             0x8	8
r9             0x9	9
r10            0xa	10
r11            0xb	11
r12            0xc	12
sp             0xbefff250	0xbefff250
lr             0x0	0
pc             0x10358	0x10358
cpsr           0x20000010	536870928
fpscr          0x0	0
=> 0x10358:	mov	r0, #0
0x0001035c in ?? ()
r0             0x0	0
r1             0xffffffff	4294967295
r2             0x0	0
r3             0x2	2
r4             0x2	2
r5             0xd	13
r6             0x6	6
r7             0x7	7
r8             0x8	8
r9             0x9	9
r10            0xa	10
r11            0xb	11
r12            0xc	12
sp             0xbefff250	0xbefff250
lr             0x0	0
pc             0x1035c	0x1035c
cpsr           0x20000010	536870928
fpscr          0x0	0
=> 0x1035c:	mov	r0, #0
0x00010360 in ?? ()
r0             0x0	0
r1             0xffffffff	4294967295
r2             0x0	0
r3             0x2	2
r4             0x2	2
r5             0xd	13
r6             0x6	6
r7             0x7	7
r8             0x8	8
r9             0x9	9
r10            0xa	10
r11            0xb	11
r12            0xc	12
sp             0xbefff250	0xbefff250
lr             0x0	0
pc             0x10360	0x10360
cpsr           0x20000010	536870928
fpscr          0x0	0
=> 0x10360:	mov	r0, #0
0x00010364 in ?? ()
r0             0x0	0
r1             0xffffffff	4294967295
r2             0x0	0
r3             0x2	2
r4             0x2	2
r5             0xd	13
r6             0x6	6
r7             0x7	7
r8             0x8	8
r9             0x9	9
r10            0xa	10
r11            0xb	11
r12            0xc	12
sp             0xbefff250	0xbefff250
lr             0x0	0
pc             0x10364	0x10364
cpsr           0x20000010	536870928
fpscr          0x0	0
=> 0x10364:	mov	r0, #0
0x00010368 in ?? ()
r0             0x0	0
r1             0xffffffff	4294967295
r2             0x0	0
r3             0x2	2
r4             0x2	2
r5             0xd	13
r6             0x6	6
r7             0x7	7
r8             0x8	8
r9             0x9	9
r10            0xa	10
r11            0xb	11
r12            0xc	12
sp             0xbefff250	0xbefff250
lr             0x0	0
pc             0x10368	0x10368
cpsr           0x20000010	536870928
fpscr          0x0	0
=> 0x10368:	mov	r0, #0
0x0001036c in ?? ()
r0             0x0	0
r1             0xffffffff	4294967295
r2             0x0	0
r3             0x2	2
r4             0x2	2
r5             0xd	13
r6             0x6	6
r7             0x7	7
r8             0x8	8
r9             0x9	9
r10            0xa	10
r11            0xb	11
r12            0xc	12
sp             0xbefff250	0xbefff250
lr             0x0	0
pc             0x1036c	0x1036c
cpsr           0x20000010	536870928
fpscr          0x0	0
=> 0x1036c:	mov	r0, #0
0x00010370 in ?? ()
r0             0x0	0
r1             0xffffffff	4294967295
r2             0x0	0
r3             0x2	2
r4             0x2	2
r5             0xd	13
r6             0x6	6
r7             0x7	7
r8             0x8	8
r9             0x9	9
r10            0xa	10
r11            0xb	11
r12            0xc	12
sp             0xbefff250	0xbefff250
lr             0x0	0
pc             0x10370	0x10370
cpsr           0x20000010	536870928
fpscr          0x0	0
=> 0x10370:	mov	r0, #0
0x00010374 in ?? ()
r0             0x0	0
r1             0xffffffff	4294967295
r2             0x0	0
r3             0x2	2
r4             0x2	2
r5             0xd	13
r6             0x6	6
r7             0x7	7
r8             0x8	8
r9             0x9	9
r10            0xa	10
r11            0xb	11
r12            0xc	12
sp             0xbefff250	0xbefff250
lr             0x0	0
pc             0x10374	0x10374
cpsr           0x20000010	536870928
fpscr          0x0	0
=> 0x10374:	mov	r0, #0
0x00010378 in ?? ()
r0             0x0	0
r1             0xffffffff	4294967295
r2             0x0	0
r3             0x2	2
r4             0x2	2
r5             0xd	13
r6             0x6	6
r7             0x7	7
r8             0x8	8
r9             0x9	9
r10            0xa	10
r11            0xb	11
r12            0xc	12
sp             0xbefff250	0xbefff250
lr             0x0	0
pc             0x10378	0x10378
cpsr           0x20000010	536870928
fpscr          0x0	0
=> 0x10378:	mov	r0, #0
0x0001037c in ?? ()
r0             0x0	0
r1             0xffffffff	4294967295
r2             0x0	0
r3             0x2	2
r4             0x2	2
r5             0xd	13
r6             0x6	6
r7             0x7	7
r8             0x8	8
r9             0x9	9
r10            0xa	10
r11            0xb	11
r12            0xc	12
sp             0xbefff250	0xbefff250
lr             0x0	0
pc             0x1037c	0x1037c
cpsr           0x20000010	536870928
fpscr          0x0	0
=> 0x1037c:	mov	r0, #0
0x00010380 in ?? ()
r0             0x0	0
r1             0xffffffff	4294967295
r2             0x0	0
r3             0x2	2
r4             0x2	2
r5             0xd	13
r6             0x6	6
r7             0x7	7
r8             0x8	8
r9             0x9	9
r10            0xa	10
r11            0xb	11
r12            0xc	12
sp             0xbefff250	0xbefff250
lr             0x0	0
pc             0x10380	0x10380
cpsr           0x20000010	536870928
fpscr          0x0	0
=> 0x10380:	mov	r0, #0
0x00010384 in ?? ()
r0             0x0	0
r1             0xffffffff	4294967295
r2             0x0	0
r3             0x2	2
r4             0x2	2
r5             0xd	13
r6             0x6	6
r7             0x7	7
r8             0x8	8
r9             0x9	9
r10            0xa	10
r11            0xb	11
r12            0xc	12
sp             0xbefff250	0xbefff250
lr             0x0	0
pc             0x10384	0x10384
cpsr           0x20000010	536870928
fpscr          0x0	0
=> 0x10384:	mov	r0, #0
0x00010388 in ?? ()
r0             0x0	0
r1             0xffffffff	4294967295
r2             0x0	0
r3             0x2	2
r4             0x2	2
r5             0xd	13
r6             0x6	6
r7             0x7	7
r8             0x8	8
r9             0x9	9
r10            0xa	10
r11            0xb	11
r12            0xc	12
sp             0xbefff250	0xbefff250
lr             0x0	0
pc             0x10388	0x10388
cpsr           0x20000010	536870928
fpscr          0x0	0
=> 0x10388:	mov	r0, #0
0x0001038c in ?? ()
r0             0x0	0
r1             0xffffffff	4294967295
r2             0x0	0
r3             0x2	2
r4             0x2	2
r5             0xd	13
r6             0x6	6
r7             0x7	7
r8             0x8	8
r9             0x9	9
r10            0xa	10
r11            0xb	11
r12            0xc	12
sp             0xbefff250	0xbefff250
lr             0x0	0
pc             0x1038c	0x1038c
cpsr           0x20000010	536870928
fpscr          0x0	0
=> 0x1038c:	mov	r0, #0
0x00010390 in ?? ()
r0             0x0	0
r1             0xffffffff	4294967295
r2             0x0	0
r3             0x2	2
r4             0x2	2
r5             0xd	13
r6             0x6	6
r7             0x7	7
r8             0x8	8
r9             0x9	9
r10            0xa	10
r11            0xb	11
r12            0xc	12
sp             0xbefff250	0xbefff250
lr             0x0	0
pc             0x10390	0x10390
cpsr           0x20000010	536870928
fpscr          0x0	0
=> 0x10390:	mov	r0, #0
0x00010394 in ?? ()
r0             0x0	0
r1             0xffffffff	4294967295
r2             0x0	0
r3             0x2	2
r4             0x2	2
r5             0xd	13
r6             0x6	6
r7             0x7	7
r8             0x8	8
r9             0x9	9
r10            0xa	10
r11            0xb	11
r12            0xc	12
sp             0xbefff250	0xbefff250
lr             0x0	0
pc             0x10394	0x10394
cpsr           0x20000010	536870928
fpscr          0x0	0
=> 0x10394:	mov	r0, #0
0x00010398 in ?? ()
r0             0x0	0
r1             0xffffffff	4294967295
r2             0x0	0
r3             0x2	2
r4             0x2	2
r5             0xd	13
r6             0x6	6
r7             0x7	7
r8             0x8	8
r9             0x9	9
r10            0xa	10
r11            0xb	11
r12            0xc	12
sp             0xbefff250	0xbefff250
lr             0x0	0
pc             0x10398	0x10398
cpsr           0x20000010	536870928
fpscr          0x0	0
=> 0x10398:	mov	r0, #0
0x0001039c in ?? ()
r0             0x0	0
r1             0xffffffff	4294967295
r2             0x0	0
r3             0x2	2
r4             0x2	2
r5             0xd	13
r6             0x6	6
r7             0x7	7
r8             0x8	8
r9             0x9	9
r10            0xa	10
r11            0xb	11
r12            0xc	12
sp             0xbefff250	0xbefff250
lr             0x0	0
pc             0x1039c	0x1039c
cpsr           0x20000010	536870928
fpscr          0x0	0
=> 0x1039c:	mov	r0, #0
0x000103a0 in ?? ()
r0             0x0	0
r1             0xffffffff	4294967295
r2             0x0	0
r3             0x2	2
r4             0x2	2
r5             0xd	13
r6             0x6	6
r7             0x7	7
r8             0x8	8
r9             0x9	9
r10            0xa	10
r11            0xb	11
r12            0xc	12
sp             0xbefff250	0xbefff250
lr             0x0	0
pc             0x103a0	0x103a0
cpsr           0x20000010	536870928
fpscr          0x0	0
=> 0x103a0:	mov	r0, #0
0x000103a4 in ?? ()
r0             0x0	0
r1             0xffffffff	4294967295
r2             0x0	0
r3             0x2	2
r4             0x2	2
r5             0xd	13
r6             0x6	6
r7             0x7	7
r8             0x8	8
r9             0x9	9
r10            0xa	10
r11            0xb	11
r12            0xc	12
sp             0xbefff250	0xbefff250
lr             0x0	0
pc             0x103a4	0x103a4
cpsr           0x20000010	536870928
fpscr          0x0	0
=> 0x103a4:	mov	r0, #0
0x000103a8 in ?? ()
r0             0x0	0
r1             0xffffffff	4294967295
r2             0x0	0
r3             0x2	2
r4             0x2	2
r5             0xd	13
r6             0x6	6
r7             0x7	7
r8             0x8	8
r9             0x9	9
r10            0xa	10
r11            0xb	11
r12            0xc	12
sp             0xbefff250	0xbefff250
lr             0x0	0
pc             0x103a8	0x103a8
cpsr           0x20000010	536870928
fpscr          0x0	0
=> 0x103a8:	mov	r0, #0
0x000103ac in ?? ()
r0             0x0	0
r1             0xffffffff	4294967295
r2             0x0	0
r3             0x2	2
r4             0x2	2
r5             0xd	13
r6             0x6	6
r7             0x7	7
r8             0x8	8
r9             0x9	9
r10            0xa	10
r11            0xb	11
r12            0xc	12
sp             0xbefff250	0xbefff250
lr             0x0	0
pc             0x103ac	0x103ac
cpsr           0x20000010	536870928
fpscr          0x0	0
=> 0x103ac:	mov	r0, #0
0x000103b0 in ?? ()
r0             0x0	0
r1             0xffffffff	4294967295
r2             0x0	0
r3             0x2	2
r4             0x2	2
r5             0xd	13
r6             0x6	6
r7             0x7	7
r8             0x8	8
r9             0x9	9
r10            0xa	10
r11            0xb	11
r12            0xc	12
sp             0xbefff250	0xbefff250
lr             0x0	0
pc             0x103b0	0x103b0
cpsr           0x20000010	536870928
fpscr          0x0	0
=> 0x103b0:	mov	r0, #0
0x000103b4 in ?? ()
r0             0x0	0
r1             0xffffffff	4294967295
r2             0x0	0
r3             0x2	2
r4             0x2	2
r5             0xd	13
r6             0x6	6
r7             0x7	7
r8             0x8	8
r9             0x9	9
r10            0xa	10
r11            0xb	11
r12            0xc	12
sp             0xbefff250	0xbefff250
lr             0x0	0
pc             0x103b4	0x103b4
cpsr           0x20000010	536870928
fpscr          0x0	0
=> 0x103b4:	mov	r0, #0
0x000103b8 in ?? ()
r0             0x0	0
r1             0xffffffff	4294967295
r2             0x0	0
r3             0x2	2
r4             0x2	2
r5             0xd	13
r6             0x6	6
r7             0x7	7
r8             0x8	8
r9             0x9	9
r10            0xa	10
r11            0xb	11
r12            0xc	12
sp             0xbefff250	0xbefff250
lr             0x0	0
pc             0x103b8	0x103b8
cpsr           0x20000010	536870928
fpscr          0x0	0
=> 0x103b8:	andeq	r1, r0, r1, asr #20
