/home/pi/.gdbinit:5: Error in sourced command file:
bob.c: No such file or directory.

Program stopped.
0x00010098 in ?? ()
0x0001009c in ?? ()
r0             0x0	0
r1             0x6	6
r2             0x0	0
r3             0x0	0
r4             0x0	0
r5             0x0	0
r6             0x0	0
r7             0x0	0
r8             0x0	0
r9             0x0	0
r10            0x0	0
r11            0x0	0
r12            0x0	0
sp             0xbefff290	0xbefff290
lr             0x0	0
pc             0x1009c	0x1009c
cpsr           0x10	16
fpscr          0x0	0
=> 0x1009c:	add	r2, r3, #4
0x000100a0 in ?? ()
r0             0x0	0
r1             0x6	6
r2             0x4	4
r3             0x0	0
r4             0x0	0
r5             0x0	0
r6             0x0	0
r7             0x0	0
r8             0x0	0
r9             0x0	0
r10            0x0	0
r11            0x0	0
r12            0x0	0
sp             0xbefff290	0xbefff290
lr             0x0	0
pc             0x100a0	0x100a0
cpsr           0x10	16
fpscr          0x0	0
=> 0x100a0:	add	r3, r1, #6
0x000100a4 in ?? ()
r0             0x0	0
r1             0x6	6
r2             0x4	4
r3             0xc	12
r4             0x0	0
r5             0x0	0
r6             0x0	0
r7             0x0	0
r8             0x0	0
r9             0x0	0
r10            0x0	0
r11            0x0	0
r12            0x0	0
sp             0xbefff290	0xbefff290
lr             0x0	0
pc             0x100a4	0x100a4
cpsr           0x10	16
fpscr          0x0	0
=> 0x100a4:	add	r0, r1, #5
0x000100a8 in ?? ()
r0             0xb	11
r1             0x6	6
r2             0x4	4
r3             0xc	12
r4             0x0	0
r5             0x0	0
r6             0x0	0
r7             0x0	0
r8             0x0	0
r9             0x0	0
r10            0x0	0
r11            0x0	0
r12            0x0	0
sp             0xbefff290	0xbefff290
lr             0x0	0
pc             0x100a8	0x100a8
cpsr           0x10	16
fpscr          0x0	0
=> 0x100a8:	and	r1, r1, r1
0x000100ac in ?? ()
r0             0xb	11
r1             0x6	6
r2             0x4	4
r3             0xc	12
r4             0x0	0
r5             0x0	0
r6             0x0	0
r7             0x0	0
r8             0x0	0
r9             0x0	0
r10            0x0	0
r11            0x0	0
r12            0x0	0
sp             0xbefff290	0xbefff290
lr             0x0	0
pc             0x100ac	0x100ac
cpsr           0x10	16
fpscr          0x0	0
=> 0x100ac:	and	r2, r1, r1, lsl #2
0x000100b0 in ?? ()
r0             0xb	11
r1             0x6	6
r2             0x0	0
r3             0xc	12
r4             0x0	0
r5             0x0	0
r6             0x0	0
r7             0x0	0
r8             0x0	0
r9             0x0	0
r10            0x0	0
r11            0x0	0
r12            0x0	0
sp             0xbefff290	0xbefff290
lr             0x0	0
pc             0x100b0	0x100b0
cpsr           0x10	16
fpscr          0x0	0
=> 0x100b0:	and	r2, r1, r1, lsl #3
0x000100b4 in ?? ()
r0             0xb	11
r1             0x6	6
r2             0x0	0
r3             0xc	12
r4             0x0	0
r5             0x0	0
r6             0x0	0
r7             0x0	0
r8             0x0	0
r9             0x0	0
r10            0x0	0
r11            0x0	0
r12            0x0	0
sp             0xbefff290	0xbefff290
lr             0x0	0
pc             0x100b4	0x100b4
cpsr           0x10	16
fpscr          0x0	0
=> 0x100b4:	and	r2, r1, r1, lsl #5
0x000100b8 in ?? ()
r0             0xb	11
r1             0x6	6
r2             0x0	0
r3             0xc	12
r4             0x0	0
r5             0x0	0
r6             0x0	0
r7             0x0	0
r8             0x0	0
r9             0x0	0
r10            0x0	0
r11            0x0	0
r12            0x0	0
sp             0xbefff290	0xbefff290
lr             0x0	0
pc             0x100b8	0x100b8
cpsr           0x10	16
fpscr          0x0	0
=> 0x100b8:	and	r2, r1, r1, lsl #9
0x000100bc in ?? ()
r0             0xb	11
r1             0x6	6
r2             0x0	0
r3             0xc	12
r4             0x0	0
r5             0x0	0
r6             0x0	0
r7             0x0	0
r8             0x0	0
r9             0x0	0
r10            0x0	0
r11            0x0	0
r12            0x0	0
sp             0xbefff290	0xbefff290
lr             0x0	0
pc             0x100bc	0x100bc
cpsr           0x10	16
fpscr          0x0	0
=> 0x100bc:	and	r2, r1, r1, lsr #2
0x000100c0 in ?? ()
r0             0xb	11
r1             0x6	6
r2             0x0	0
r3             0xc	12
r4             0x0	0
r5             0x0	0
r6             0x0	0
r7             0x0	0
r8             0x0	0
r9             0x0	0
r10            0x0	0
r11            0x0	0
r12            0x0	0
sp             0xbefff290	0xbefff290
lr             0x0	0
pc             0x100c0	0x100c0
cpsr           0x10	16
fpscr          0x0	0
=> 0x100c0:	and	r2, r1, r1, lsr #3
0x000100c4 in ?? ()
r0             0xb	11
r1             0x6	6
r2             0x0	0
r3             0xc	12
r4             0x0	0
r5             0x0	0
r6             0x0	0
r7             0x0	0
r8             0x0	0
r9             0x0	0
r10            0x0	0
r11            0x0	0
r12            0x0	0
sp             0xbefff290	0xbefff290
lr             0x0	0
pc             0x100c4	0x100c4
cpsr           0x10	16
fpscr          0x0	0
=> 0x100c4:	and	r2, r1, r1, lsr #5
0x000100c8 in ?? ()
r0             0xb	11
r1             0x6	6
r2             0x0	0
r3             0xc	12
r4             0x0	0
r5             0x0	0
r6             0x0	0
r7             0x0	0
r8             0x0	0
r9             0x0	0
r10            0x0	0
r11            0x0	0
r12            0x0	0
sp             0xbefff290	0xbefff290
lr             0x0	0
pc             0x100c8	0x100c8
cpsr           0x10	16
fpscr          0x0	0
=> 0x100c8:	and	r2, r1, r1, lsr #9
0x000100cc in ?? ()
r0             0xb	11
r1             0x6	6
r2             0x0	0
r3             0xc	12
r4             0x0	0
r5             0x0	0
r6             0x0	0
r7             0x0	0
r8             0x0	0
r9             0x0	0
r10            0x0	0
r11            0x0	0
r12            0x0	0
sp             0xbefff290	0xbefff290
lr             0x0	0
pc             0x100cc	0x100cc
cpsr           0x10	16
fpscr          0x0	0
=> 0x100cc:	and	r2, r1, r1, asr #2
0x000100d0 in ?? ()
r0             0xb	11
r1             0x6	6
r2             0x0	0
r3             0xc	12
r4             0x0	0
r5             0x0	0
r6             0x0	0
r7             0x0	0
r8             0x0	0
r9             0x0	0
r10            0x0	0
r11            0x0	0
r12            0x0	0
sp             0xbefff290	0xbefff290
lr             0x0	0
pc             0x100d0	0x100d0
cpsr           0x10	16
fpscr          0x0	0
=> 0x100d0:	and	r2, r1, r1, asr #3
0x000100d4 in ?? ()
r0             0xb	11
r1             0x6	6
r2             0x0	0
r3             0xc	12
r4             0x0	0
r5             0x0	0
r6             0x0	0
r7             0x0	0
r8             0x0	0
r9             0x0	0
r10            0x0	0
r11            0x0	0
r12            0x0	0
sp             0xbefff290	0xbefff290
lr             0x0	0
pc             0x100d4	0x100d4
cpsr           0x10	16
fpscr          0x0	0
=> 0x100d4:	and	r2, r1, r1, asr #5
0x000100d8 in ?? ()
r0             0xb	11
r1             0x6	6
r2             0x0	0
r3             0xc	12
r4             0x0	0
r5             0x0	0
r6             0x0	0
r7             0x0	0
r8             0x0	0
r9             0x0	0
r10            0x0	0
r11            0x0	0
r12            0x0	0
sp             0xbefff290	0xbefff290
lr             0x0	0
pc             0x100d8	0x100d8
cpsr           0x10	16
fpscr          0x0	0
=> 0x100d8:	and	r2, r1, r1, asr #9
0x000100dc in ?? ()
r0             0xb	11
r1             0x6	6
r2             0x0	0
r3             0xc	12
r4             0x0	0
r5             0x0	0
r6             0x0	0
r7             0x0	0
r8             0x0	0
r9             0x0	0
r10            0x0	0
r11            0x0	0
r12            0x0	0
sp             0xbefff290	0xbefff290
lr             0x0	0
pc             0x100dc	0x100dc
cpsr           0x10	16
fpscr          0x0	0
=> 0x100dc:	and	r3, r3, r1
0x000100e0 in ?? ()
r0             0xb	11
r1             0x6	6
r2             0x0	0
r3             0x4	4
r4             0x0	0
r5             0x0	0
r6             0x0	0
r7             0x0	0
r8             0x0	0
r9             0x0	0
r10            0x0	0
r11            0x0	0
r12            0x0	0
sp             0xbefff290	0xbefff290
lr             0x0	0
pc             0x100e0	0x100e0
cpsr           0x10	16
fpscr          0x0	0
=> 0x100e0:	ands	r1, r1, r1
0x000100e4 in ?? ()
r0             0xb	11
r1             0x6	6
r2             0x0	0
r3             0x4	4
r4             0x0	0
r5             0x0	0
r6             0x0	0
r7             0x0	0
r8             0x0	0
r9             0x0	0
r10            0x0	0
r11            0x0	0
r12            0x0	0
sp             0xbefff290	0xbefff290
lr             0x0	0
pc             0x100e4	0x100e4
cpsr           0x10	16
fpscr          0x0	0
=> 0x100e4:	ands	r1, r1, r1
0x000100e8 in ?? ()
r0             0xb	11
r1             0x6	6
r2             0x0	0
r3             0x4	4
r4             0x0	0
r5             0x0	0
r6             0x0	0
r7             0x0	0
r8             0x0	0
r9             0x0	0
r10            0x0	0
r11            0x0	0
r12            0x0	0
sp             0xbefff290	0xbefff290
lr             0x0	0
pc             0x100e8	0x100e8
cpsr           0x10	16
fpscr          0x0	0
=> 0x100e8:	ands	r1, r1, r1
0x000100ec in ?? ()
r0             0xb	11
r1             0x6	6
r2             0x0	0
r3             0x4	4
r4             0x0	0
r5             0x0	0
r6             0x0	0
r7             0x0	0
r8             0x0	0
r9             0x0	0
r10            0x0	0
r11            0x0	0
r12            0x0	0
sp             0xbefff290	0xbefff290
lr             0x0	0
pc             0x100ec	0x100ec
cpsr           0x10	16
fpscr          0x0	0
=> 0x100ec:	ands	r1, r1, r1
0x000100f0 in ?? ()
r0             0xb	11
r1             0x6	6
r2             0x0	0
r3             0x4	4
r4             0x0	0
r5             0x0	0
r6             0x0	0
r7             0x0	0
r8             0x0	0
r9             0x0	0
r10            0x0	0
r11            0x0	0
r12            0x0	0
sp             0xbefff290	0xbefff290
lr             0x0	0
pc             0x100f0	0x100f0
cpsr           0x10	16
fpscr          0x0	0
=> 0x100f0:	ands	r1, r1, r1
0x000100f4 in ?? ()
r0             0xb	11
r1             0x6	6
r2             0x0	0
r3             0x4	4
r4             0x0	0
r5             0x0	0
r6             0x0	0
r7             0x0	0
r8             0x0	0
r9             0x0	0
r10            0x0	0
r11            0x0	0
r12            0x0	0
sp             0xbefff290	0xbefff290
lr             0x0	0
pc             0x100f4	0x100f4
cpsr           0x10	16
fpscr          0x0	0
=> 0x100f4:	ands	r2, r1, r1, lsl #2
0x000100f8 in ?? ()
r0             0xb	11
r1             0x6	6
r2             0x0	0
r3             0x4	4
r4             0x0	0
r5             0x0	0
r6             0x0	0
r7             0x0	0
r8             0x0	0
r9             0x0	0
r10            0x0	0
r11            0x0	0
r12            0x0	0
sp             0xbefff290	0xbefff290
lr             0x0	0
pc             0x100f8	0x100f8
cpsr           0x40000010	1073741840
fpscr          0x0	0
=> 0x100f8:	ands	r2, r1, r1, lsl #3
0x000100fc in ?? ()
r0             0xb	11
r1             0x6	6
r2             0x0	0
r3             0x4	4
r4             0x0	0
r5             0x0	0
r6             0x0	0
r7             0x0	0
r8             0x0	0
r9             0x0	0
r10            0x0	0
r11            0x0	0
r12            0x0	0
sp             0xbefff290	0xbefff290
lr             0x0	0
pc             0x100fc	0x100fc
cpsr           0x40000010	1073741840
fpscr          0x0	0
=> 0x100fc:	ands	r2, r1, r1, lsl #5
0x00010100 in ?? ()
r0             0xb	11
r1             0x6	6
r2             0x0	0
r3             0x4	4
r4             0x0	0
r5             0x0	0
r6             0x0	0
r7             0x0	0
r8             0x0	0
r9             0x0	0
r10            0x0	0
r11            0x0	0
r12            0x0	0
sp             0xbefff290	0xbefff290
lr             0x0	0
pc             0x10100	0x10100
cpsr           0x40000010	1073741840
fpscr          0x0	0
=> 0x10100:	ands	r2, r1, r1, lsl #9
0x00010104 in ?? ()
r0             0xb	11
r1             0x6	6
r2             0x0	0
r3             0x4	4
r4             0x0	0
r5             0x0	0
r6             0x0	0
r7             0x0	0
r8             0x0	0
r9             0x0	0
r10            0x0	0
r11            0x0	0
r12            0x0	0
sp             0xbefff290	0xbefff290
lr             0x0	0
pc             0x10104	0x10104
cpsr           0x40000010	1073741840
fpscr          0x0	0
=> 0x10104:	ands	r2, r1, r1, lsr #2
0x00010108 in ?? ()
r0             0xb	11
r1             0x6	6
r2             0x0	0
r3             0x4	4
r4             0x0	0
r5             0x0	0
r6             0x0	0
r7             0x0	0
r8             0x0	0
r9             0x0	0
r10            0x0	0
r11            0x0	0
r12            0x0	0
sp             0xbefff290	0xbefff290
lr             0x0	0
pc             0x10108	0x10108
cpsr           0x60000010	1610612752
fpscr          0x0	0
=> 0x10108:	ands	r2, r1, r1, lsr #3
0x0001010c in ?? ()
r0             0xb	11
r1             0x6	6
r2             0x0	0
r3             0x4	4
r4             0x0	0
r5             0x0	0
r6             0x0	0
r7             0x0	0
r8             0x0	0
r9             0x0	0
r10            0x0	0
r11            0x0	0
r12            0x0	0
sp             0xbefff290	0xbefff290
lr             0x0	0
pc             0x1010c	0x1010c
cpsr           0x60000010	1610612752
fpscr          0x0	0
=> 0x1010c:	ands	r2, r1, r1, lsr #5
0x00010110 in ?? ()
r0             0xb	11
r1             0x6	6
r2             0x0	0
r3             0x4	4
r4             0x0	0
r5             0x0	0
r6             0x0	0
r7             0x0	0
r8             0x0	0
r9             0x0	0
r10            0x0	0
r11            0x0	0
r12            0x0	0
sp             0xbefff290	0xbefff290
lr             0x0	0
pc             0x10110	0x10110
cpsr           0x40000010	1073741840
fpscr          0x0	0
=> 0x10110:	ands	r2, r1, r1, lsr #9
0x00010114 in ?? ()
r0             0xb	11
r1             0x6	6
r2             0x0	0
r3             0x4	4
r4             0x0	0
r5             0x0	0
r6             0x0	0
r7             0x0	0
r8             0x0	0
r9             0x0	0
r10            0x0	0
r11            0x0	0
r12            0x0	0
sp             0xbefff290	0xbefff290
lr             0x0	0
pc             0x10114	0x10114
cpsr           0x40000010	1073741840
fpscr          0x0	0
=> 0x10114:	ands	r2, r1, r1, asr #2
0x00010118 in ?? ()
r0             0xb	11
r1             0x6	6
r2             0x0	0
r3             0x4	4
r4             0x0	0
r5             0x0	0
r6             0x0	0
r7             0x0	0
r8             0x0	0
r9             0x0	0
r10            0x0	0
r11            0x0	0
r12            0x0	0
sp             0xbefff290	0xbefff290
lr             0x0	0
pc             0x10118	0x10118
cpsr           0x60000010	1610612752
fpscr          0x0	0
=> 0x10118:	ands	r2, r1, r1, asr #3
0x0001011c in ?? ()
r0             0xb	11
r1             0x6	6
r2             0x0	0
r3             0x4	4
r4             0x0	0
r5             0x0	0
r6             0x0	0
r7             0x0	0
r8             0x0	0
r9             0x0	0
r10            0x0	0
r11            0x0	0
r12            0x0	0
sp             0xbefff290	0xbefff290
lr             0x0	0
pc             0x1011c	0x1011c
cpsr           0x60000010	1610612752
fpscr          0x0	0
=> 0x1011c:	ands	r2, r1, r1, asr #5
0x00010120 in ?? ()
r0             0xb	11
r1             0x6	6
r2             0x0	0
r3             0x4	4
r4             0x0	0
r5             0x0	0
r6             0x0	0
r7             0x0	0
r8             0x0	0
r9             0x0	0
r10            0x0	0
r11            0x0	0
r12            0x0	0
sp             0xbefff290	0xbefff290
lr             0x0	0
pc             0x10120	0x10120
cpsr           0x40000010	1073741840
fpscr          0x0	0
=> 0x10120:	ands	r2, r1, r1, asr #9
0x00010124 in ?? ()
r0             0xb	11
r1             0x6	6
r2             0x0	0
r3             0x4	4
r4             0x0	0
r5             0x0	0
r6             0x0	0
r7             0x0	0
r8             0x0	0
r9             0x0	0
r10            0x0	0
r11            0x0	0
r12            0x0	0
sp             0xbefff290	0xbefff290
lr             0x0	0
pc             0x10124	0x10124
cpsr           0x40000010	1073741840
fpscr          0x0	0
=> 0x10124:	ands	r3, r3, r1
0x00010128 in ?? ()
r0             0xb	11
r1             0x6	6
r2             0x0	0
r3             0x4	4
r4             0x0	0
r5             0x0	0
r6             0x0	0
r7             0x0	0
r8             0x0	0
r9             0x0	0
r10            0x0	0
r11            0x0	0
r12            0x0	0
sp             0xbefff290	0xbefff290
lr             0x0	0
pc             0x10128	0x10128
cpsr           0x10	16
fpscr          0x0	0
=> 0x10128:	andeq	r1, r1, r1
0x0001012c in ?? ()
r0             0xb	11
r1             0x6	6
r2             0x0	0
r3             0x4	4
r4             0x0	0
r5             0x0	0
r6             0x0	0
r7             0x0	0
r8             0x0	0
r9             0x0	0
r10            0x0	0
r11            0x0	0
r12            0x0	0
sp             0xbefff290	0xbefff290
lr             0x0	0
pc             0x1012c	0x1012c
cpsr           0x10	16
fpscr          0x0	0
=> 0x1012c:	andeq	r1, r1, r1
0x00010130 in ?? ()
r0             0xb	11
r1             0x6	6
r2             0x0	0
r3             0x4	4
r4             0x0	0
r5             0x0	0
r6             0x0	0
r7             0x0	0
r8             0x0	0
r9             0x0	0
r10            0x0	0
r11            0x0	0
r12            0x0	0
sp             0xbefff290	0xbefff290
lr             0x0	0
pc             0x10130	0x10130
cpsr           0x10	16
fpscr          0x0	0
=> 0x10130:	andeq	r1, r1, r1
0x00010134 in ?? ()
r0             0xb	11
r1             0x6	6
r2             0x0	0
r3             0x4	4
r4             0x0	0
r5             0x0	0
r6             0x0	0
r7             0x0	0
r8             0x0	0
r9             0x0	0
r10            0x0	0
r11            0x0	0
r12            0x0	0
sp             0xbefff290	0xbefff290
lr             0x0	0
pc             0x10134	0x10134
cpsr           0x10	16
fpscr          0x0	0
=> 0x10134:	andeq	r1, r1, r1
0x00010138 in ?? ()
r0             0xb	11
r1             0x6	6
r2             0x0	0
r3             0x4	4
r4             0x0	0
r5             0x0	0
r6             0x0	0
r7             0x0	0
r8             0x0	0
r9             0x0	0
r10            0x0	0
r11            0x0	0
r12            0x0	0
sp             0xbefff290	0xbefff290
lr             0x0	0
pc             0x10138	0x10138
cpsr           0x10	16
fpscr          0x0	0
=> 0x10138:	andeq	r1, r1, r1
0x0001013c in ?? ()
r0             0xb	11
r1             0x6	6
r2             0x0	0
r3             0x4	4
r4             0x0	0
r5             0x0	0
r6             0x0	0
r7             0x0	0
r8             0x0	0
r9             0x0	0
r10            0x0	0
r11            0x0	0
r12            0x0	0
sp             0xbefff290	0xbefff290
lr             0x0	0
pc             0x1013c	0x1013c
cpsr           0x10	16
fpscr          0x0	0
=> 0x1013c:	andeq	r2, r1, r1, lsl #2
0x00010140 in ?? ()
r0             0xb	11
r1             0x6	6
r2             0x0	0
r3             0x4	4
r4             0x0	0
r5             0x0	0
r6             0x0	0
r7             0x0	0
r8             0x0	0
r9             0x0	0
r10            0x0	0
r11            0x0	0
r12            0x0	0
sp             0xbefff290	0xbefff290
lr             0x0	0
pc             0x10140	0x10140
cpsr           0x10	16
fpscr          0x0	0
=> 0x10140:	andeq	r2, r1, r1, lsl #3
0x00010144 in ?? ()
r0             0xb	11
r1             0x6	6
r2             0x0	0
r3             0x4	4
r4             0x0	0
r5             0x0	0
r6             0x0	0
r7             0x0	0
r8             0x0	0
r9             0x0	0
r10            0x0	0
r11            0x0	0
r12            0x0	0
sp             0xbefff290	0xbefff290
lr             0x0	0
pc             0x10144	0x10144
cpsr           0x10	16
fpscr          0x0	0
=> 0x10144:	andeq	r2, r1, r1, lsl #5
0x00010148 in ?? ()
r0             0xb	11
r1             0x6	6
r2             0x0	0
r3             0x4	4
r4             0x0	0
r5             0x0	0
r6             0x0	0
r7             0x0	0
r8             0x0	0
r9             0x0	0
r10            0x0	0
r11            0x0	0
r12            0x0	0
sp             0xbefff290	0xbefff290
lr             0x0	0
pc             0x10148	0x10148
cpsr           0x10	16
fpscr          0x0	0
=> 0x10148:	andeq	r2, r1, r1, lsl #9
0x0001014c in ?? ()
r0             0xb	11
r1             0x6	6
r2             0x0	0
r3             0x4	4
r4             0x0	0
r5             0x0	0
r6             0x0	0
r7             0x0	0
r8             0x0	0
r9             0x0	0
r10            0x0	0
r11            0x0	0
r12            0x0	0
sp             0xbefff290	0xbefff290
lr             0x0	0
pc             0x1014c	0x1014c
cpsr           0x10	16
fpscr          0x0	0
=> 0x1014c:	andeq	r2, r1, r1, lsr #2
0x00010150 in ?? ()
r0             0xb	11
r1             0x6	6
r2             0x0	0
r3             0x4	4
r4             0x0	0
r5             0x0	0
r6             0x0	0
r7             0x0	0
r8             0x0	0
r9             0x0	0
r10            0x0	0
r11            0x0	0
r12            0x0	0
sp             0xbefff290	0xbefff290
lr             0x0	0
pc             0x10150	0x10150
cpsr           0x10	16
fpscr          0x0	0
=> 0x10150:	andeq	r2, r1, r1, lsr #3
0x00010154 in ?? ()
r0             0xb	11
r1             0x6	6
r2             0x0	0
r3             0x4	4
r4             0x0	0
r5             0x0	0
r6             0x0	0
r7             0x0	0
r8             0x0	0
r9             0x0	0
r10            0x0	0
r11            0x0	0
r12            0x0	0
sp             0xbefff290	0xbefff290
lr             0x0	0
pc             0x10154	0x10154
cpsr           0x10	16
fpscr          0x0	0
=> 0x10154:	andeq	r2, r1, r1, lsr #5
0x00010158 in ?? ()
r0             0xb	11
r1             0x6	6
r2             0x0	0
r3             0x4	4
r4             0x0	0
r5             0x0	0
r6             0x0	0
r7             0x0	0
r8             0x0	0
r9             0x0	0
r10            0x0	0
r11            0x0	0
r12            0x0	0
sp             0xbefff290	0xbefff290
lr             0x0	0
pc             0x10158	0x10158
cpsr           0x10	16
fpscr          0x0	0
=> 0x10158:	andeq	r2, r1, r1, lsr #9
0x0001015c in ?? ()
r0             0xb	11
r1             0x6	6
r2             0x0	0
r3             0x4	4
r4             0x0	0
r5             0x0	0
r6             0x0	0
r7             0x0	0
r8             0x0	0
r9             0x0	0
r10            0x0	0
r11            0x0	0
r12            0x0	0
sp             0xbefff290	0xbefff290
lr             0x0	0
pc             0x1015c	0x1015c
cpsr           0x10	16
fpscr          0x0	0
=> 0x1015c:	andeq	r2, r1, r1, asr #2
0x00010160 in ?? ()
r0             0xb	11
r1             0x6	6
r2             0x0	0
r3             0x4	4
r4             0x0	0
r5             0x0	0
r6             0x0	0
r7             0x0	0
r8             0x0	0
r9             0x0	0
r10            0x0	0
r11            0x0	0
r12            0x0	0
sp             0xbefff290	0xbefff290
lr             0x0	0
pc             0x10160	0x10160
cpsr           0x10	16
fpscr          0x0	0
=> 0x10160:	andeq	r2, r1, r1, asr #3
0x00010164 in ?? ()
r0             0xb	11
r1             0x6	6
r2             0x0	0
r3             0x4	4
r4             0x0	0
r5             0x0	0
r6             0x0	0
r7             0x0	0
r8             0x0	0
r9             0x0	0
r10            0x0	0
r11            0x0	0
r12            0x0	0
sp             0xbefff290	0xbefff290
lr             0x0	0
pc             0x10164	0x10164
cpsr           0x10	16
fpscr          0x0	0
=> 0x10164:	andeq	r2, r1, r1, asr #5
0x00010168 in ?? ()
r0             0xb	11
r1             0x6	6
r2             0x0	0
r3             0x4	4
r4             0x0	0
r5             0x0	0
r6             0x0	0
r7             0x0	0
r8             0x0	0
r9             0x0	0
r10            0x0	0
r11            0x0	0
r12            0x0	0
sp             0xbefff290	0xbefff290
lr             0x0	0
pc             0x10168	0x10168
cpsr           0x10	16
fpscr          0x0	0
=> 0x10168:	andeq	r2, r1, r1, asr #9
0x0001016c in ?? ()
r0             0xb	11
r1             0x6	6
r2             0x0	0
r3             0x4	4
r4             0x0	0
r5             0x0	0
r6             0x0	0
r7             0x0	0
r8             0x0	0
r9             0x0	0
r10            0x0	0
r11            0x0	0
r12            0x0	0
sp             0xbefff290	0xbefff290
lr             0x0	0
pc             0x1016c	0x1016c
cpsr           0x10	16
fpscr          0x0	0
=> 0x1016c:	andeq	r3, r3, pc
0x00010170 in ?? ()
r0             0xb	11
r1             0x6	6
r2             0x0	0
r3             0x4	4
r4             0x0	0
r5             0x0	0
r6             0x0	0
r7             0x0	0
r8             0x0	0
r9             0x0	0
r10            0x0	0
r11            0x0	0
r12            0x0	0
sp             0xbefff290	0xbefff290
lr             0x0	0
pc             0x10170	0x10170
cpsr           0x10	16
fpscr          0x0	0
=> 0x10170:	andseq	r1, r1, r1
0x00010174 in ?? ()
r0             0xb	11
r1             0x6	6
r2             0x0	0
r3             0x4	4
r4             0x0	0
r5             0x0	0
r6             0x0	0
r7             0x0	0
r8             0x0	0
r9             0x0	0
r10            0x0	0
r11            0x0	0
r12            0x0	0
sp             0xbefff290	0xbefff290
lr             0x0	0
pc             0x10174	0x10174
cpsr           0x10	16
fpscr          0x0	0
=> 0x10174:	andseq	r1, r1, r1
0x00010178 in ?? ()
r0             0xb	11
r1             0x6	6
r2             0x0	0
r3             0x4	4
r4             0x0	0
r5             0x0	0
r6             0x0	0
r7             0x0	0
r8             0x0	0
r9             0x0	0
r10            0x0	0
r11            0x0	0
r12            0x0	0
sp             0xbefff290	0xbefff290
lr             0x0	0
pc             0x10178	0x10178
cpsr           0x10	16
fpscr          0x0	0
=> 0x10178:	andseq	r1, r1, r1
0x0001017c in ?? ()
r0             0xb	11
r1             0x6	6
r2             0x0	0
r3             0x4	4
r4             0x0	0
r5             0x0	0
r6             0x0	0
r7             0x0	0
r8             0x0	0
r9             0x0	0
r10            0x0	0
r11            0x0	0
r12            0x0	0
sp             0xbefff290	0xbefff290
lr             0x0	0
pc             0x1017c	0x1017c
cpsr           0x10	16
fpscr          0x0	0
=> 0x1017c:	andseq	r1, r1, r1
0x00010180 in ?? ()
r0             0xb	11
r1             0x6	6
r2             0x0	0
r3             0x4	4
r4             0x0	0
r5             0x0	0
r6             0x0	0
r7             0x0	0
r8             0x0	0
r9             0x0	0
r10            0x0	0
r11            0x0	0
r12            0x0	0
sp             0xbefff290	0xbefff290
lr             0x0	0
pc             0x10180	0x10180
cpsr           0x10	16
fpscr          0x0	0
=> 0x10180:	andseq	r1, r1, r1
0x00010184 in ?? ()
r0             0xb	11
r1             0x6	6
r2             0x0	0
r3             0x4	4
r4             0x0	0
r5             0x0	0
r6             0x0	0
r7             0x0	0
r8             0x0	0
r9             0x0	0
r10            0x0	0
r11            0x0	0
r12            0x0	0
sp             0xbefff290	0xbefff290
lr             0x0	0
pc             0x10184	0x10184
cpsr           0x10	16
fpscr          0x0	0
=> 0x10184:	andseq	r2, r1, r1, lsl #2
0x00010188 in ?? ()
r0             0xb	11
r1             0x6	6
r2             0x0	0
r3             0x4	4
r4             0x0	0
r5             0x0	0
r6             0x0	0
r7             0x0	0
r8             0x0	0
r9             0x0	0
r10            0x0	0
r11            0x0	0
r12            0x0	0
sp             0xbefff290	0xbefff290
lr             0x0	0
pc             0x10188	0x10188
cpsr           0x10	16
fpscr          0x0	0
=> 0x10188:	andseq	r2, r1, r1, lsl #3
0x0001018c in ?? ()
r0             0xb	11
r1             0x6	6
r2             0x0	0
r3             0x4	4
r4             0x0	0
r5             0x0	0
r6             0x0	0
r7             0x0	0
r8             0x0	0
r9             0x0	0
r10            0x0	0
r11            0x0	0
r12            0x0	0
sp             0xbefff290	0xbefff290
lr             0x0	0
pc             0x1018c	0x1018c
cpsr           0x10	16
fpscr          0x0	0
=> 0x1018c:	andseq	r2, r1, r1, lsl #5
0x00010190 in ?? ()
r0             0xb	11
r1             0x6	6
r2             0x0	0
r3             0x4	4
r4             0x0	0
r5             0x0	0
r6             0x0	0
r7             0x0	0
r8             0x0	0
r9             0x0	0
r10            0x0	0
r11            0x0	0
r12            0x0	0
sp             0xbefff290	0xbefff290
lr             0x0	0
pc             0x10190	0x10190
cpsr           0x10	16
fpscr          0x0	0
=> 0x10190:	andseq	r2, r1, r1, lsl #9
0x00010194 in ?? ()
r0             0xb	11
r1             0x6	6
r2             0x0	0
r3             0x4	4
r4             0x0	0
r5             0x0	0
r6             0x0	0
r7             0x0	0
r8             0x0	0
r9             0x0	0
r10            0x0	0
r11            0x0	0
r12            0x0	0
sp             0xbefff290	0xbefff290
lr             0x0	0
pc             0x10194	0x10194
cpsr           0x10	16
fpscr          0x0	0
=> 0x10194:	andseq	r2, r1, r1, lsr #2
0x00010198 in ?? ()
r0             0xb	11
r1             0x6	6
r2             0x0	0
r3             0x4	4
r4             0x0	0
r5             0x0	0
r6             0x0	0
r7             0x0	0
r8             0x0	0
r9             0x0	0
r10            0x0	0
r11            0x0	0
r12            0x0	0
sp             0xbefff290	0xbefff290
lr             0x0	0
pc             0x10198	0x10198
cpsr           0x10	16
fpscr          0x0	0
=> 0x10198:	andseq	r2, r1, r1, lsr #3
0x0001019c in ?? ()
r0             0xb	11
r1             0x6	6
r2             0x0	0
r3             0x4	4
r4             0x0	0
r5             0x0	0
r6             0x0	0
r7             0x0	0
r8             0x0	0
r9             0x0	0
r10            0x0	0
r11            0x0	0
r12            0x0	0
sp             0xbefff290	0xbefff290
lr             0x0	0
pc             0x1019c	0x1019c
cpsr           0x10	16
fpscr          0x0	0
=> 0x1019c:	andseq	r2, r1, r1, lsr #5
0x000101a0 in ?? ()
r0             0xb	11
r1             0x6	6
r2             0x0	0
r3             0x4	4
r4             0x0	0
r5             0x0	0
r6             0x0	0
r7             0x0	0
r8             0x0	0
r9             0x0	0
r10            0x0	0
r11            0x0	0
r12            0x0	0
sp             0xbefff290	0xbefff290
lr             0x0	0
pc             0x101a0	0x101a0
cpsr           0x10	16
fpscr          0x0	0
=> 0x101a0:	andseq	r2, r1, r1, lsr #9
0x000101a4 in ?? ()
r0             0xb	11
r1             0x6	6
r2             0x0	0
r3             0x4	4
r4             0x0	0
r5             0x0	0
r6             0x0	0
r7             0x0	0
r8             0x0	0
r9             0x0	0
r10            0x0	0
r11            0x0	0
r12            0x0	0
sp             0xbefff290	0xbefff290
lr             0x0	0
pc             0x101a4	0x101a4
cpsr           0x10	16
fpscr          0x0	0
=> 0x101a4:	andseq	r2, r1, r1, asr #2
0x000101a8 in ?? ()
r0             0xb	11
r1             0x6	6
r2             0x0	0
r3             0x4	4
r4             0x0	0
r5             0x0	0
r6             0x0	0
r7             0x0	0
r8             0x0	0
r9             0x0	0
r10            0x0	0
r11            0x0	0
r12            0x0	0
sp             0xbefff290	0xbefff290
lr             0x0	0
pc             0x101a8	0x101a8
cpsr           0x10	16
fpscr          0x0	0
=> 0x101a8:	andseq	r2, r1, r1, asr #3
0x000101ac in ?? ()
r0             0xb	11
r1             0x6	6
r2             0x0	0
r3             0x4	4
r4             0x0	0
r5             0x0	0
r6             0x0	0
r7             0x0	0
r8             0x0	0
r9             0x0	0
r10            0x0	0
r11            0x0	0
r12            0x0	0
sp             0xbefff290	0xbefff290
lr             0x0	0
pc             0x101ac	0x101ac
cpsr           0x10	16
fpscr          0x0	0
=> 0x101ac:	andseq	r2, r1, r1, asr #5
0x000101b0 in ?? ()
r0             0xb	11
r1             0x6	6
r2             0x0	0
r3             0x4	4
r4             0x0	0
r5             0x0	0
r6             0x0	0
r7             0x0	0
r8             0x0	0
r9             0x0	0
r10            0x0	0
r11            0x0	0
r12            0x0	0
sp             0xbefff290	0xbefff290
lr             0x0	0
pc             0x101b0	0x101b0
cpsr           0x10	16
fpscr          0x0	0
=> 0x101b0:	andseq	r2, r1, r1, asr #9
0x000101b4 in ?? ()
r0             0xb	11
r1             0x6	6
r2             0x0	0
r3             0x4	4
r4             0x0	0
r5             0x0	0
r6             0x0	0
r7             0x0	0
r8             0x0	0
r9             0x0	0
r10            0x0	0
r11            0x0	0
r12            0x0	0
sp             0xbefff290	0xbefff290
lr             0x0	0
pc             0x101b4	0x101b4
cpsr           0x10	16
fpscr          0x0	0
=> 0x101b4:	andseq	r3, r3, pc
0x000101b8 in ?? ()
r0             0xb	11
r1             0x6	6
r2             0x0	0
r3             0x4	4
r4             0x0	0
r5             0x0	0
r6             0x0	0
r7             0x0	0
r8             0x0	0
r9             0x0	0
r10            0x0	0
r11            0x0	0
r12            0x0	0
sp             0xbefff290	0xbefff290
lr             0x0	0
pc             0x101b8	0x101b8
cpsr           0x10	16
fpscr          0x0	0
=> 0x101b8:	andmi	r1, r1, r1
0x000101bc in ?? ()
r0             0xb	11
r1             0x6	6
r2             0x0	0
r3             0x4	4
r4             0x0	0
r5             0x0	0
r6             0x0	0
r7             0x0	0
r8             0x0	0
r9             0x0	0
r10            0x0	0
r11            0x0	0
r12            0x0	0
sp             0xbefff290	0xbefff290
lr             0x0	0
pc             0x101bc	0x101bc
cpsr           0x10	16
fpscr          0x0	0
=> 0x101bc:	andmi	r1, r1, r1
0x000101c0 in ?? ()
r0             0xb	11
r1             0x6	6
r2             0x0	0
r3             0x4	4
r4             0x0	0
r5             0x0	0
r6             0x0	0
r7             0x0	0
r8             0x0	0
r9             0x0	0
r10            0x0	0
r11            0x0	0
r12            0x0	0
sp             0xbefff290	0xbefff290
lr             0x0	0
pc             0x101c0	0x101c0
cpsr           0x10	16
fpscr          0x0	0
=> 0x101c0:	andmi	r1, r1, r1
0x000101c4 in ?? ()
r0             0xb	11
r1             0x6	6
r2             0x0	0
r3             0x4	4
r4             0x0	0
r5             0x0	0
r6             0x0	0
r7             0x0	0
r8             0x0	0
r9             0x0	0
r10            0x0	0
r11            0x0	0
r12            0x0	0
sp             0xbefff290	0xbefff290
lr             0x0	0
pc             0x101c4	0x101c4
cpsr           0x10	16
fpscr          0x0	0
=> 0x101c4:	andmi	r1, r1, r1
0x000101c8 in ?? ()
r0             0xb	11
r1             0x6	6
r2             0x0	0
r3             0x4	4
r4             0x0	0
r5             0x0	0
r6             0x0	0
r7             0x0	0
r8             0x0	0
r9             0x0	0
r10            0x0	0
r11            0x0	0
r12            0x0	0
sp             0xbefff290	0xbefff290
lr             0x0	0
pc             0x101c8	0x101c8
cpsr           0x10	16
fpscr          0x0	0
=> 0x101c8:	andmi	r1, r1, r1
0x000101cc in ?? ()
r0             0xb	11
r1             0x6	6
r2             0x0	0
r3             0x4	4
r4             0x0	0
r5             0x0	0
r6             0x0	0
r7             0x0	0
r8             0x0	0
r9             0x0	0
r10            0x0	0
r11            0x0	0
r12            0x0	0
sp             0xbefff290	0xbefff290
lr             0x0	0
pc             0x101cc	0x101cc
cpsr           0x10	16
fpscr          0x0	0
=> 0x101cc:	andmi	r2, r1, r1, lsl #2
0x000101d0 in ?? ()
r0             0xb	11
r1             0x6	6
r2             0x0	0
r3             0x4	4
r4             0x0	0
r5             0x0	0
r6             0x0	0
r7             0x0	0
r8             0x0	0
r9             0x0	0
r10            0x0	0
r11            0x0	0
r12            0x0	0
sp             0xbefff290	0xbefff290
lr             0x0	0
pc             0x101d0	0x101d0
cpsr           0x10	16
fpscr          0x0	0
=> 0x101d0:	andmi	r2, r1, r1, lsl #3
0x000101d4 in ?? ()
r0             0xb	11
r1             0x6	6
r2             0x0	0
r3             0x4	4
r4             0x0	0
r5             0x0	0
r6             0x0	0
r7             0x0	0
r8             0x0	0
r9             0x0	0
r10            0x0	0
r11            0x0	0
r12            0x0	0
sp             0xbefff290	0xbefff290
lr             0x0	0
pc             0x101d4	0x101d4
cpsr           0x10	16
fpscr          0x0	0
=> 0x101d4:	andmi	r2, r1, r1, lsl #5
0x000101d8 in ?? ()
r0             0xb	11
r1             0x6	6
r2             0x0	0
r3             0x4	4
r4             0x0	0
r5             0x0	0
r6             0x0	0
r7             0x0	0
r8             0x0	0
r9             0x0	0
r10            0x0	0
r11            0x0	0
r12            0x0	0
sp             0xbefff290	0xbefff290
lr             0x0	0
pc             0x101d8	0x101d8
cpsr           0x10	16
fpscr          0x0	0
=> 0x101d8:	andmi	r2, r1, r1, lsl #9
0x000101dc in ?? ()
r0             0xb	11
r1             0x6	6
r2             0x0	0
r3             0x4	4
r4             0x0	0
r5             0x0	0
r6             0x0	0
r7             0x0	0
r8             0x0	0
r9             0x0	0
r10            0x0	0
r11            0x0	0
r12            0x0	0
sp             0xbefff290	0xbefff290
lr             0x0	0
pc             0x101dc	0x101dc
cpsr           0x10	16
fpscr          0x0	0
=> 0x101dc:	andmi	r2, r1, r1, lsr #2
0x000101e0 in ?? ()
r0             0xb	11
r1             0x6	6
r2             0x0	0
r3             0x4	4
r4             0x0	0
r5             0x0	0
r6             0x0	0
r7             0x0	0
r8             0x0	0
r9             0x0	0
r10            0x0	0
r11            0x0	0
r12            0x0	0
sp             0xbefff290	0xbefff290
lr             0x0	0
pc             0x101e0	0x101e0
cpsr           0x10	16
fpscr          0x0	0
=> 0x101e0:	andmi	r2, r1, r1, lsr #3
0x000101e4 in ?? ()
r0             0xb	11
r1             0x6	6
r2             0x0	0
r3             0x4	4
r4             0x0	0
r5             0x0	0
r6             0x0	0
r7             0x0	0
r8             0x0	0
r9             0x0	0
r10            0x0	0
r11            0x0	0
r12            0x0	0
sp             0xbefff290	0xbefff290
lr             0x0	0
pc             0x101e4	0x101e4
cpsr           0x10	16
fpscr          0x0	0
=> 0x101e4:	andmi	r2, r1, r1, lsr #5
0x000101e8 in ?? ()
r0             0xb	11
r1             0x6	6
r2             0x0	0
r3             0x4	4
r4             0x0	0
r5             0x0	0
r6             0x0	0
r7             0x0	0
r8             0x0	0
r9             0x0	0
r10            0x0	0
r11            0x0	0
r12            0x0	0
sp             0xbefff290	0xbefff290
lr             0x0	0
pc             0x101e8	0x101e8
cpsr           0x10	16
fpscr          0x0	0
=> 0x101e8:	andmi	r2, r1, r1, lsr #9
0x000101ec in ?? ()
r0             0xb	11
r1             0x6	6
r2             0x0	0
r3             0x4	4
r4             0x0	0
r5             0x0	0
r6             0x0	0
r7             0x0	0
r8             0x0	0
r9             0x0	0
r10            0x0	0
r11            0x0	0
r12            0x0	0
sp             0xbefff290	0xbefff290
lr             0x0	0
pc             0x101ec	0x101ec
cpsr           0x10	16
fpscr          0x0	0
=> 0x101ec:	andmi	r2, r1, r1, asr #2
0x000101f0 in ?? ()
r0             0xb	11
r1             0x6	6
r2             0x0	0
r3             0x4	4
r4             0x0	0
r5             0x0	0
r6             0x0	0
r7             0x0	0
r8             0x0	0
r9             0x0	0
r10            0x0	0
r11            0x0	0
r12            0x0	0
sp             0xbefff290	0xbefff290
lr             0x0	0
pc             0x101f0	0x101f0
cpsr           0x10	16
fpscr          0x0	0
=> 0x101f0:	andmi	r2, r1, r1, asr #3
0x000101f4 in ?? ()
r0             0xb	11
r1             0x6	6
r2             0x0	0
r3             0x4	4
r4             0x0	0
r5             0x0	0
r6             0x0	0
r7             0x0	0
r8             0x0	0
r9             0x0	0
r10            0x0	0
r11            0x0	0
r12            0x0	0
sp             0xbefff290	0xbefff290
lr             0x0	0
pc             0x101f4	0x101f4
cpsr           0x10	16
fpscr          0x0	0
=> 0x101f4:	andmi	r2, r1, r1, asr #5
0x000101f8 in ?? ()
r0             0xb	11
r1             0x6	6
r2             0x0	0
r3             0x4	4
r4             0x0	0
r5             0x0	0
r6             0x0	0
r7             0x0	0
r8             0x0	0
r9             0x0	0
r10            0x0	0
r11            0x0	0
r12            0x0	0
sp             0xbefff290	0xbefff290
lr             0x0	0
pc             0x101f8	0x101f8
cpsr           0x10	16
fpscr          0x0	0
=> 0x101f8:	andmi	r2, r1, r1, asr #9
0x000101fc in ?? ()
r0             0xb	11
r1             0x6	6
r2             0x0	0
r3             0x4	4
r4             0x0	0
r5             0x0	0
r6             0x0	0
r7             0x0	0
r8             0x0	0
r9             0x0	0
r10            0x0	0
r11            0x0	0
r12            0x0	0
sp             0xbefff290	0xbefff290
lr             0x0	0
pc             0x101fc	0x101fc
cpsr           0x10	16
fpscr          0x0	0
=> 0x101fc:	andmi	r3, r3, pc
0x00010200 in ?? ()
r0             0xb	11
r1             0x6	6
r2             0x0	0
r3             0x4	4
r4             0x0	0
r5             0x0	0
r6             0x0	0
r7             0x0	0
r8             0x0	0
r9             0x0	0
r10            0x0	0
r11            0x0	0
r12            0x0	0
sp             0xbefff290	0xbefff290
lr             0x0	0
pc             0x10200	0x10200
cpsr           0x10	16
fpscr          0x0	0
=> 0x10200:	andsmi	r1, r1, r1
0x00010204 in ?? ()
r0             0xb	11
r1             0x6	6
r2             0x0	0
r3             0x4	4
r4             0x0	0
r5             0x0	0
r6             0x0	0
r7             0x0	0
r8             0x0	0
r9             0x0	0
r10            0x0	0
r11            0x0	0
r12            0x0	0
sp             0xbefff290	0xbefff290
lr             0x0	0
pc             0x10204	0x10204
cpsr           0x10	16
fpscr          0x0	0
=> 0x10204:	andsmi	r1, r1, r1
0x00010208 in ?? ()
r0             0xb	11
r1             0x6	6
r2             0x0	0
r3             0x4	4
r4             0x0	0
r5             0x0	0
r6             0x0	0
r7             0x0	0
r8             0x0	0
r9             0x0	0
r10            0x0	0
r11            0x0	0
r12            0x0	0
sp             0xbefff290	0xbefff290
lr             0x0	0
pc             0x10208	0x10208
cpsr           0x10	16
fpscr          0x0	0
=> 0x10208:	andsmi	r1, r1, r1
0x0001020c in ?? ()
r0             0xb	11
r1             0x6	6
r2             0x0	0
r3             0x4	4
r4             0x0	0
r5             0x0	0
r6             0x0	0
r7             0x0	0
r8             0x0	0
r9             0x0	0
r10            0x0	0
r11            0x0	0
r12            0x0	0
sp             0xbefff290	0xbefff290
lr             0x0	0
pc             0x1020c	0x1020c
cpsr           0x10	16
fpscr          0x0	0
=> 0x1020c:	andsmi	r1, r1, r1
0x00010210 in ?? ()
r0             0xb	11
r1             0x6	6
r2             0x0	0
r3             0x4	4
r4             0x0	0
r5             0x0	0
r6             0x0	0
r7             0x0	0
r8             0x0	0
r9             0x0	0
r10            0x0	0
r11            0x0	0
r12            0x0	0
sp             0xbefff290	0xbefff290
lr             0x0	0
pc             0x10210	0x10210
cpsr           0x10	16
fpscr          0x0	0
=> 0x10210:	andsmi	r1, r1, r1
0x00010214 in ?? ()
r0             0xb	11
r1             0x6	6
r2             0x0	0
r3             0x4	4
r4             0x0	0
r5             0x0	0
r6             0x0	0
r7             0x0	0
r8             0x0	0
r9             0x0	0
r10            0x0	0
r11            0x0	0
r12            0x0	0
sp             0xbefff290	0xbefff290
lr             0x0	0
pc             0x10214	0x10214
cpsr           0x10	16
fpscr          0x0	0
=> 0x10214:	andsmi	r2, r1, r1, lsl #2
0x00010218 in ?? ()
r0             0xb	11
r1             0x6	6
r2             0x0	0
r3             0x4	4
r4             0x0	0
r5             0x0	0
r6             0x0	0
r7             0x0	0
r8             0x0	0
r9             0x0	0
r10            0x0	0
r11            0x0	0
r12            0x0	0
sp             0xbefff290	0xbefff290
lr             0x0	0
pc             0x10218	0x10218
cpsr           0x10	16
fpscr          0x0	0
=> 0x10218:	andsmi	r2, r1, r1, lsl #3
0x0001021c in ?? ()
r0             0xb	11
r1             0x6	6
r2             0x0	0
r3             0x4	4
r4             0x0	0
r5             0x0	0
r6             0x0	0
r7             0x0	0
r8             0x0	0
r9             0x0	0
r10            0x0	0
r11            0x0	0
r12            0x0	0
sp             0xbefff290	0xbefff290
lr             0x0	0
pc             0x1021c	0x1021c
cpsr           0x10	16
fpscr          0x0	0
=> 0x1021c:	andsmi	r2, r1, r1, lsl #5
0x00010220 in ?? ()
r0             0xb	11
r1             0x6	6
r2             0x0	0
r3             0x4	4
r4             0x0	0
r5             0x0	0
r6             0x0	0
r7             0x0	0
r8             0x0	0
r9             0x0	0
r10            0x0	0
r11            0x0	0
r12            0x0	0
sp             0xbefff290	0xbefff290
lr             0x0	0
pc             0x10220	0x10220
cpsr           0x10	16
fpscr          0x0	0
=> 0x10220:	andsmi	r2, r1, r1, lsl #9
0x00010224 in ?? ()
r0             0xb	11
r1             0x6	6
r2             0x0	0
r3             0x4	4
r4             0x0	0
r5             0x0	0
r6             0x0	0
r7             0x0	0
r8             0x0	0
r9             0x0	0
r10            0x0	0
r11            0x0	0
r12            0x0	0
sp             0xbefff290	0xbefff290
lr             0x0	0
pc             0x10224	0x10224
cpsr           0x10	16
fpscr          0x0	0
=> 0x10224:	andsmi	r2, r1, r1, lsr #2
0x00010228 in ?? ()
r0             0xb	11
r1             0x6	6
r2             0x0	0
r3             0x4	4
r4             0x0	0
r5             0x0	0
r6             0x0	0
r7             0x0	0
r8             0x0	0
r9             0x0	0
r10            0x0	0
r11            0x0	0
r12            0x0	0
sp             0xbefff290	0xbefff290
lr             0x0	0
pc             0x10228	0x10228
cpsr           0x10	16
fpscr          0x0	0
=> 0x10228:	andsmi	r2, r1, r1, lsr #3
0x0001022c in ?? ()
r0             0xb	11
r1             0x6	6
r2             0x0	0
r3             0x4	4
r4             0x0	0
r5             0x0	0
r6             0x0	0
r7             0x0	0
r8             0x0	0
r9             0x0	0
r10            0x0	0
r11            0x0	0
r12            0x0	0
sp             0xbefff290	0xbefff290
lr             0x0	0
pc             0x1022c	0x1022c
cpsr           0x10	16
fpscr          0x0	0
=> 0x1022c:	andsmi	r2, r1, r1, lsr #5
0x00010230 in ?? ()
r0             0xb	11
r1             0x6	6
r2             0x0	0
r3             0x4	4
r4             0x0	0
r5             0x0	0
r6             0x0	0
r7             0x0	0
r8             0x0	0
r9             0x0	0
r10            0x0	0
r11            0x0	0
r12            0x0	0
sp             0xbefff290	0xbefff290
lr             0x0	0
pc             0x10230	0x10230
cpsr           0x10	16
fpscr          0x0	0
=> 0x10230:	andsmi	r2, r1, r1, lsr #9
0x00010234 in ?? ()
r0             0xb	11
r1             0x6	6
r2             0x0	0
r3             0x4	4
r4             0x0	0
r5             0x0	0
r6             0x0	0
r7             0x0	0
r8             0x0	0
r9             0x0	0
r10            0x0	0
r11            0x0	0
r12            0x0	0
sp             0xbefff290	0xbefff290
lr             0x0	0
pc             0x10234	0x10234
cpsr           0x10	16
fpscr          0x0	0
=> 0x10234:	andsmi	r2, r1, r1, asr #2
0x00010238 in ?? ()
r0             0xb	11
r1             0x6	6
r2             0x0	0
r3             0x4	4
r4             0x0	0
r5             0x0	0
r6             0x0	0
r7             0x0	0
r8             0x0	0
r9             0x0	0
r10            0x0	0
r11            0x0	0
r12            0x0	0
sp             0xbefff290	0xbefff290
lr             0x0	0
pc             0x10238	0x10238
cpsr           0x10	16
fpscr          0x0	0
=> 0x10238:	andsmi	r2, r1, r1, asr #3
0x0001023c in ?? ()
r0             0xb	11
r1             0x6	6
r2             0x0	0
r3             0x4	4
r4             0x0	0
r5             0x0	0
r6             0x0	0
r7             0x0	0
r8             0x0	0
r9             0x0	0
r10            0x0	0
r11            0x0	0
r12            0x0	0
sp             0xbefff290	0xbefff290
lr             0x0	0
pc             0x1023c	0x1023c
cpsr           0x10	16
fpscr          0x0	0
=> 0x1023c:	andsmi	r2, r1, r1, asr #5
0x00010240 in ?? ()
r0             0xb	11
r1             0x6	6
r2             0x0	0
r3             0x4	4
r4             0x0	0
r5             0x0	0
r6             0x0	0
r7             0x0	0
r8             0x0	0
r9             0x0	0
r10            0x0	0
r11            0x0	0
r12            0x0	0
sp             0xbefff290	0xbefff290
lr             0x0	0
pc             0x10240	0x10240
cpsr           0x10	16
fpscr          0x0	0
=> 0x10240:	andsmi	r2, r1, r1, asr #9
0x00010244 in ?? ()
r0             0xb	11
r1             0x6	6
r2             0x0	0
r3             0x4	4
r4             0x0	0
r5             0x0	0
r6             0x0	0
r7             0x0	0
r8             0x0	0
r9             0x0	0
r10            0x0	0
r11            0x0	0
r12            0x0	0
sp             0xbefff290	0xbefff290
lr             0x0	0
pc             0x10244	0x10244
cpsr           0x10	16
fpscr          0x0	0
=> 0x10244:	andsmi	r3, r3, pc
0x00010248 in ?? ()
r0             0xb	11
r1             0x6	6
r2             0x0	0
r3             0x4	4
r4             0x0	0
r5             0x0	0
r6             0x0	0
r7             0x0	0
r8             0x0	0
r9             0x0	0
r10            0x0	0
r11            0x0	0
r12            0x0	0
sp             0xbefff290	0xbefff290
lr             0x0	0
pc             0x10248	0x10248
cpsr           0x10	16
fpscr          0x0	0
=> 0x10248:	andvs	r1, r1, r1
0x0001024c in ?? ()
r0             0xb	11
r1             0x6	6
r2             0x0	0
r3             0x4	4
r4             0x0	0
r5             0x0	0
r6             0x0	0
r7             0x0	0
r8             0x0	0
r9             0x0	0
r10            0x0	0
r11            0x0	0
r12            0x0	0
sp             0xbefff290	0xbefff290
lr             0x0	0
pc             0x1024c	0x1024c
cpsr           0x10	16
fpscr          0x0	0
=> 0x1024c:	andls	r1, r1, r1
0x00010250 in ?? ()
r0             0xb	11
r1             0x6	6
r2             0x0	0
r3             0x4	4
r4             0x0	0
r5             0x0	0
r6             0x0	0
r7             0x0	0
r8             0x0	0
r9             0x0	0
r10            0x0	0
r11            0x0	0
r12            0x0	0
sp             0xbefff290	0xbefff290
lr             0x0	0
pc             0x10250	0x10250
cpsr           0x10	16
fpscr          0x0	0
=> 0x10250:	andvs	r1, r1, r1
0x00010254 in ?? ()
r0             0xb	11
r1             0x6	6
r2             0x0	0
r3             0x4	4
r4             0x0	0
r5             0x0	0
r6             0x0	0
r7             0x0	0
r8             0x0	0
r9             0x0	0
r10            0x0	0
r11            0x0	0
r12            0x0	0
sp             0xbefff290	0xbefff290
lr             0x0	0
pc             0x10254	0x10254
cpsr           0x10	16
fpscr          0x0	0
=> 0x10254:	andls	r1, r1, r1
0x00010258 in ?? ()
r0             0xb	11
r1             0x6	6
r2             0x0	0
r3             0x4	4
r4             0x0	0
r5             0x0	0
r6             0x0	0
r7             0x0	0
r8             0x0	0
r9             0x0	0
r10            0x0	0
r11            0x0	0
r12            0x0	0
sp             0xbefff290	0xbefff290
lr             0x0	0
pc             0x10258	0x10258
cpsr           0x10	16
fpscr          0x0	0
=> 0x10258:	andvs	r1, r1, r1
0x0001025c in ?? ()
r0             0xb	11
r1             0x6	6
r2             0x0	0
r3             0x4	4
r4             0x0	0
r5             0x0	0
r6             0x0	0
r7             0x0	0
r8             0x0	0
r9             0x0	0
r10            0x0	0
r11            0x0	0
r12            0x0	0
sp             0xbefff290	0xbefff290
lr             0x0	0
pc             0x1025c	0x1025c
cpsr           0x10	16
fpscr          0x0	0
=> 0x1025c:	andls	r1, r1, r1
0x00010260 in ?? ()
r0             0xb	11
r1             0x6	6
r2             0x0	0
r3             0x4	4
r4             0x0	0
r5             0x0	0
r6             0x0	0
r7             0x0	0
r8             0x0	0
r9             0x0	0
r10            0x0	0
r11            0x0	0
r12            0x0	0
sp             0xbefff290	0xbefff290
lr             0x0	0
pc             0x10260	0x10260
cpsr           0x10	16
fpscr          0x0	0
=> 0x10260:	andvs	r1, r1, r1
0x00010264 in ?? ()
r0             0xb	11
r1             0x6	6
r2             0x0	0
r3             0x4	4
r4             0x0	0
r5             0x0	0
r6             0x0	0
r7             0x0	0
r8             0x0	0
r9             0x0	0
r10            0x0	0
r11            0x0	0
r12            0x0	0
sp             0xbefff290	0xbefff290
lr             0x0	0
pc             0x10264	0x10264
cpsr           0x10	16
fpscr          0x0	0
=> 0x10264:	andls	r1, r1, r1
0x00010268 in ?? ()
r0             0xb	11
r1             0x6	6
r2             0x0	0
r3             0x4	4
r4             0x0	0
r5             0x0	0
r6             0x0	0
r7             0x0	0
r8             0x0	0
r9             0x0	0
r10            0x0	0
r11            0x0	0
r12            0x0	0
sp             0xbefff290	0xbefff290
lr             0x0	0
pc             0x10268	0x10268
cpsr           0x10	16
fpscr          0x0	0
=> 0x10268:	andvs	r1, r1, r1
0x0001026c in ?? ()
r0             0xb	11
r1             0x6	6
r2             0x0	0
r3             0x4	4
r4             0x0	0
r5             0x0	0
r6             0x0	0
r7             0x0	0
r8             0x0	0
r9             0x0	0
r10            0x0	0
r11            0x0	0
r12            0x0	0
sp             0xbefff290	0xbefff290
lr             0x0	0
pc             0x1026c	0x1026c
cpsr           0x10	16
fpscr          0x0	0
=> 0x1026c:	andls	r1, r1, r1
0x00010270 in ?? ()
r0             0xb	11
r1             0x6	6
r2             0x0	0
r3             0x4	4
r4             0x0	0
r5             0x0	0
r6             0x0	0
r7             0x0	0
r8             0x0	0
r9             0x0	0
r10            0x0	0
r11            0x0	0
r12            0x0	0
sp             0xbefff290	0xbefff290
lr             0x0	0
pc             0x10270	0x10270
cpsr           0x10	16
fpscr          0x0	0
=> 0x10270:	andvs	r2, r1, r1, lsl #2
0x00010274 in ?? ()
r0             0xb	11
r1             0x6	6
r2             0x0	0
r3             0x4	4
r4             0x0	0
r5             0x0	0
r6             0x0	0
r7             0x0	0
r8             0x0	0
r9             0x0	0
r10            0x0	0
r11            0x0	0
r12            0x0	0
sp             0xbefff290	0xbefff290
lr             0x0	0
pc             0x10274	0x10274
cpsr           0x10	16
fpscr          0x0	0
=> 0x10274:	andls	r2, r1, r1, lsl #2
0x00010278 in ?? ()
r0             0xb	11
r1             0x6	6
r2             0x0	0
r3             0x4	4
r4             0x0	0
r5             0x0	0
r6             0x0	0
r7             0x0	0
r8             0x0	0
r9             0x0	0
r10            0x0	0
r11            0x0	0
r12            0x0	0
sp             0xbefff290	0xbefff290
lr             0x0	0
pc             0x10278	0x10278
cpsr           0x10	16
fpscr          0x0	0
=> 0x10278:	andvs	r2, r1, r1, lsl #3
0x0001027c in ?? ()
r0             0xb	11
r1             0x6	6
r2             0x0	0
r3             0x4	4
r4             0x0	0
r5             0x0	0
r6             0x0	0
r7             0x0	0
r8             0x0	0
r9             0x0	0
r10            0x0	0
r11            0x0	0
r12            0x0	0
sp             0xbefff290	0xbefff290
lr             0x0	0
pc             0x1027c	0x1027c
cpsr           0x10	16
fpscr          0x0	0
=> 0x1027c:	andls	r2, r1, r1, lsl #3
0x00010280 in ?? ()
r0             0xb	11
r1             0x6	6
r2             0x0	0
r3             0x4	4
r4             0x0	0
r5             0x0	0
r6             0x0	0
r7             0x0	0
r8             0x0	0
r9             0x0	0
r10            0x0	0
r11            0x0	0
r12            0x0	0
sp             0xbefff290	0xbefff290
lr             0x0	0
pc             0x10280	0x10280
cpsr           0x10	16
fpscr          0x0	0
=> 0x10280:	andvs	r2, r1, r1, lsl #5
0x00010284 in ?? ()
r0             0xb	11
r1             0x6	6
r2             0x0	0
r3             0x4	4
r4             0x0	0
r5             0x0	0
r6             0x0	0
r7             0x0	0
r8             0x0	0
r9             0x0	0
r10            0x0	0
r11            0x0	0
r12            0x0	0
sp             0xbefff290	0xbefff290
lr             0x0	0
pc             0x10284	0x10284
cpsr           0x10	16
fpscr          0x0	0
=> 0x10284:	andls	r2, r1, r1, lsl #5
0x00010288 in ?? ()
r0             0xb	11
r1             0x6	6
r2             0x0	0
r3             0x4	4
r4             0x0	0
r5             0x0	0
r6             0x0	0
r7             0x0	0
r8             0x0	0
r9             0x0	0
r10            0x0	0
r11            0x0	0
r12            0x0	0
sp             0xbefff290	0xbefff290
lr             0x0	0
pc             0x10288	0x10288
cpsr           0x10	16
fpscr          0x0	0
=> 0x10288:	andvs	r2, r1, r1, lsl #9
0x0001028c in ?? ()
r0             0xb	11
r1             0x6	6
r2             0x0	0
r3             0x4	4
r4             0x0	0
r5             0x0	0
r6             0x0	0
r7             0x0	0
r8             0x0	0
r9             0x0	0
r10            0x0	0
r11            0x0	0
r12            0x0	0
sp             0xbefff290	0xbefff290
lr             0x0	0
pc             0x1028c	0x1028c
cpsr           0x10	16
fpscr          0x0	0
=> 0x1028c:	andls	r2, r1, r1, lsl #9
0x00010290 in ?? ()
r0             0xb	11
r1             0x6	6
r2             0x0	0
r3             0x4	4
r4             0x0	0
r5             0x0	0
r6             0x0	0
r7             0x0	0
r8             0x0	0
r9             0x0	0
r10            0x0	0
r11            0x0	0
r12            0x0	0
sp             0xbefff290	0xbefff290
lr             0x0	0
pc             0x10290	0x10290
cpsr           0x10	16
fpscr          0x0	0
=> 0x10290:	andvs	r2, r1, r1, lsr #2
0x00010294 in ?? ()
r0             0xb	11
r1             0x6	6
r2             0x0	0
r3             0x4	4
r4             0x0	0
r5             0x0	0
r6             0x0	0
r7             0x0	0
r8             0x0	0
r9             0x0	0
r10            0x0	0
r11            0x0	0
r12            0x0	0
sp             0xbefff290	0xbefff290
lr             0x0	0
pc             0x10294	0x10294
cpsr           0x10	16
fpscr          0x0	0
=> 0x10294:	andls	r2, r1, r1, lsr #2
0x00010298 in ?? ()
r0             0xb	11
r1             0x6	6
r2             0x0	0
r3             0x4	4
r4             0x0	0
r5             0x0	0
r6             0x0	0
r7             0x0	0
r8             0x0	0
r9             0x0	0
r10            0x0	0
r11            0x0	0
r12            0x0	0
sp             0xbefff290	0xbefff290
lr             0x0	0
pc             0x10298	0x10298
cpsr           0x10	16
fpscr          0x0	0
=> 0x10298:	andvs	r2, r1, r1, lsr #3
0x0001029c in ?? ()
r0             0xb	11
r1             0x6	6
r2             0x0	0
r3             0x4	4
r4             0x0	0
r5             0x0	0
r6             0x0	0
r7             0x0	0
r8             0x0	0
r9             0x0	0
r10            0x0	0
r11            0x0	0
r12            0x0	0
sp             0xbefff290	0xbefff290
lr             0x0	0
pc             0x1029c	0x1029c
cpsr           0x10	16
fpscr          0x0	0
=> 0x1029c:	andls	r2, r1, r1, lsr #3
0x000102a0 in ?? ()
r0             0xb	11
r1             0x6	6
r2             0x0	0
r3             0x4	4
r4             0x0	0
r5             0x0	0
r6             0x0	0
r7             0x0	0
r8             0x0	0
r9             0x0	0
r10            0x0	0
r11            0x0	0
r12            0x0	0
sp             0xbefff290	0xbefff290
lr             0x0	0
pc             0x102a0	0x102a0
cpsr           0x10	16
fpscr          0x0	0
=> 0x102a0:	andvs	r2, r1, r1, lsr #5
0x000102a4 in ?? ()
r0             0xb	11
r1             0x6	6
r2             0x0	0
r3             0x4	4
r4             0x0	0
r5             0x0	0
r6             0x0	0
r7             0x0	0
r8             0x0	0
r9             0x0	0
r10            0x0	0
r11            0x0	0
r12            0x0	0
sp             0xbefff290	0xbefff290
lr             0x0	0
pc             0x102a4	0x102a4
cpsr           0x10	16
fpscr          0x0	0
=> 0x102a4:	andls	r2, r1, r1, lsr #5
0x000102a8 in ?? ()
r0             0xb	11
r1             0x6	6
r2             0x0	0
r3             0x4	4
r4             0x0	0
r5             0x0	0
r6             0x0	0
r7             0x0	0
r8             0x0	0
r9             0x0	0
r10            0x0	0
r11            0x0	0
r12            0x0	0
sp             0xbefff290	0xbefff290
lr             0x0	0
pc             0x102a8	0x102a8
cpsr           0x10	16
fpscr          0x0	0
=> 0x102a8:	andvs	r2, r1, r1, lsr #9
0x000102ac in ?? ()
r0             0xb	11
r1             0x6	6
r2             0x0	0
r3             0x4	4
r4             0x0	0
r5             0x0	0
r6             0x0	0
r7             0x0	0
r8             0x0	0
r9             0x0	0
r10            0x0	0
r11            0x0	0
r12            0x0	0
sp             0xbefff290	0xbefff290
lr             0x0	0
pc             0x102ac	0x102ac
cpsr           0x10	16
fpscr          0x0	0
=> 0x102ac:	andls	r2, r1, r1, lsr #9
0x000102b0 in ?? ()
r0             0xb	11
r1             0x6	6
r2             0x0	0
r3             0x4	4
r4             0x0	0
r5             0x0	0
r6             0x0	0
r7             0x0	0
r8             0x0	0
r9             0x0	0
r10            0x0	0
r11            0x0	0
r12            0x0	0
sp             0xbefff290	0xbefff290
lr             0x0	0
pc             0x102b0	0x102b0
cpsr           0x10	16
fpscr          0x0	0
=> 0x102b0:	andvs	r2, r1, r1, asr #2
0x000102b4 in ?? ()
r0             0xb	11
r1             0x6	6
r2             0x0	0
r3             0x4	4
r4             0x0	0
r5             0x0	0
r6             0x0	0
r7             0x0	0
r8             0x0	0
r9             0x0	0
r10            0x0	0
r11            0x0	0
r12            0x0	0
sp             0xbefff290	0xbefff290
lr             0x0	0
pc             0x102b4	0x102b4
cpsr           0x10	16
fpscr          0x0	0
=> 0x102b4:	andls	r2, r1, r1, asr #2
0x000102b8 in ?? ()
r0             0xb	11
r1             0x6	6
r2             0x0	0
r3             0x4	4
r4             0x0	0
r5             0x0	0
r6             0x0	0
r7             0x0	0
r8             0x0	0
r9             0x0	0
r10            0x0	0
r11            0x0	0
r12            0x0	0
sp             0xbefff290	0xbefff290
lr             0x0	0
pc             0x102b8	0x102b8
cpsr           0x10	16
fpscr          0x0	0
=> 0x102b8:	andvs	r2, r1, r1, asr #3
0x000102bc in ?? ()
r0             0xb	11
r1             0x6	6
r2             0x0	0
r3             0x4	4
r4             0x0	0
r5             0x0	0
r6             0x0	0
r7             0x0	0
r8             0x0	0
r9             0x0	0
r10            0x0	0
r11            0x0	0
r12            0x0	0
sp             0xbefff290	0xbefff290
lr             0x0	0
pc             0x102bc	0x102bc
cpsr           0x10	16
fpscr          0x0	0
=> 0x102bc:	andls	r2, r1, r1, asr #3
0x000102c0 in ?? ()
r0             0xb	11
r1             0x6	6
r2             0x0	0
r3             0x4	4
r4             0x0	0
r5             0x0	0
r6             0x0	0
r7             0x0	0
r8             0x0	0
r9             0x0	0
r10            0x0	0
r11            0x0	0
r12            0x0	0
sp             0xbefff290	0xbefff290
lr             0x0	0
pc             0x102c0	0x102c0
cpsr           0x10	16
fpscr          0x0	0
=> 0x102c0:	andvs	r2, r1, r1, asr #5
0x000102c4 in ?? ()
r0             0xb	11
r1             0x6	6
r2             0x0	0
r3             0x4	4
r4             0x0	0
r5             0x0	0
r6             0x0	0
r7             0x0	0
r8             0x0	0
r9             0x0	0
r10            0x0	0
r11            0x0	0
r12            0x0	0
sp             0xbefff290	0xbefff290
lr             0x0	0
pc             0x102c4	0x102c4
cpsr           0x10	16
fpscr          0x0	0
=> 0x102c4:	andls	r2, r1, r1, asr #5
0x000102c8 in ?? ()
r0             0xb	11
r1             0x6	6
r2             0x0	0
r3             0x4	4
r4             0x0	0
r5             0x0	0
r6             0x0	0
r7             0x0	0
r8             0x0	0
r9             0x0	0
r10            0x0	0
r11            0x0	0
r12            0x0	0
sp             0xbefff290	0xbefff290
lr             0x0	0
pc             0x102c8	0x102c8
cpsr           0x10	16
fpscr          0x0	0
=> 0x102c8:	andvs	r2, r1, r1, asr #9
0x000102cc in ?? ()
r0             0xb	11
r1             0x6	6
r2             0x0	0
r3             0x4	4
r4             0x0	0
r5             0x0	0
r6             0x0	0
r7             0x0	0
r8             0x0	0
r9             0x0	0
r10            0x0	0
r11            0x0	0
r12            0x0	0
sp             0xbefff290	0xbefff290
lr             0x0	0
pc             0x102cc	0x102cc
cpsr           0x10	16
fpscr          0x0	0
=> 0x102cc:	andls	r2, r1, r1, asr #9
0x000102d0 in ?? ()
r0             0xb	11
r1             0x6	6
r2             0x0	0
r3             0x4	4
r4             0x0	0
r5             0x0	0
r6             0x0	0
r7             0x0	0
r8             0x0	0
r9             0x0	0
r10            0x0	0
r11            0x0	0
r12            0x0	0
sp             0xbefff290	0xbefff290
lr             0x0	0
pc             0x102d0	0x102d0
cpsr           0x10	16
fpscr          0x0	0
=> 0x102d0:	andvs	r3, r3, pc
0x000102d4 in ?? ()
r0             0xb	11
r1             0x6	6
r2             0x0	0
r3             0x4	4
r4             0x0	0
r5             0x0	0
r6             0x0	0
r7             0x0	0
r8             0x0	0
r9             0x0	0
r10            0x0	0
r11            0x0	0
r12            0x0	0
sp             0xbefff290	0xbefff290
lr             0x0	0
pc             0x102d4	0x102d4
cpsr           0x10	16
fpscr          0x0	0
=> 0x102d4:	andls	r3, r3, pc
0x000102d8 in ?? ()
r0             0xb	11
r1             0x6	6
r2             0x0	0
r3             0x4	4
r4             0x0	0
r5             0x0	0
r6             0x0	0
r7             0x0	0
r8             0x0	0
r9             0x0	0
r10            0x0	0
r11            0x0	0
r12            0x0	0
sp             0xbefff290	0xbefff290
lr             0x0	0
pc             0x102d8	0x102d8
cpsr           0x10	16
fpscr          0x0	0
=> 0x102d8:	andsvs	r1, r1, r1
0x000102dc in ?? ()
r0             0xb	11
r1             0x6	6
r2             0x0	0
r3             0x4	4
r4             0x0	0
r5             0x0	0
r6             0x0	0
r7             0x0	0
r8             0x0	0
r9             0x0	0
r10            0x0	0
r11            0x0	0
r12            0x0	0
sp             0xbefff290	0xbefff290
lr             0x0	0
pc             0x102dc	0x102dc
cpsr           0x10	16
fpscr          0x0	0
=> 0x102dc:	andsls	r1, r1, r1
0x000102e0 in ?? ()
r0             0xb	11
r1             0x6	6
r2             0x0	0
r3             0x4	4
r4             0x0	0
r5             0x0	0
r6             0x0	0
r7             0x0	0
r8             0x0	0
r9             0x0	0
r10            0x0	0
r11            0x0	0
r12            0x0	0
sp             0xbefff290	0xbefff290
lr             0x0	0
pc             0x102e0	0x102e0
cpsr           0x10	16
fpscr          0x0	0
=> 0x102e0:	andsvs	r1, r1, r1
0x000102e4 in ?? ()
r0             0xb	11
r1             0x6	6
r2             0x0	0
r3             0x4	4
r4             0x0	0
r5             0x0	0
r6             0x0	0
r7             0x0	0
r8             0x0	0
r9             0x0	0
r10            0x0	0
r11            0x0	0
r12            0x0	0
sp             0xbefff290	0xbefff290
lr             0x0	0
pc             0x102e4	0x102e4
cpsr           0x10	16
fpscr          0x0	0
=> 0x102e4:	andsls	r1, r1, r1
0x000102e8 in ?? ()
r0             0xb	11
r1             0x6	6
r2             0x0	0
r3             0x4	4
r4             0x0	0
r5             0x0	0
r6             0x0	0
r7             0x0	0
r8             0x0	0
r9             0x0	0
r10            0x0	0
r11            0x0	0
r12            0x0	0
sp             0xbefff290	0xbefff290
lr             0x0	0
pc             0x102e8	0x102e8
cpsr           0x10	16
fpscr          0x0	0
=> 0x102e8:	andsvs	r1, r1, r1
0x000102ec in ?? ()
r0             0xb	11
r1             0x6	6
r2             0x0	0
r3             0x4	4
r4             0x0	0
r5             0x0	0
r6             0x0	0
r7             0x0	0
r8             0x0	0
r9             0x0	0
r10            0x0	0
r11            0x0	0
r12            0x0	0
sp             0xbefff290	0xbefff290
lr             0x0	0
pc             0x102ec	0x102ec
cpsr           0x10	16
fpscr          0x0	0
=> 0x102ec:	andsls	r1, r1, r1
0x000102f0 in ?? ()
r0             0xb	11
r1             0x6	6
r2             0x0	0
r3             0x4	4
r4             0x0	0
r5             0x0	0
r6             0x0	0
r7             0x0	0
r8             0x0	0
r9             0x0	0
r10            0x0	0
r11            0x0	0
r12            0x0	0
sp             0xbefff290	0xbefff290
lr             0x0	0
pc             0x102f0	0x102f0
cpsr           0x10	16
fpscr          0x0	0
=> 0x102f0:	andsvs	r1, r1, r1
0x000102f4 in ?? ()
r0             0xb	11
r1             0x6	6
r2             0x0	0
r3             0x4	4
r4             0x0	0
r5             0x0	0
r6             0x0	0
r7             0x0	0
r8             0x0	0
r9             0x0	0
r10            0x0	0
r11            0x0	0
r12            0x0	0
sp             0xbefff290	0xbefff290
lr             0x0	0
pc             0x102f4	0x102f4
cpsr           0x10	16
fpscr          0x0	0
=> 0x102f4:	andsls	r1, r1, r1
0x000102f8 in ?? ()
r0             0xb	11
r1             0x6	6
r2             0x0	0
r3             0x4	4
r4             0x0	0
r5             0x0	0
r6             0x0	0
r7             0x0	0
r8             0x0	0
r9             0x0	0
r10            0x0	0
r11            0x0	0
r12            0x0	0
sp             0xbefff290	0xbefff290
lr             0x0	0
pc             0x102f8	0x102f8
cpsr           0x10	16
fpscr          0x0	0
=> 0x102f8:	andsvs	r1, r1, r1
0x000102fc in ?? ()
r0             0xb	11
r1             0x6	6
r2             0x0	0
r3             0x4	4
r4             0x0	0
r5             0x0	0
r6             0x0	0
r7             0x0	0
r8             0x0	0
r9             0x0	0
r10            0x0	0
r11            0x0	0
r12            0x0	0
sp             0xbefff290	0xbefff290
lr             0x0	0
pc             0x102fc	0x102fc
cpsr           0x10	16
fpscr          0x0	0
=> 0x102fc:	andsls	r1, r1, r1
0x00010300 in ?? ()
r0             0xb	11
r1             0x6	6
r2             0x0	0
r3             0x4	4
r4             0x0	0
r5             0x0	0
r6             0x0	0
r7             0x0	0
r8             0x0	0
r9             0x0	0
r10            0x0	0
r11            0x0	0
r12            0x0	0
sp             0xbefff290	0xbefff290
lr             0x0	0
pc             0x10300	0x10300
cpsr           0x10	16
fpscr          0x0	0
=> 0x10300:	andsvs	r2, r1, r1, lsl #2
0x00010304 in ?? ()
r0             0xb	11
r1             0x6	6
r2             0x0	0
r3             0x4	4
r4             0x0	0
r5             0x0	0
r6             0x0	0
r7             0x0	0
r8             0x0	0
r9             0x0	0
r10            0x0	0
r11            0x0	0
r12            0x0	0
sp             0xbefff290	0xbefff290
lr             0x0	0
pc             0x10304	0x10304
cpsr           0x10	16
fpscr          0x0	0
=> 0x10304:	andsls	r2, r1, r1, lsl #2
0x00010308 in ?? ()
r0             0xb	11
r1             0x6	6
r2             0x0	0
r3             0x4	4
r4             0x0	0
r5             0x0	0
r6             0x0	0
r7             0x0	0
r8             0x0	0
r9             0x0	0
r10            0x0	0
r11            0x0	0
r12            0x0	0
sp             0xbefff290	0xbefff290
lr             0x0	0
pc             0x10308	0x10308
cpsr           0x40000010	1073741840
fpscr          0x0	0
=> 0x10308:	andsvs	r2, r1, r1, lsl #3
0x0001030c in ?? ()
r0             0xb	11
r1             0x6	6
r2             0x0	0
r3             0x4	4
r4             0x0	0
r5             0x0	0
r6             0x0	0
r7             0x0	0
r8             0x0	0
r9             0x0	0
r10            0x0	0
r11            0x0	0
r12            0x0	0
sp             0xbefff290	0xbefff290
lr             0x0	0
pc             0x1030c	0x1030c
cpsr           0x40000010	1073741840
fpscr          0x0	0
=> 0x1030c:	andsls	r2, r1, r1, lsl #3
0x00010310 in ?? ()
r0             0xb	11
r1             0x6	6
r2             0x0	0
r3             0x4	4
r4             0x0	0
r5             0x0	0
r6             0x0	0
r7             0x0	0
r8             0x0	0
r9             0x0	0
r10            0x0	0
r11            0x0	0
r12            0x0	0
sp             0xbefff290	0xbefff290
lr             0x0	0
pc             0x10310	0x10310
cpsr           0x40000010	1073741840
fpscr          0x0	0
=> 0x10310:	andsvs	r2, r1, r1, lsl #5
0x00010314 in ?? ()
r0             0xb	11
r1             0x6	6
r2             0x0	0
r3             0x4	4
r4             0x0	0
r5             0x0	0
r6             0x0	0
r7             0x0	0
r8             0x0	0
r9             0x0	0
r10            0x0	0
r11            0x0	0
r12            0x0	0
sp             0xbefff290	0xbefff290
lr             0x0	0
pc             0x10314	0x10314
cpsr           0x40000010	1073741840
fpscr          0x0	0
=> 0x10314:	andsls	r2, r1, r1, lsl #5
0x00010318 in ?? ()
r0             0xb	11
r1             0x6	6
r2             0x0	0
r3             0x4	4
r4             0x0	0
r5             0x0	0
r6             0x0	0
r7             0x0	0
r8             0x0	0
r9             0x0	0
r10            0x0	0
r11            0x0	0
r12            0x0	0
sp             0xbefff290	0xbefff290
lr             0x0	0
pc             0x10318	0x10318
cpsr           0x40000010	1073741840
fpscr          0x0	0
=> 0x10318:	andsvs	r2, r1, r1, lsl #9
0x0001031c in ?? ()
r0             0xb	11
r1             0x6	6
r2             0x0	0
r3             0x4	4
r4             0x0	0
r5             0x0	0
r6             0x0	0
r7             0x0	0
r8             0x0	0
r9             0x0	0
r10            0x0	0
r11            0x0	0
r12            0x0	0
sp             0xbefff290	0xbefff290
lr             0x0	0
pc             0x1031c	0x1031c
cpsr           0x40000010	1073741840
fpscr          0x0	0
=> 0x1031c:	andsls	r2, r1, r1, lsl #9
0x00010320 in ?? ()
r0             0xb	11
r1             0x6	6
r2             0x0	0
r3             0x4	4
r4             0x0	0
r5             0x0	0
r6             0x0	0
r7             0x0	0
r8             0x0	0
r9             0x0	0
r10            0x0	0
r11            0x0	0
r12            0x0	0
sp             0xbefff290	0xbefff290
lr             0x0	0
pc             0x10320	0x10320
cpsr           0x40000010	1073741840
fpscr          0x0	0
=> 0x10320:	andsvs	r2, r1, r1, lsr #2
0x00010324 in ?? ()
r0             0xb	11
r1             0x6	6
r2             0x0	0
r3             0x4	4
r4             0x0	0
r5             0x0	0
r6             0x0	0
r7             0x0	0
r8             0x0	0
r9             0x0	0
r10            0x0	0
r11            0x0	0
r12            0x0	0
sp             0xbefff290	0xbefff290
lr             0x0	0
pc             0x10324	0x10324
cpsr           0x40000010	1073741840
fpscr          0x0	0
=> 0x10324:	andsls	r2, r1, r1, lsr #2
0x00010328 in ?? ()
r0             0xb	11
r1             0x6	6
r2             0x0	0
r3             0x4	4
r4             0x0	0
r5             0x0	0
r6             0x0	0
r7             0x0	0
r8             0x0	0
r9             0x0	0
r10            0x0	0
r11            0x0	0
r12            0x0	0
sp             0xbefff290	0xbefff290
lr             0x0	0
pc             0x10328	0x10328
cpsr           0x60000010	1610612752
fpscr          0x0	0
=> 0x10328:	andsvs	r2, r1, r1, lsr #3
0x0001032c in ?? ()
r0             0xb	11
r1             0x6	6
r2             0x0	0
r3             0x4	4
r4             0x0	0
r5             0x0	0
r6             0x0	0
r7             0x0	0
r8             0x0	0
r9             0x0	0
r10            0x0	0
r11            0x0	0
r12            0x0	0
sp             0xbefff290	0xbefff290
lr             0x0	0
pc             0x1032c	0x1032c
cpsr           0x60000010	1610612752
fpscr          0x0	0
=> 0x1032c:	andsls	r2, r1, r1, lsr #3
0x00010330 in ?? ()
r0             0xb	11
r1             0x6	6
r2             0x0	0
r3             0x4	4
r4             0x0	0
r5             0x0	0
r6             0x0	0
r7             0x0	0
r8             0x0	0
r9             0x0	0
r10            0x0	0
r11            0x0	0
r12            0x0	0
sp             0xbefff290	0xbefff290
lr             0x0	0
pc             0x10330	0x10330
cpsr           0x60000010	1610612752
fpscr          0x0	0
=> 0x10330:	andsvs	r2, r1, r1, lsr #5
0x00010334 in ?? ()
r0             0xb	11
r1             0x6	6
r2             0x0	0
r3             0x4	4
r4             0x0	0
r5             0x0	0
r6             0x0	0
r7             0x0	0
r8             0x0	0
r9             0x0	0
r10            0x0	0
r11            0x0	0
r12            0x0	0
sp             0xbefff290	0xbefff290
lr             0x0	0
pc             0x10334	0x10334
cpsr           0x60000010	1610612752
fpscr          0x0	0
=> 0x10334:	andsls	r2, r1, r1, lsr #5
0x00010338 in ?? ()
r0             0xb	11
r1             0x6	6
r2             0x0	0
r3             0x4	4
r4             0x0	0
r5             0x0	0
r6             0x0	0
r7             0x0	0
r8             0x0	0
r9             0x0	0
r10            0x0	0
r11            0x0	0
r12            0x0	0
sp             0xbefff290	0xbefff290
lr             0x0	0
pc             0x10338	0x10338
cpsr           0x40000010	1073741840
fpscr          0x0	0
=> 0x10338:	andsvs	r2, r1, r1, lsr #9
0x0001033c in ?? ()
r0             0xb	11
r1             0x6	6
r2             0x0	0
r3             0x4	4
r4             0x0	0
r5             0x0	0
r6             0x0	0
r7             0x0	0
r8             0x0	0
r9             0x0	0
r10            0x0	0
r11            0x0	0
r12            0x0	0
sp             0xbefff290	0xbefff290
lr             0x0	0
pc             0x1033c	0x1033c
cpsr           0x40000010	1073741840
fpscr          0x0	0
=> 0x1033c:	andsls	r2, r1, r1, lsr #9
0x00010340 in ?? ()
r0             0xb	11
r1             0x6	6
r2             0x0	0
r3             0x4	4
r4             0x0	0
r5             0x0	0
r6             0x0	0
r7             0x0	0
r8             0x0	0
r9             0x0	0
r10            0x0	0
r11            0x0	0
r12            0x0	0
sp             0xbefff290	0xbefff290
lr             0x0	0
pc             0x10340	0x10340
cpsr           0x40000010	1073741840
fpscr          0x0	0
=> 0x10340:	andsvs	r2, r1, r1, asr #2
0x00010344 in ?? ()
r0             0xb	11
r1             0x6	6
r2             0x0	0
r3             0x4	4
r4             0x0	0
r5             0x0	0
r6             0x0	0
r7             0x0	0
r8             0x0	0
r9             0x0	0
r10            0x0	0
r11            0x0	0
r12            0x0	0
sp             0xbefff290	0xbefff290
lr             0x0	0
pc             0x10344	0x10344
cpsr           0x40000010	1073741840
fpscr          0x0	0
=> 0x10344:	andsls	r2, r1, r1, asr #2
0x00010348 in ?? ()
r0             0xb	11
r1             0x6	6
r2             0x0	0
r3             0x4	4
r4             0x0	0
r5             0x0	0
r6             0x0	0
r7             0x0	0
r8             0x0	0
r9             0x0	0
r10            0x0	0
r11            0x0	0
r12            0x0	0
sp             0xbefff290	0xbefff290
lr             0x0	0
pc             0x10348	0x10348
cpsr           0x60000010	1610612752
fpscr          0x0	0
=> 0x10348:	andsvs	r2, r1, r1, asr #3
0x0001034c in ?? ()
r0             0xb	11
r1             0x6	6
r2             0x0	0
r3             0x4	4
r4             0x0	0
r5             0x0	0
r6             0x0	0
r7             0x0	0
r8             0x0	0
r9             0x0	0
r10            0x0	0
r11            0x0	0
r12            0x0	0
sp             0xbefff290	0xbefff290
lr             0x0	0
pc             0x1034c	0x1034c
cpsr           0x60000010	1610612752
fpscr          0x0	0
=> 0x1034c:	andsls	r2, r1, r1, asr #3
0x00010350 in ?? ()
r0             0xb	11
r1             0x6	6
r2             0x0	0
r3             0x4	4
r4             0x0	0
r5             0x0	0
r6             0x0	0
r7             0x0	0
r8             0x0	0
r9             0x0	0
r10            0x0	0
r11            0x0	0
r12            0x0	0
sp             0xbefff290	0xbefff290
lr             0x0	0
pc             0x10350	0x10350
cpsr           0x60000010	1610612752
fpscr          0x0	0
=> 0x10350:	andsvs	r2, r1, r1, asr #5
0x00010354 in ?? ()
r0             0xb	11
r1             0x6	6
r2             0x0	0
r3             0x4	4
r4             0x0	0
r5             0x0	0
r6             0x0	0
r7             0x0	0
r8             0x0	0
r9             0x0	0
r10            0x0	0
r11            0x0	0
r12            0x0	0
sp             0xbefff290	0xbefff290
lr             0x0	0
pc             0x10354	0x10354
cpsr           0x60000010	1610612752
fpscr          0x0	0
=> 0x10354:	andsls	r2, r1, r1, asr #5
0x00010358 in ?? ()
r0             0xb	11
r1             0x6	6
r2             0x0	0
r3             0x4	4
r4             0x0	0
r5             0x0	0
r6             0x0	0
r7             0x0	0
r8             0x0	0
r9             0x0	0
r10            0x0	0
r11            0x0	0
r12            0x0	0
sp             0xbefff290	0xbefff290
lr             0x0	0
pc             0x10358	0x10358
cpsr           0x40000010	1073741840
fpscr          0x0	0
=> 0x10358:	andsvs	r2, r1, r1, asr #9
0x0001035c in ?? ()
r0             0xb	11
r1             0x6	6
r2             0x0	0
r3             0x4	4
r4             0x0	0
r5             0x0	0
r6             0x0	0
r7             0x0	0
r8             0x0	0
r9             0x0	0
r10            0x0	0
r11            0x0	0
r12            0x0	0
sp             0xbefff290	0xbefff290
lr             0x0	0
pc             0x1035c	0x1035c
cpsr           0x40000010	1073741840
fpscr          0x0	0
=> 0x1035c:	andsls	r2, r1, r1, asr #9
0x00010360 in ?? ()
r0             0xb	11
r1             0x6	6
r2             0x0	0
r3             0x4	4
r4             0x0	0
r5             0x0	0
r6             0x0	0
r7             0x0	0
r8             0x0	0
r9             0x0	0
r10            0x0	0
r11            0x0	0
r12            0x0	0
sp             0xbefff290	0xbefff290
lr             0x0	0
pc             0x10360	0x10360
cpsr           0x40000010	1073741840
fpscr          0x0	0
=> 0x10360:	andsvs	r3, r3, pc
0x00010364 in ?? ()
r0             0xb	11
r1             0x6	6
r2             0x0	0
r3             0x4	4
r4             0x0	0
r5             0x0	0
r6             0x0	0
r7             0x0	0
r8             0x0	0
r9             0x0	0
r10            0x0	0
r11            0x0	0
r12            0x0	0
sp             0xbefff290	0xbefff290
lr             0x0	0
pc             0x10364	0x10364
cpsr           0x40000010	1073741840
fpscr          0x0	0
=> 0x10364:	andsls	r3, r3, pc
0x00010368 in ?? ()
r0             0xb	11
r1             0x6	6
r2             0x0	0
r3             0x4	4
r4             0x0	0
r5             0x0	0
r6             0x0	0
r7             0x0	0
r8             0x0	0
r9             0x0	0
r10            0x0	0
r11            0x0	0
r12            0x0	0
sp             0xbefff290	0xbefff290
lr             0x0	0
pc             0x10368	0x10368
cpsr           0x10	16
fpscr          0x0	0
=> 0x10368:	andsvc	r2, r1, r1, lsr #9
0x0001036c in ?? ()
r0             0xb	11
r1             0x6	6
r2             0x0	0
r3             0x4	4
r4             0x0	0
r5             0x0	0
r6             0x0	0
r7             0x0	0
r8             0x0	0
r9             0x0	0
r10            0x0	0
r11            0x0	0
r12            0x0	0
sp             0xbefff290	0xbefff290
lr             0x0	0
pc             0x1036c	0x1036c
cpsr           0x40000010	1073741840
fpscr          0x0	0
=> 0x1036c:	andshi	r2, r1, r1, lsr #9
0x00010370 in ?? ()
r0             0xb	11
r1             0x6	6
r2             0x0	0
r3             0x4	4
r4             0x0	0
r5             0x0	0
r6             0x0	0
r7             0x0	0
r8             0x0	0
r9             0x0	0
r10            0x0	0
r11            0x0	0
r12            0x0	0
sp             0xbefff290	0xbefff290
lr             0x0	0
pc             0x10370	0x10370
cpsr           0x40000010	1073741840
fpscr          0x0	0
=> 0x10370:	andsge	r2, r1, r1, lsr #9
0x00010374 in ?? ()
r0             0xb	11
r1             0x6	6
r2             0x0	0
r3             0x4	4
r4             0x0	0
r5             0x0	0
r6             0x0	0
r7             0x0	0
r8             0x0	0
r9             0x0	0
r10            0x0	0
r11            0x0	0
r12            0x0	0
sp             0xbefff290	0xbefff290
lr             0x0	0
pc             0x10374	0x10374
cpsr           0x40000010	1073741840
fpscr          0x0	0
=> 0x10374:	andslt	r2, r1, r1, lsr #9
0x00010378 in ?? ()
r0             0xb	11
r1             0x6	6
r2             0x0	0
r3             0x4	4
r4             0x0	0
r5             0x0	0
r6             0x0	0
r7             0x0	0
r8             0x0	0
r9             0x0	0
r10            0x0	0
r11            0x0	0
r12            0x0	0
sp             0xbefff290	0xbefff290
lr             0x0	0
pc             0x10378	0x10378
cpsr           0x40000010	1073741840
fpscr          0x0	0
=> 0x10378:	andsle	r2, r1, r1, lsr #9
0x0001037c in ?? ()
r0             0xb	11
r1             0x6	6
r2             0x0	0
r3             0x4	4
r4             0x0	0
r5             0x0	0
r6             0x0	0
r7             0x0	0
r8             0x0	0
r9             0x0	0
r10            0x0	0
r11            0x0	0
r12            0x0	0
sp             0xbefff290	0xbefff290
lr             0x0	0
pc             0x1037c	0x1037c
cpsr           0x40000010	1073741840
fpscr          0x0	0
=> 0x1037c:	andsmi	r2, r1, r1, lsr #9
0x00010380 in ?? ()
r0             0xb	11
r1             0x6	6
r2             0x0	0
r3             0x4	4
r4             0x0	0
r5             0x0	0
r6             0x0	0
r7             0x0	0
r8             0x0	0
r9             0x0	0
r10            0x0	0
r11            0x0	0
r12            0x0	0
sp             0xbefff290	0xbefff290
lr             0x0	0
pc             0x10380	0x10380
cpsr           0x40000010	1073741840
fpscr          0x0	0
=> 0x10380:	andspl	r2, r1, r1, lsr #9
0x00010384 in ?? ()
r0             0xb	11
r1             0x6	6
r2             0x0	0
r3             0x4	4
r4             0x0	0
r5             0x0	0
r6             0x0	0
r7             0x0	0
r8             0x0	0
r9             0x0	0
r10            0x0	0
r11            0x0	0
r12            0x0	0
sp             0xbefff290	0xbefff290
lr             0x0	0
pc             0x10384	0x10384
cpsr           0x40000010	1073741840
fpscr          0x0	0
=> 0x10384:	andscc	r2, r1, r1, lsr #9
0x00010388 in ?? ()
r0             0xb	11
r1             0x6	6
r2             0x0	0
r3             0x4	4
r4             0x0	0
r5             0x0	0
r6             0x0	0
r7             0x0	0
r8             0x0	0
r9             0x0	0
r10            0x0	0
r11            0x0	0
r12            0x0	0
sp             0xbefff290	0xbefff290
lr             0x0	0
pc             0x10388	0x10388
cpsr           0x40000010	1073741840
fpscr          0x0	0
=> 0x10388:	andsvc	r2, r1, r1, lsr #9
0x0001038c in ?? ()
r0             0xb	11
r1             0x6	6
r2             0x0	0
r3             0x4	4
r4             0x0	0
r5             0x0	0
r6             0x0	0
r7             0x0	0
r8             0x0	0
r9             0x0	0
r10            0x0	0
r11            0x0	0
r12            0x0	0
sp             0xbefff290	0xbefff290
lr             0x0	0
pc             0x1038c	0x1038c
cpsr           0x40000010	1073741840
fpscr          0x0	0
=> 0x1038c:	andshi	r2, r1, r1, lsr #9
0x00010390 in ?? ()
r0             0xb	11
r1             0x6	6
r2             0x0	0
r3             0x4	4
r4             0x0	0
r5             0x0	0
r6             0x0	0
r7             0x0	0
r8             0x0	0
r9             0x0	0
r10            0x0	0
r11            0x0	0
r12            0x0	0
sp             0xbefff290	0xbefff290
lr             0x0	0
pc             0x10390	0x10390
cpsr           0x40000010	1073741840
fpscr          0x0	0
=> 0x10390:	andsge	r2, r1, r1, lsr #9
0x00010394 in ?? ()
r0             0xb	11
r1             0x6	6
r2             0x0	0
r3             0x4	4
r4             0x0	0
r5             0x0	0
r6             0x0	0
r7             0x0	0
r8             0x0	0
r9             0x0	0
r10            0x0	0
r11            0x0	0
r12            0x0	0
sp             0xbefff290	0xbefff290
lr             0x0	0
pc             0x10394	0x10394
cpsr           0x40000010	1073741840
fpscr          0x0	0
=> 0x10394:	andslt	r2, r1, r1, lsr #9
0x00010398 in ?? ()
r0             0xb	11
r1             0x6	6
r2             0x0	0
r3             0x4	4
r4             0x0	0
r5             0x0	0
r6             0x0	0
r7             0x0	0
r8             0x0	0
r9             0x0	0
r10            0x0	0
r11            0x0	0
r12            0x0	0
sp             0xbefff290	0xbefff290
lr             0x0	0
pc             0x10398	0x10398
cpsr           0x40000010	1073741840
fpscr          0x0	0
=> 0x10398:	andsle	r2, r1, r1, lsr #9
0x0001039c in ?? ()
r0             0xb	11
r1             0x6	6
r2             0x0	0
r3             0x4	4
r4             0x0	0
r5             0x0	0
r6             0x0	0
r7             0x0	0
r8             0x0	0
r9             0x0	0
r10            0x0	0
r11            0x0	0
r12            0x0	0
sp             0xbefff290	0xbefff290
lr             0x0	0
pc             0x1039c	0x1039c
cpsr           0x40000010	1073741840
fpscr          0x0	0
=> 0x1039c:	andsmi	r2, r1, r1, lsr #9
0x000103a0 in ?? ()
r0             0xb	11
r1             0x6	6
r2             0x0	0
r3             0x4	4
r4             0x0	0
r5             0x0	0
r6             0x0	0
r7             0x0	0
r8             0x0	0
r9             0x0	0
r10            0x0	0
r11            0x0	0
r12            0x0	0
sp             0xbefff290	0xbefff290
lr             0x0	0
pc             0x103a0	0x103a0
cpsr           0x40000010	1073741840
fpscr          0x0	0
=> 0x103a0:	andspl	r2, r1, r1, lsr #9
0x000103a4 in ?? ()
r0             0xb	11
r1             0x6	6
r2             0x0	0
r3             0x4	4
r4             0x0	0
r5             0x0	0
r6             0x0	0
r7             0x0	0
r8             0x0	0
r9             0x0	0
r10            0x0	0
r11            0x0	0
r12            0x0	0
sp             0xbefff290	0xbefff290
lr             0x0	0
pc             0x103a4	0x103a4
cpsr           0x40000010	1073741840
fpscr          0x0	0
=> 0x103a4:	andscc	r2, r1, r1, lsr #9
0x000103a8 in ?? ()
r0             0xb	11
r1             0x6	6
r2             0x0	0
r3             0x4	4
r4             0x0	0
r5             0x0	0
r6             0x0	0
r7             0x0	0
r8             0x0	0
r9             0x0	0
r10            0x0	0
r11            0x0	0
r12            0x0	0
sp             0xbefff290	0xbefff290
lr             0x0	0
pc             0x103a8	0x103a8
cpsr           0x40000010	1073741840
fpscr          0x0	0
=> 0x103a8:	andsvc	r2, r1, r1, lsr #9
0x000103ac in ?? ()
r0             0xb	11
r1             0x6	6
r2             0x0	0
r3             0x4	4
r4             0x0	0
r5             0x0	0
r6             0x0	0
r7             0x0	0
r8             0x0	0
r9             0x0	0
r10            0x0	0
r11            0x0	0
r12            0x0	0
sp             0xbefff290	0xbefff290
lr             0x0	0
pc             0x103ac	0x103ac
cpsr           0x40000010	1073741840
fpscr          0x0	0
=> 0x103ac:	andshi	r2, r1, r1, lsr #9
0x000103b0 in ?? ()
r0             0xb	11
r1             0x6	6
r2             0x0	0
r3             0x4	4
r4             0x0	0
r5             0x0	0
r6             0x0	0
r7             0x0	0
r8             0x0	0
r9             0x0	0
r10            0x0	0
r11            0x0	0
r12            0x0	0
sp             0xbefff290	0xbefff290
lr             0x0	0
pc             0x103b0	0x103b0
cpsr           0x40000010	1073741840
fpscr          0x0	0
=> 0x103b0:	andsge	r2, r1, r1, lsr #9
0x000103b4 in ?? ()
r0             0xb	11
r1             0x6	6
r2             0x0	0
r3             0x4	4
r4             0x0	0
r5             0x0	0
r6             0x0	0
r7             0x0	0
r8             0x0	0
r9             0x0	0
r10            0x0	0
r11            0x0	0
r12            0x0	0
sp             0xbefff290	0xbefff290
lr             0x0	0
pc             0x103b4	0x103b4
cpsr           0x40000010	1073741840
fpscr          0x0	0
=> 0x103b4:	andslt	r2, r1, r1, lsr #9
0x000103b8 in ?? ()
r0             0xb	11
r1             0x6	6
r2             0x0	0
r3             0x4	4
r4             0x0	0
r5             0x0	0
r6             0x0	0
r7             0x0	0
r8             0x0	0
r9             0x0	0
r10            0x0	0
r11            0x0	0
r12            0x0	0
sp             0xbefff290	0xbefff290
lr             0x0	0
pc             0x103b8	0x103b8
cpsr           0x40000010	1073741840
fpscr          0x0	0
=> 0x103b8:	andeq	r1, r0, r1, asr #20
