bob.c: No such file or directory.

Program stopped.
r0             0x0	0
r1             0x6	6
r2             0x0	0
r3             0x0	0
r4             0x0	0
r5             0x0	0
r6             0x0	0
r7             0x0	0
r8             0x0	0
r9             0x0	0
r10            0x0	0
r11            0x0	0
r12            0x0	0
sp             0xbefff280	0xbefff280
lr             0x0	0
pc             0x1009c	0x1009c
cpsr           0x10	16
fpscr          0x0	0
=> 0x1009c:	add	r2, r3, #4
r0             0x0	0
r1             0x6	6
r2             0x4	4
r3             0x0	0
r4             0x0	0
r5             0x0	0
r6             0x0	0
r7             0x0	0
r8             0x0	0
r9             0x0	0
r10            0x0	0
r11            0x0	0
r12            0x0	0
sp             0xbefff280	0xbefff280
lr             0x0	0
pc             0x100a0	0x100a0
cpsr           0x10	16
fpscr          0x0	0
=> 0x100a0:	add	r3, r1, #6
r0             0x0	0
r1             0x6	6
r2             0x4	4
r3             0xc	12
r4             0x0	0
r5             0x0	0
r6             0x0	0
r7             0x0	0
r8             0x0	0
r9             0x0	0
r10            0x0	0
r11            0x0	0
r12            0x0	0
sp             0xbefff280	0xbefff280
lr             0x0	0
pc             0x100a4	0x100a4
cpsr           0x10	16
fpscr          0x0	0
=> 0x100a4:	add	r0, r1, #5
r0             0xb	11
r1             0x6	6
r2             0x4	4
r3             0xc	12
r4             0x0	0
r5             0x0	0
r6             0x0	0
r7             0x0	0
r8             0x0	0
r9             0x0	0
r10            0x0	0
r11            0x0	0
r12            0x0	0
sp             0xbefff280	0xbefff280
lr             0x0	0
pc             0x100a8	0x100a8
cpsr           0x10	16
fpscr          0x0	0
=> 0x100a8:	add	r1, r1, r1
r0             0xb	11
r1             0xc	12
r2             0x4	4
r3             0xc	12
r4             0x0	0
r5             0x0	0
r6             0x0	0
r7             0x0	0
r8             0x0	0
r9             0x0	0
r10            0x0	0
r11            0x0	0
r12            0x0	0
sp             0xbefff280	0xbefff280
lr             0x0	0
pc             0x100ac	0x100ac
cpsr           0x10	16
fpscr          0x0	0
=> 0x100ac:	add	r2, r1, r1, lsl #2
r0             0xb	11
r1             0xc	12
r2             0x3c	60
r3             0xc	12
r4             0x0	0
r5             0x0	0
r6             0x0	0
r7             0x0	0
r8             0x0	0
r9             0x0	0
r10            0x0	0
r11            0x0	0
r12            0x0	0
sp             0xbefff280	0xbefff280
lr             0x0	0
pc             0x100b0	0x100b0
cpsr           0x10	16
fpscr          0x0	0
=> 0x100b0:	add	r2, r1, r1, lsl #3
r0             0xb	11
r1             0xc	12
r2             0x6c	108
r3             0xc	12
r4             0x0	0
r5             0x0	0
r6             0x0	0
r7             0x0	0
r8             0x0	0
r9             0x0	0
r10            0x0	0
r11            0x0	0
r12            0x0	0
sp             0xbefff280	0xbefff280
lr             0x0	0
pc             0x100b4	0x100b4
cpsr           0x10	16
fpscr          0x0	0
=> 0x100b4:	add	r2, r1, r1, lsl #5
r0             0xb	11
r1             0xc	12
r2             0x18c	396
r3             0xc	12
r4             0x0	0
r5             0x0	0
r6             0x0	0
r7             0x0	0
r8             0x0	0
r9             0x0	0
r10            0x0	0
r11            0x0	0
r12            0x0	0
sp             0xbefff280	0xbefff280
lr             0x0	0
pc             0x100b8	0x100b8
cpsr           0x10	16
fpscr          0x0	0
=> 0x100b8:	add	r2, r1, r1, lsl #15
r0             0xb	11
r1             0xc	12
r2             0x6000c	393228
r3             0xc	12
r4             0x0	0
r5             0x0	0
r6             0x0	0
r7             0x0	0
r8             0x0	0
r9             0x0	0
r10            0x0	0
r11            0x0	0
r12            0x0	0
sp             0xbefff280	0xbefff280
lr             0x0	0
pc             0x100bc	0x100bc
cpsr           0x10	16
fpscr          0x0	0
=> 0x100bc:	add	r2, r1, r1, lsr #2
r0             0xb	11
r1             0xc	12
r2             0xf	15
r3             0xc	12
r4             0x0	0
r5             0x0	0
r6             0x0	0
r7             0x0	0
r8             0x0	0
r9             0x0	0
r10            0x0	0
r11            0x0	0
r12            0x0	0
sp             0xbefff280	0xbefff280
lr             0x0	0
pc             0x100c0	0x100c0
cpsr           0x10	16
fpscr          0x0	0
=> 0x100c0:	add	r2, r1, r1, lsr #3
r0             0xb	11
r1             0xc	12
r2             0xd	13
r3             0xc	12
r4             0x0	0
r5             0x0	0
r6             0x0	0
r7             0x0	0
r8             0x0	0
r9             0x0	0
r10            0x0	0
r11            0x0	0
r12            0x0	0
sp             0xbefff280	0xbefff280
lr             0x0	0
pc             0x100c4	0x100c4
cpsr           0x10	16
fpscr          0x0	0
=> 0x100c4:	add	r2, r1, r1, lsr #5
r0             0xb	11
r1             0xc	12
r2             0xc	12
r3             0xc	12
r4             0x0	0
r5             0x0	0
r6             0x0	0
r7             0x0	0
r8             0x0	0
r9             0x0	0
r10            0x0	0
r11            0x0	0
r12            0x0	0
sp             0xbefff280	0xbefff280
lr             0x0	0
pc             0x100c8	0x100c8
cpsr           0x10	16
fpscr          0x0	0
=> 0x100c8:	add	r2, r1, r1, lsr #20
r0             0xb	11
r1             0xc	12
r2             0xc	12
r3             0xc	12
r4             0x0	0
r5             0x0	0
r6             0x0	0
r7             0x0	0
r8             0x0	0
r9             0x0	0
r10            0x0	0
r11            0x0	0
r12            0x0	0
sp             0xbefff280	0xbefff280
lr             0x0	0
pc             0x100cc	0x100cc
cpsr           0x10	16
fpscr          0x0	0
=> 0x100cc:	add	r2, r1, r1, asr #2
r0             0xb	11
r1             0xc	12
r2             0xf	15
r3             0xc	12
r4             0x0	0
r5             0x0	0
r6             0x0	0
r7             0x0	0
r8             0x0	0
r9             0x0	0
r10            0x0	0
r11            0x0	0
r12            0x0	0
sp             0xbefff280	0xbefff280
lr             0x0	0
pc             0x100d0	0x100d0
cpsr           0x10	16
fpscr          0x0	0
=> 0x100d0:	add	r2, r1, r1, asr #3
r0             0xb	11
r1             0xc	12
r2             0xd	13
r3             0xc	12
r4             0x0	0
r5             0x0	0
r6             0x0	0
r7             0x0	0
r8             0x0	0
r9             0x0	0
r10            0x0	0
r11            0x0	0
r12            0x0	0
sp             0xbefff280	0xbefff280
lr             0x0	0
pc             0x100d4	0x100d4
cpsr           0x10	16
fpscr          0x0	0
=> 0x100d4:	add	r2, r1, r1, asr #5
r0             0xb	11
r1             0xc	12
r2             0xc	12
r3             0xc	12
r4             0x0	0
r5             0x0	0
r6             0x0	0
r7             0x0	0
r8             0x0	0
r9             0x0	0
r10            0x0	0
r11            0x0	0
r12            0x0	0
sp             0xbefff280	0xbefff280
lr             0x0	0
pc             0x100d8	0x100d8
cpsr           0x10	16
fpscr          0x0	0
=> 0x100d8:	add	r2, r1, r1, asr #9
r0             0xb	11
r1             0xc	12
r2             0xc	12
r3             0xc	12
r4             0x0	0
r5             0x0	0
r6             0x0	0
r7             0x0	0
r8             0x0	0
r9             0x0	0
r10            0x0	0
r11            0x0	0
r12            0x0	0
sp             0xbefff280	0xbefff280
lr             0x0	0
pc             0x100dc	0x100dc
cpsr           0x10	16
fpscr          0x0	0
=> 0x100dc:	add	r3, r3, pc
r0             0xb	11
r1             0xc	12
r2             0xc	12
r3             0x100f0	65776
r4             0x0	0
r5             0x0	0
r6             0x0	0
r7             0x0	0
r8             0x0	0
r9             0x0	0
r10            0x0	0
r11            0x0	0
r12            0x0	0
sp             0xbefff280	0xbefff280
lr             0x0	0
pc             0x100e0	0x100e0
cpsr           0x10	16
fpscr          0x0	0
=> 0x100e0:	sub	r1, r0, r0, lsl #5
r0             0xb	11
r1             0xfffffeab	4294966955
r2             0xc	12
r3             0x100f0	65776
r4             0x0	0
r5             0x0	0
r6             0x0	0
r7             0x0	0
r8             0x0	0
r9             0x0	0
r10            0x0	0
r11            0x0	0
r12            0x0	0
sp             0xbefff280	0xbefff280
lr             0x0	0
pc             0x100e4	0x100e4
cpsr           0x10	16
fpscr          0x0	0
=> 0x100e4:	sub	r2, r3, r2, lsl #5
r0             0xb	11
r1             0xfffffeab	4294966955
r2             0xff70	65392
r3             0x100f0	65776
r4             0x0	0
r5             0x0	0
r6             0x0	0
r7             0x0	0
r8             0x0	0
r9             0x0	0
r10            0x0	0
r11            0x0	0
r12            0x0	0
sp             0xbefff280	0xbefff280
lr             0x0	0
pc             0x100e8	0x100e8
cpsr           0x10	16
fpscr          0x0	0
=> 0x100e8:	sub	r3, r1, r2, asr #5
r0             0xb	11
r1             0xfffffeab	4294966955
r2             0xff70	65392
r3             0xfffff6b0	4294964912
r4             0x0	0
r5             0x0	0
r6             0x0	0
r7             0x0	0
r8             0x0	0
r9             0x0	0
r10            0x0	0
r11            0x0	0
r12            0x0	0
sp             0xbefff280	0xbefff280
lr             0x0	0
pc             0x100ec	0x100ec
cpsr           0x10	16
fpscr          0x0	0
=> 0x100ec:	sub	r0, r1, r3, lsl #5
r0             0x128ab	75947
r1             0xfffffeab	4294966955
r2             0xff70	65392
r3             0xfffff6b0	4294964912
r4             0x0	0
r5             0x0	0
r6             0x0	0
r7             0x0	0
r8             0x0	0
r9             0x0	0
r10            0x0	0
r11            0x0	0
r12            0x0	0
sp             0xbefff280	0xbefff280
lr             0x0	0
pc             0x100f0	0x100f0
cpsr           0x10	16
fpscr          0x0	0
=> 0x100f0:	sub	r1, r1, r1
r0             0x128ab	75947
r1             0x0	0
r2             0xff70	65392
r3             0xfffff6b0	4294964912
r4             0x0	0
r5             0x0	0
r6             0x0	0
r7             0x0	0
r8             0x0	0
r9             0x0	0
r10            0x0	0
r11            0x0	0
r12            0x0	0
sp             0xbefff280	0xbefff280
lr             0x0	0
pc             0x100f4	0x100f4
cpsr           0x10	16
fpscr          0x0	0
=> 0x100f4:	sub	r2, r1, r1, lsl #2
r0             0x128ab	75947
r1             0x0	0
r2             0x0	0
r3             0xfffff6b0	4294964912
r4             0x0	0
r5             0x0	0
r6             0x0	0
r7             0x0	0
r8             0x0	0
r9             0x0	0
r10            0x0	0
r11            0x0	0
r12            0x0	0
sp             0xbefff280	0xbefff280
lr             0x0	0
pc             0x100f8	0x100f8
cpsr           0x10	16
fpscr          0x0	0
=> 0x100f8:	sub	r2, r1, r1, lsl #3
r0             0x128ab	75947
r1             0x0	0
r2             0x0	0
r3             0xfffff6b0	4294964912
r4             0x0	0
r5             0x0	0
r6             0x0	0
r7             0x0	0
r8             0x0	0
r9             0x0	0
r10            0x0	0
r11            0x0	0
r12            0x0	0
sp             0xbefff280	0xbefff280
lr             0x0	0
pc             0x100fc	0x100fc
cpsr           0x10	16
fpscr          0x0	0
=> 0x100fc:	sub	r2, r1, r1, lsl #5
r0             0x128ab	75947
r1             0x0	0
r2             0x0	0
r3             0xfffff6b0	4294964912
r4             0x0	0
r5             0x0	0
r6             0x0	0
r7             0x0	0
r8             0x0	0
r9             0x0	0
r10            0x0	0
r11            0x0	0
r12            0x0	0
sp             0xbefff280	0xbefff280
lr             0x0	0
pc             0x10100	0x10100
cpsr           0x10	16
fpscr          0x0	0
=> 0x10100:	sub	r2, r1, r1, lsl #15
r0             0x128ab	75947
r1             0x0	0
r2             0x0	0
r3             0xfffff6b0	4294964912
r4             0x0	0
r5             0x0	0
r6             0x0	0
r7             0x0	0
r8             0x0	0
r9             0x0	0
r10            0x0	0
r11            0x0	0
r12            0x0	0
sp             0xbefff280	0xbefff280
lr             0x0	0
pc             0x10104	0x10104
cpsr           0x10	16
fpscr          0x0	0
=> 0x10104:	sub	r2, r1, r1, lsr #2
r0             0x128ab	75947
r1             0x0	0
r2             0x0	0
r3             0xfffff6b0	4294964912
r4             0x0	0
r5             0x0	0
r6             0x0	0
r7             0x0	0
r8             0x0	0
r9             0x0	0
r10            0x0	0
r11            0x0	0
r12            0x0	0
sp             0xbefff280	0xbefff280
lr             0x0	0
pc             0x10108	0x10108
cpsr           0x10	16
fpscr          0x0	0
=> 0x10108:	sub	r2, r1, r1, lsr #3
r0             0x128ab	75947
r1             0x0	0
r2             0x0	0
r3             0xfffff6b0	4294964912
r4             0x0	0
r5             0x0	0
r6             0x0	0
r7             0x0	0
r8             0x0	0
r9             0x0	0
r10            0x0	0
r11            0x0	0
r12            0x0	0
sp             0xbefff280	0xbefff280
lr             0x0	0
pc             0x1010c	0x1010c
cpsr           0x10	16
fpscr          0x0	0
=> 0x1010c:	sub	r2, r1, r1, lsr #5
r0             0x128ab	75947
r1             0x0	0
r2             0x0	0
r3             0xfffff6b0	4294964912
r4             0x0	0
r5             0x0	0
r6             0x0	0
r7             0x0	0
r8             0x0	0
r9             0x0	0
r10            0x0	0
r11            0x0	0
r12            0x0	0
sp             0xbefff280	0xbefff280
lr             0x0	0
pc             0x10110	0x10110
cpsr           0x10	16
fpscr          0x0	0
=> 0x10110:	sub	r2, r1, r1, lsr #20
r0             0x128ab	75947
r1             0x0	0
r2             0x0	0
r3             0xfffff6b0	4294964912
r4             0x0	0
r5             0x0	0
r6             0x0	0
r7             0x0	0
r8             0x0	0
r9             0x0	0
r10            0x0	0
r11            0x0	0
r12            0x0	0
sp             0xbefff280	0xbefff280
lr             0x0	0
pc             0x10114	0x10114
cpsr           0x10	16
fpscr          0x0	0
=> 0x10114:	sub	r2, r1, r1, asr #2
r0             0x128ab	75947
r1             0x0	0
r2             0x0	0
r3             0xfffff6b0	4294964912
r4             0x0	0
r5             0x0	0
r6             0x0	0
r7             0x0	0
r8             0x0	0
r9             0x0	0
r10            0x0	0
r11            0x0	0
r12            0x0	0
sp             0xbefff280	0xbefff280
lr             0x0	0
pc             0x10118	0x10118
cpsr           0x10	16
fpscr          0x0	0
=> 0x10118:	sub	r2, r1, r1, asr #3
r0             0x128ab	75947
r1             0x0	0
r2             0x0	0
r3             0xfffff6b0	4294964912
r4             0x0	0
r5             0x0	0
r6             0x0	0
r7             0x0	0
r8             0x0	0
r9             0x0	0
r10            0x0	0
r11            0x0	0
r12            0x0	0
sp             0xbefff280	0xbefff280
lr             0x0	0
pc             0x1011c	0x1011c
cpsr           0x10	16
fpscr          0x0	0
=> 0x1011c:	sub	r2, r1, r1, asr #5
r0             0x128ab	75947
r1             0x0	0
r2             0x0	0
r3             0xfffff6b0	4294964912
r4             0x0	0
r5             0x0	0
r6             0x0	0
r7             0x0	0
r8             0x0	0
r9             0x0	0
r10            0x0	0
r11            0x0	0
r12            0x0	0
sp             0xbefff280	0xbefff280
lr             0x0	0
pc             0x10120	0x10120
cpsr           0x10	16
fpscr          0x0	0
=> 0x10120:	sub	r2, r1, r1, asr #9
r0             0x128ab	75947
r1             0x0	0
r2             0x0	0
r3             0xfffff6b0	4294964912
r4             0x0	0
r5             0x0	0
r6             0x0	0
r7             0x0	0
r8             0x0	0
r9             0x0	0
r10            0x0	0
r11            0x0	0
r12            0x0	0
sp             0xbefff280	0xbefff280
lr             0x0	0
pc             0x10124	0x10124
cpsr           0x10	16
fpscr          0x0	0
=> 0x10124:	sub	r3, r3, pc
r0             0x128ab	75947
r1             0x0	0
r2             0x0	0
r3             0xfffef584	4294899076
r4             0x0	0
r5             0x0	0
r6             0x0	0
r7             0x0	0
r8             0x0	0
r9             0x0	0
r10            0x0	0
r11            0x0	0
r12            0x0	0
sp             0xbefff280	0xbefff280
lr             0x0	0
pc             0x10128	0x10128
cpsr           0x10	16
fpscr          0x0	0
=> 0x10128:	addeq	r1, r1, r1
r0             0x128ab	75947
r1             0x0	0
r2             0x0	0
r3             0xfffef584	4294899076
r4             0x0	0
r5             0x0	0
r6             0x0	0
r7             0x0	0
r8             0x0	0
r9             0x0	0
r10            0x0	0
r11            0x0	0
r12            0x0	0
sp             0xbefff280	0xbefff280
lr             0x0	0
pc             0x1012c	0x1012c
cpsr           0x10	16
fpscr          0x0	0
=> 0x1012c:	addeq	r1, r1, r1
r0             0x128ab	75947
r1             0x0	0
r2             0x0	0
r3             0xfffef584	4294899076
r4             0x0	0
r5             0x0	0
r6             0x0	0
r7             0x0	0
r8             0x0	0
r9             0x0	0
r10            0x0	0
r11            0x0	0
r12            0x0	0
sp             0xbefff280	0xbefff280
lr             0x0	0
pc             0x10130	0x10130
cpsr           0x10	16
fpscr          0x0	0
=> 0x10130:	addeq	r1, r1, r1
r0             0x128ab	75947
r1             0x0	0
r2             0x0	0
r3             0xfffef584	4294899076
r4             0x0	0
r5             0x0	0
r6             0x0	0
r7             0x0	0
r8             0x0	0
r9             0x0	0
r10            0x0	0
r11            0x0	0
r12            0x0	0
sp             0xbefff280	0xbefff280
lr             0x0	0
pc             0x10134	0x10134
cpsr           0x10	16
fpscr          0x0	0
=> 0x10134:	addeq	r1, r1, r1
r0             0x128ab	75947
r1             0x0	0
r2             0x0	0
r3             0xfffef584	4294899076
r4             0x0	0
r5             0x0	0
r6             0x0	0
r7             0x0	0
r8             0x0	0
r9             0x0	0
r10            0x0	0
r11            0x0	0
r12            0x0	0
sp             0xbefff280	0xbefff280
lr             0x0	0
pc             0x10138	0x10138
cpsr           0x10	16
fpscr          0x0	0
=> 0x10138:	addeq	r1, r1, r1
r0             0x128ab	75947
r1             0x0	0
r2             0x0	0
r3             0xfffef584	4294899076
r4             0x0	0
r5             0x0	0
r6             0x0	0
r7             0x0	0
r8             0x0	0
r9             0x0	0
r10            0x0	0
r11            0x0	0
r12            0x0	0
sp             0xbefff280	0xbefff280
lr             0x0	0
pc             0x1013c	0x1013c
cpsr           0x10	16
fpscr          0x0	0
=> 0x1013c:	addeq	r2, r1, r1, lsl #2
r0             0x128ab	75947
r1             0x0	0
r2             0x0	0
r3             0xfffef584	4294899076
r4             0x0	0
r5             0x0	0
r6             0x0	0
r7             0x0	0
r8             0x0	0
r9             0x0	0
r10            0x0	0
r11            0x0	0
r12            0x0	0
sp             0xbefff280	0xbefff280
lr             0x0	0
pc             0x10140	0x10140
cpsr           0x10	16
fpscr          0x0	0
=> 0x10140:	addeq	r2, r1, r1, lsl #3
r0             0x128ab	75947
r1             0x0	0
r2             0x0	0
r3             0xfffef584	4294899076
r4             0x0	0
r5             0x0	0
r6             0x0	0
r7             0x0	0
r8             0x0	0
r9             0x0	0
r10            0x0	0
r11            0x0	0
r12            0x0	0
sp             0xbefff280	0xbefff280
lr             0x0	0
pc             0x10144	0x10144
cpsr           0x10	16
fpscr          0x0	0
=> 0x10144:	addeq	r2, r1, r1, lsl #5
r0             0x128ab	75947
r1             0x0	0
r2             0x0	0
r3             0xfffef584	4294899076
r4             0x0	0
r5             0x0	0
r6             0x0	0
r7             0x0	0
r8             0x0	0
r9             0x0	0
r10            0x0	0
r11            0x0	0
r12            0x0	0
sp             0xbefff280	0xbefff280
lr             0x0	0
pc             0x10148	0x10148
cpsr           0x10	16
fpscr          0x0	0
=> 0x10148:	addeq	r2, r1, r1, lsl #15
r0             0x128ab	75947
r1             0x0	0
r2             0x0	0
r3             0xfffef584	4294899076
r4             0x0	0
r5             0x0	0
r6             0x0	0
r7             0x0	0
r8             0x0	0
r9             0x0	0
r10            0x0	0
r11            0x0	0
r12            0x0	0
sp             0xbefff280	0xbefff280
lr             0x0	0
pc             0x1014c	0x1014c
cpsr           0x10	16
fpscr          0x0	0
=> 0x1014c:	addeq	r2, r1, r1, lsr #2
r0             0x128ab	75947
r1             0x0	0
r2             0x0	0
r3             0xfffef584	4294899076
r4             0x0	0
r5             0x0	0
r6             0x0	0
r7             0x0	0
r8             0x0	0
r9             0x0	0
r10            0x0	0
r11            0x0	0
r12            0x0	0
sp             0xbefff280	0xbefff280
lr             0x0	0
pc             0x10150	0x10150
cpsr           0x10	16
fpscr          0x0	0
=> 0x10150:	addeq	r2, r1, r1, lsr #3
r0             0x128ab	75947
r1             0x0	0
r2             0x0	0
r3             0xfffef584	4294899076
r4             0x0	0
r5             0x0	0
r6             0x0	0
r7             0x0	0
r8             0x0	0
r9             0x0	0
r10            0x0	0
r11            0x0	0
r12            0x0	0
sp             0xbefff280	0xbefff280
lr             0x0	0
pc             0x10154	0x10154
cpsr           0x10	16
fpscr          0x0	0
=> 0x10154:	addeq	r2, r1, r1, lsr #5
r0             0x128ab	75947
r1             0x0	0
r2             0x0	0
r3             0xfffef584	4294899076
r4             0x0	0
r5             0x0	0
r6             0x0	0
r7             0x0	0
r8             0x0	0
r9             0x0	0
r10            0x0	0
r11            0x0	0
r12            0x0	0
sp             0xbefff280	0xbefff280
lr             0x0	0
pc             0x10158	0x10158
cpsr           0x10	16
fpscr          0x0	0
=> 0x10158:	addeq	r2, r1, r1, lsr #20
r0             0x128ab	75947
r1             0x0	0
r2             0x0	0
r3             0xfffef584	4294899076
r4             0x0	0
r5             0x0	0
r6             0x0	0
r7             0x0	0
r8             0x0	0
r9             0x0	0
r10            0x0	0
r11            0x0	0
r12            0x0	0
sp             0xbefff280	0xbefff280
lr             0x0	0
pc             0x1015c	0x1015c
cpsr           0x10	16
fpscr          0x0	0
=> 0x1015c:	addeq	r2, r1, r1, asr #2
r0             0x128ab	75947
r1             0x0	0
r2             0x0	0
r3             0xfffef584	4294899076
r4             0x0	0
r5             0x0	0
r6             0x0	0
r7             0x0	0
r8             0x0	0
r9             0x0	0
r10            0x0	0
r11            0x0	0
r12            0x0	0
sp             0xbefff280	0xbefff280
lr             0x0	0
pc             0x10160	0x10160
cpsr           0x10	16
fpscr          0x0	0
=> 0x10160:	addeq	r2, r1, r1, asr #3
r0             0x128ab	75947
r1             0x0	0
r2             0x0	0
r3             0xfffef584	4294899076
r4             0x0	0
r5             0x0	0
r6             0x0	0
r7             0x0	0
r8             0x0	0
r9             0x0	0
r10            0x0	0
r11            0x0	0
r12            0x0	0
sp             0xbefff280	0xbefff280
lr             0x0	0
pc             0x10164	0x10164
cpsr           0x10	16
fpscr          0x0	0
=> 0x10164:	addeq	r2, r1, r1, asr #5
r0             0x128ab	75947
r1             0x0	0
r2             0x0	0
r3             0xfffef584	4294899076
r4             0x0	0
r5             0x0	0
r6             0x0	0
r7             0x0	0
r8             0x0	0
r9             0x0	0
r10            0x0	0
r11            0x0	0
r12            0x0	0
sp             0xbefff280	0xbefff280
lr             0x0	0
pc             0x10168	0x10168
cpsr           0x10	16
fpscr          0x0	0
=> 0x10168:	addeq	r2, r1, r1, asr #9
r0             0x128ab	75947
r1             0x0	0
r2             0x0	0
r3             0xfffef584	4294899076
r4             0x0	0
r5             0x0	0
r6             0x0	0
r7             0x0	0
r8             0x0	0
r9             0x0	0
r10            0x0	0
r11            0x0	0
r12            0x0	0
sp             0xbefff280	0xbefff280
lr             0x0	0
pc             0x1016c	0x1016c
cpsr           0x10	16
fpscr          0x0	0
=> 0x1016c:	addeq	r3, r3, pc
r0             0x128ab	75947
r1             0x0	0
r2             0x0	0
r3             0xfffef584	4294899076
r4             0x0	0
r5             0x0	0
r6             0x0	0
r7             0x0	0
r8             0x0	0
r9             0x0	0
r10            0x0	0
r11            0x0	0
r12            0x0	0
sp             0xbefff280	0xbefff280
lr             0x0	0
pc             0x10170	0x10170
cpsr           0x10	16
fpscr          0x0	0
=> 0x10170:	subeq	r1, r1, r1
r0             0x128ab	75947
r1             0x0	0
r2             0x0	0
r3             0xfffef584	4294899076
r4             0x0	0
r5             0x0	0
r6             0x0	0
r7             0x0	0
r8             0x0	0
r9             0x0	0
r10            0x0	0
r11            0x0	0
r12            0x0	0
sp             0xbefff280	0xbefff280
lr             0x0	0
pc             0x10174	0x10174
cpsr           0x10	16
fpscr          0x0	0
=> 0x10174:	subeq	r1, r1, r1
r0             0x128ab	75947
r1             0x0	0
r2             0x0	0
r3             0xfffef584	4294899076
r4             0x0	0
r5             0x0	0
r6             0x0	0
r7             0x0	0
r8             0x0	0
r9             0x0	0
r10            0x0	0
r11            0x0	0
r12            0x0	0
sp             0xbefff280	0xbefff280
lr             0x0	0
pc             0x10178	0x10178
cpsr           0x10	16
fpscr          0x0	0
=> 0x10178:	subeq	r1, r1, r1
r0             0x128ab	75947
r1             0x0	0
r2             0x0	0
r3             0xfffef584	4294899076
r4             0x0	0
r5             0x0	0
r6             0x0	0
r7             0x0	0
r8             0x0	0
r9             0x0	0
r10            0x0	0
r11            0x0	0
r12            0x0	0
sp             0xbefff280	0xbefff280
lr             0x0	0
pc             0x1017c	0x1017c
cpsr           0x10	16
fpscr          0x0	0
=> 0x1017c:	subeq	r1, r1, r1
r0             0x128ab	75947
r1             0x0	0
r2             0x0	0
r3             0xfffef584	4294899076
r4             0x0	0
r5             0x0	0
r6             0x0	0
r7             0x0	0
r8             0x0	0
r9             0x0	0
r10            0x0	0
r11            0x0	0
r12            0x0	0
sp             0xbefff280	0xbefff280
lr             0x0	0
pc             0x10180	0x10180
cpsr           0x10	16
fpscr          0x0	0
=> 0x10180:	subeq	r1, r1, r1
r0             0x128ab	75947
r1             0x0	0
r2             0x0	0
r3             0xfffef584	4294899076
r4             0x0	0
r5             0x0	0
r6             0x0	0
r7             0x0	0
r8             0x0	0
r9             0x0	0
r10            0x0	0
r11            0x0	0
r12            0x0	0
sp             0xbefff280	0xbefff280
lr             0x0	0
pc             0x10184	0x10184
cpsr           0x10	16
fpscr          0x0	0
=> 0x10184:	subeq	r2, r1, r1, lsl #2
r0             0x128ab	75947
r1             0x0	0
r2             0x0	0
r3             0xfffef584	4294899076
r4             0x0	0
r5             0x0	0
r6             0x0	0
r7             0x0	0
r8             0x0	0
r9             0x0	0
r10            0x0	0
r11            0x0	0
r12            0x0	0
sp             0xbefff280	0xbefff280
lr             0x0	0
pc             0x10188	0x10188
cpsr           0x10	16
fpscr          0x0	0
=> 0x10188:	subeq	r2, r1, r1, lsl #3
r0             0x128ab	75947
r1             0x0	0
r2             0x0	0
r3             0xfffef584	4294899076
r4             0x0	0
r5             0x0	0
r6             0x0	0
r7             0x0	0
r8             0x0	0
r9             0x0	0
r10            0x0	0
r11            0x0	0
r12            0x0	0
sp             0xbefff280	0xbefff280
lr             0x0	0
pc             0x1018c	0x1018c
cpsr           0x10	16
fpscr          0x0	0
=> 0x1018c:	subeq	r2, r1, r1, lsl #5
r0             0x128ab	75947
r1             0x0	0
r2             0x0	0
r3             0xfffef584	4294899076
r4             0x0	0
r5             0x0	0
r6             0x0	0
r7             0x0	0
r8             0x0	0
r9             0x0	0
r10            0x0	0
r11            0x0	0
r12            0x0	0
sp             0xbefff280	0xbefff280
lr             0x0	0
pc             0x10190	0x10190
cpsr           0x10	16
fpscr          0x0	0
=> 0x10190:	subeq	r2, r1, r1, lsl #15
r0             0x128ab	75947
r1             0x0	0
r2             0x0	0
r3             0xfffef584	4294899076
r4             0x0	0
r5             0x0	0
r6             0x0	0
r7             0x0	0
r8             0x0	0
r9             0x0	0
r10            0x0	0
r11            0x0	0
r12            0x0	0
sp             0xbefff280	0xbefff280
lr             0x0	0
pc             0x10194	0x10194
cpsr           0x10	16
fpscr          0x0	0
=> 0x10194:	subeq	r2, r1, r1, lsr #2
r0             0x128ab	75947
r1             0x0	0
r2             0x0	0
r3             0xfffef584	4294899076
r4             0x0	0
r5             0x0	0
r6             0x0	0
r7             0x0	0
r8             0x0	0
r9             0x0	0
r10            0x0	0
r11            0x0	0
r12            0x0	0
sp             0xbefff280	0xbefff280
lr             0x0	0
pc             0x10198	0x10198
cpsr           0x10	16
fpscr          0x0	0
=> 0x10198:	subeq	r2, r1, r1, lsr #3
r0             0x128ab	75947
r1             0x0	0
r2             0x0	0
r3             0xfffef584	4294899076
r4             0x0	0
r5             0x0	0
r6             0x0	0
r7             0x0	0
r8             0x0	0
r9             0x0	0
r10            0x0	0
r11            0x0	0
r12            0x0	0
sp             0xbefff280	0xbefff280
lr             0x0	0
pc             0x1019c	0x1019c
cpsr           0x10	16
fpscr          0x0	0
=> 0x1019c:	subeq	r2, r1, r1, lsr #5
r0             0x128ab	75947
r1             0x0	0
r2             0x0	0
r3             0xfffef584	4294899076
r4             0x0	0
r5             0x0	0
r6             0x0	0
r7             0x0	0
r8             0x0	0
r9             0x0	0
r10            0x0	0
r11            0x0	0
r12            0x0	0
sp             0xbefff280	0xbefff280
lr             0x0	0
pc             0x101a0	0x101a0
cpsr           0x10	16
fpscr          0x0	0
=> 0x101a0:	subeq	r2, r1, r1, lsr #20
r0             0x128ab	75947
r1             0x0	0
r2             0x0	0
r3             0xfffef584	4294899076
r4             0x0	0
r5             0x0	0
r6             0x0	0
r7             0x0	0
r8             0x0	0
r9             0x0	0
r10            0x0	0
r11            0x0	0
r12            0x0	0
sp             0xbefff280	0xbefff280
lr             0x0	0
pc             0x101a4	0x101a4
cpsr           0x10	16
fpscr          0x0	0
=> 0x101a4:	subeq	r2, r1, r1, asr #2
r0             0x128ab	75947
r1             0x0	0
r2             0x0	0
r3             0xfffef584	4294899076
r4             0x0	0
r5             0x0	0
r6             0x0	0
r7             0x0	0
r8             0x0	0
r9             0x0	0
r10            0x0	0
r11            0x0	0
r12            0x0	0
sp             0xbefff280	0xbefff280
lr             0x0	0
pc             0x101a8	0x101a8
cpsr           0x10	16
fpscr          0x0	0
=> 0x101a8:	subeq	r2, r1, r1, asr #3
r0             0x128ab	75947
r1             0x0	0
r2             0x0	0
r3             0xfffef584	4294899076
r4             0x0	0
r5             0x0	0
r6             0x0	0
r7             0x0	0
r8             0x0	0
r9             0x0	0
r10            0x0	0
r11            0x0	0
r12            0x0	0
sp             0xbefff280	0xbefff280
lr             0x0	0
pc             0x101ac	0x101ac
cpsr           0x10	16
fpscr          0x0	0
=> 0x101ac:	subeq	r2, r1, r1, asr #5
r0             0x128ab	75947
r1             0x0	0
r2             0x0	0
r3             0xfffef584	4294899076
r4             0x0	0
r5             0x0	0
r6             0x0	0
r7             0x0	0
r8             0x0	0
r9             0x0	0
r10            0x0	0
r11            0x0	0
r12            0x0	0
sp             0xbefff280	0xbefff280
lr             0x0	0
pc             0x101b0	0x101b0
cpsr           0x10	16
fpscr          0x0	0
=> 0x101b0:	subeq	r2, r1, r1, asr #9
r0             0x128ab	75947
r1             0x0	0
r2             0x0	0
r3             0xfffef584	4294899076
r4             0x0	0
r5             0x0	0
r6             0x0	0
r7             0x0	0
r8             0x0	0
r9             0x0	0
r10            0x0	0
r11            0x0	0
r12            0x0	0
sp             0xbefff280	0xbefff280
lr             0x0	0
pc             0x101b4	0x101b4
cpsr           0x10	16
fpscr          0x0	0
=> 0x101b4:	subeq	r3, r3, pc
r0             0x128ab	75947
r1             0x0	0
r2             0x0	0
r3             0xfffef584	4294899076
r4             0x0	0
r5             0x0	0
r6             0x0	0
r7             0x0	0
r8             0x0	0
r9             0x0	0
r10            0x0	0
r11            0x0	0
r12            0x0	0
sp             0xbefff280	0xbefff280
lr             0x0	0
pc             0x101b8	0x101b8
cpsr           0x10	16
fpscr          0x0	0
=> 0x101b8:	addmi	r1, r1, r1
r0             0x128ab	75947
r1             0x0	0
r2             0x0	0
r3             0xfffef584	4294899076
r4             0x0	0
r5             0x0	0
r6             0x0	0
r7             0x0	0
r8             0x0	0
r9             0x0	0
r10            0x0	0
r11            0x0	0
r12            0x0	0
sp             0xbefff280	0xbefff280
lr             0x0	0
pc             0x101bc	0x101bc
cpsr           0x10	16
fpscr          0x0	0
=> 0x101bc:	addmi	r1, r1, r1
r0             0x128ab	75947
r1             0x0	0
r2             0x0	0
r3             0xfffef584	4294899076
r4             0x0	0
r5             0x0	0
r6             0x0	0
r7             0x0	0
r8             0x0	0
r9             0x0	0
r10            0x0	0
r11            0x0	0
r12            0x0	0
sp             0xbefff280	0xbefff280
lr             0x0	0
pc             0x101c0	0x101c0
cpsr           0x10	16
fpscr          0x0	0
=> 0x101c0:	addmi	r1, r1, r1
r0             0x128ab	75947
r1             0x0	0
r2             0x0	0
r3             0xfffef584	4294899076
r4             0x0	0
r5             0x0	0
r6             0x0	0
r7             0x0	0
r8             0x0	0
r9             0x0	0
r10            0x0	0
r11            0x0	0
r12            0x0	0
sp             0xbefff280	0xbefff280
lr             0x0	0
pc             0x101c4	0x101c4
cpsr           0x10	16
fpscr          0x0	0
=> 0x101c4:	addmi	r1, r1, r1
r0             0x128ab	75947
r1             0x0	0
r2             0x0	0
r3             0xfffef584	4294899076
r4             0x0	0
r5             0x0	0
r6             0x0	0
r7             0x0	0
r8             0x0	0
r9             0x0	0
r10            0x0	0
r11            0x0	0
r12            0x0	0
sp             0xbefff280	0xbefff280
lr             0x0	0
pc             0x101c8	0x101c8
cpsr           0x10	16
fpscr          0x0	0
=> 0x101c8:	addmi	r1, r1, r1
r0             0x128ab	75947
r1             0x0	0
r2             0x0	0
r3             0xfffef584	4294899076
r4             0x0	0
r5             0x0	0
r6             0x0	0
r7             0x0	0
r8             0x0	0
r9             0x0	0
r10            0x0	0
r11            0x0	0
r12            0x0	0
sp             0xbefff280	0xbefff280
lr             0x0	0
pc             0x101cc	0x101cc
cpsr           0x10	16
fpscr          0x0	0
=> 0x101cc:	addmi	r2, r1, r1, lsl #2
r0             0x128ab	75947
r1             0x0	0
r2             0x0	0
r3             0xfffef584	4294899076
r4             0x0	0
r5             0x0	0
r6             0x0	0
r7             0x0	0
r8             0x0	0
r9             0x0	0
r10            0x0	0
r11            0x0	0
r12            0x0	0
sp             0xbefff280	0xbefff280
lr             0x0	0
pc             0x101d0	0x101d0
cpsr           0x10	16
fpscr          0x0	0
=> 0x101d0:	addmi	r2, r1, r1, lsl #3
r0             0x128ab	75947
r1             0x0	0
r2             0x0	0
r3             0xfffef584	4294899076
r4             0x0	0
r5             0x0	0
r6             0x0	0
r7             0x0	0
r8             0x0	0
r9             0x0	0
r10            0x0	0
r11            0x0	0
r12            0x0	0
sp             0xbefff280	0xbefff280
lr             0x0	0
pc             0x101d4	0x101d4
cpsr           0x10	16
fpscr          0x0	0
=> 0x101d4:	addmi	r2, r1, r1, lsl #5
r0             0x128ab	75947
r1             0x0	0
r2             0x0	0
r3             0xfffef584	4294899076
r4             0x0	0
r5             0x0	0
r6             0x0	0
r7             0x0	0
r8             0x0	0
r9             0x0	0
r10            0x0	0
r11            0x0	0
r12            0x0	0
sp             0xbefff280	0xbefff280
lr             0x0	0
pc             0x101d8	0x101d8
cpsr           0x10	16
fpscr          0x0	0
=> 0x101d8:	addmi	r2, r1, r1, lsl #15
r0             0x128ab	75947
r1             0x0	0
r2             0x0	0
r3             0xfffef584	4294899076
r4             0x0	0
r5             0x0	0
r6             0x0	0
r7             0x0	0
r8             0x0	0
r9             0x0	0
r10            0x0	0
r11            0x0	0
r12            0x0	0
sp             0xbefff280	0xbefff280
lr             0x0	0
pc             0x101dc	0x101dc
cpsr           0x10	16
fpscr          0x0	0
=> 0x101dc:	addmi	r2, r1, r1, lsr #2
r0             0x128ab	75947
r1             0x0	0
r2             0x0	0
r3             0xfffef584	4294899076
r4             0x0	0
r5             0x0	0
r6             0x0	0
r7             0x0	0
r8             0x0	0
r9             0x0	0
r10            0x0	0
r11            0x0	0
r12            0x0	0
sp             0xbefff280	0xbefff280
lr             0x0	0
pc             0x101e0	0x101e0
cpsr           0x10	16
fpscr          0x0	0
=> 0x101e0:	addmi	r2, r1, r1, lsr #3
r0             0x128ab	75947
r1             0x0	0
r2             0x0	0
r3             0xfffef584	4294899076
r4             0x0	0
r5             0x0	0
r6             0x0	0
r7             0x0	0
r8             0x0	0
r9             0x0	0
r10            0x0	0
r11            0x0	0
r12            0x0	0
sp             0xbefff280	0xbefff280
lr             0x0	0
pc             0x101e4	0x101e4
cpsr           0x10	16
fpscr          0x0	0
=> 0x101e4:	addmi	r2, r1, r1, lsr #5
r0             0x128ab	75947
r1             0x0	0
r2             0x0	0
r3             0xfffef584	4294899076
r4             0x0	0
r5             0x0	0
r6             0x0	0
r7             0x0	0
r8             0x0	0
r9             0x0	0
r10            0x0	0
r11            0x0	0
r12            0x0	0
sp             0xbefff280	0xbefff280
lr             0x0	0
pc             0x101e8	0x101e8
cpsr           0x10	16
fpscr          0x0	0
=> 0x101e8:	addmi	r2, r1, r1, lsr #20
r0             0x128ab	75947
r1             0x0	0
r2             0x0	0
r3             0xfffef584	4294899076
r4             0x0	0
r5             0x0	0
r6             0x0	0
r7             0x0	0
r8             0x0	0
r9             0x0	0
r10            0x0	0
r11            0x0	0
r12            0x0	0
sp             0xbefff280	0xbefff280
lr             0x0	0
pc             0x101ec	0x101ec
cpsr           0x10	16
fpscr          0x0	0
=> 0x101ec:	addmi	r2, r1, r1, asr #2
r0             0x128ab	75947
r1             0x0	0
r2             0x0	0
r3             0xfffef584	4294899076
r4             0x0	0
r5             0x0	0
r6             0x0	0
r7             0x0	0
r8             0x0	0
r9             0x0	0
r10            0x0	0
r11            0x0	0
r12            0x0	0
sp             0xbefff280	0xbefff280
lr             0x0	0
pc             0x101f0	0x101f0
cpsr           0x10	16
fpscr          0x0	0
=> 0x101f0:	addmi	r2, r1, r1, asr #3
r0             0x128ab	75947
r1             0x0	0
r2             0x0	0
r3             0xfffef584	4294899076
r4             0x0	0
r5             0x0	0
r6             0x0	0
r7             0x0	0
r8             0x0	0
r9             0x0	0
r10            0x0	0
r11            0x0	0
r12            0x0	0
sp             0xbefff280	0xbefff280
lr             0x0	0
pc             0x101f4	0x101f4
cpsr           0x10	16
fpscr          0x0	0
=> 0x101f4:	addmi	r2, r1, r1, asr #5
r0             0x128ab	75947
r1             0x0	0
r2             0x0	0
r3             0xfffef584	4294899076
r4             0x0	0
r5             0x0	0
r6             0x0	0
r7             0x0	0
r8             0x0	0
r9             0x0	0
r10            0x0	0
r11            0x0	0
r12            0x0	0
sp             0xbefff280	0xbefff280
lr             0x0	0
pc             0x101f8	0x101f8
cpsr           0x10	16
fpscr          0x0	0
=> 0x101f8:	addmi	r2, r1, r1, asr #9
r0             0x128ab	75947
r1             0x0	0
r2             0x0	0
r3             0xfffef584	4294899076
r4             0x0	0
r5             0x0	0
r6             0x0	0
r7             0x0	0
r8             0x0	0
r9             0x0	0
r10            0x0	0
r11            0x0	0
r12            0x0	0
sp             0xbefff280	0xbefff280
lr             0x0	0
pc             0x101fc	0x101fc
cpsr           0x10	16
fpscr          0x0	0
=> 0x101fc:	addmi	r3, r3, pc
r0             0x128ab	75947
r1             0x0	0
r2             0x0	0
r3             0xfffef584	4294899076
r4             0x0	0
r5             0x0	0
r6             0x0	0
r7             0x0	0
r8             0x0	0
r9             0x0	0
r10            0x0	0
r11            0x0	0
r12            0x0	0
sp             0xbefff280	0xbefff280
lr             0x0	0
pc             0x10200	0x10200
cpsr           0x10	16
fpscr          0x0	0
=> 0x10200:	submi	r1, r1, r1
r0             0x128ab	75947
r1             0x0	0
r2             0x0	0
r3             0xfffef584	4294899076
r4             0x0	0
r5             0x0	0
r6             0x0	0
r7             0x0	0
r8             0x0	0
r9             0x0	0
r10            0x0	0
r11            0x0	0
r12            0x0	0
sp             0xbefff280	0xbefff280
lr             0x0	0
pc             0x10204	0x10204
cpsr           0x10	16
fpscr          0x0	0
=> 0x10204:	submi	r1, r1, r1
r0             0x128ab	75947
r1             0x0	0
r2             0x0	0
r3             0xfffef584	4294899076
r4             0x0	0
r5             0x0	0
r6             0x0	0
r7             0x0	0
r8             0x0	0
r9             0x0	0
r10            0x0	0
r11            0x0	0
r12            0x0	0
sp             0xbefff280	0xbefff280
lr             0x0	0
pc             0x10208	0x10208
cpsr           0x10	16
fpscr          0x0	0
=> 0x10208:	submi	r1, r1, r1
r0             0x128ab	75947
r1             0x0	0
r2             0x0	0
r3             0xfffef584	4294899076
r4             0x0	0
r5             0x0	0
r6             0x0	0
r7             0x0	0
r8             0x0	0
r9             0x0	0
r10            0x0	0
r11            0x0	0
r12            0x0	0
sp             0xbefff280	0xbefff280
lr             0x0	0
pc             0x1020c	0x1020c
cpsr           0x10	16
fpscr          0x0	0
=> 0x1020c:	submi	r1, r1, r1
r0             0x128ab	75947
r1             0x0	0
r2             0x0	0
r3             0xfffef584	4294899076
r4             0x0	0
r5             0x0	0
r6             0x0	0
r7             0x0	0
r8             0x0	0
r9             0x0	0
r10            0x0	0
r11            0x0	0
r12            0x0	0
sp             0xbefff280	0xbefff280
lr             0x0	0
pc             0x10210	0x10210
cpsr           0x10	16
fpscr          0x0	0
=> 0x10210:	submi	r1, r1, r1
r0             0x128ab	75947
r1             0x0	0
r2             0x0	0
r3             0xfffef584	4294899076
r4             0x0	0
r5             0x0	0
r6             0x0	0
r7             0x0	0
r8             0x0	0
r9             0x0	0
r10            0x0	0
r11            0x0	0
r12            0x0	0
sp             0xbefff280	0xbefff280
lr             0x0	0
pc             0x10214	0x10214
cpsr           0x10	16
fpscr          0x0	0
=> 0x10214:	submi	r2, r1, r1, lsl #2
r0             0x128ab	75947
r1             0x0	0
r2             0x0	0
r3             0xfffef584	4294899076
r4             0x0	0
r5             0x0	0
r6             0x0	0
r7             0x0	0
r8             0x0	0
r9             0x0	0
r10            0x0	0
r11            0x0	0
r12            0x0	0
sp             0xbefff280	0xbefff280
lr             0x0	0
pc             0x10218	0x10218
cpsr           0x10	16
fpscr          0x0	0
=> 0x10218:	submi	r2, r1, r1, lsl #3
r0             0x128ab	75947
r1             0x0	0
r2             0x0	0
r3             0xfffef584	4294899076
r4             0x0	0
r5             0x0	0
r6             0x0	0
r7             0x0	0
r8             0x0	0
r9             0x0	0
r10            0x0	0
r11            0x0	0
r12            0x0	0
sp             0xbefff280	0xbefff280
lr             0x0	0
pc             0x1021c	0x1021c
cpsr           0x10	16
fpscr          0x0	0
=> 0x1021c:	submi	r2, r1, r1, lsl #5
r0             0x128ab	75947
r1             0x0	0
r2             0x0	0
r3             0xfffef584	4294899076
r4             0x0	0
r5             0x0	0
r6             0x0	0
r7             0x0	0
r8             0x0	0
r9             0x0	0
r10            0x0	0
r11            0x0	0
r12            0x0	0
sp             0xbefff280	0xbefff280
lr             0x0	0
pc             0x10220	0x10220
cpsr           0x10	16
fpscr          0x0	0
=> 0x10220:	submi	r2, r1, r1, lsl #15
r0             0x128ab	75947
r1             0x0	0
r2             0x0	0
r3             0xfffef584	4294899076
r4             0x0	0
r5             0x0	0
r6             0x0	0
r7             0x0	0
r8             0x0	0
r9             0x0	0
r10            0x0	0
r11            0x0	0
r12            0x0	0
sp             0xbefff280	0xbefff280
lr             0x0	0
pc             0x10224	0x10224
cpsr           0x10	16
fpscr          0x0	0
=> 0x10224:	submi	r2, r1, r1, lsr #2
r0             0x128ab	75947
r1             0x0	0
r2             0x0	0
r3             0xfffef584	4294899076
r4             0x0	0
r5             0x0	0
r6             0x0	0
r7             0x0	0
r8             0x0	0
r9             0x0	0
r10            0x0	0
r11            0x0	0
r12            0x0	0
sp             0xbefff280	0xbefff280
lr             0x0	0
pc             0x10228	0x10228
cpsr           0x10	16
fpscr          0x0	0
=> 0x10228:	submi	r2, r1, r1, lsr #3
r0             0x128ab	75947
r1             0x0	0
r2             0x0	0
r3             0xfffef584	4294899076
r4             0x0	0
r5             0x0	0
r6             0x0	0
r7             0x0	0
r8             0x0	0
r9             0x0	0
r10            0x0	0
r11            0x0	0
r12            0x0	0
sp             0xbefff280	0xbefff280
lr             0x0	0
pc             0x1022c	0x1022c
cpsr           0x10	16
fpscr          0x0	0
=> 0x1022c:	submi	r2, r1, r1, lsr #5
r0             0x128ab	75947
r1             0x0	0
r2             0x0	0
r3             0xfffef584	4294899076
r4             0x0	0
r5             0x0	0
r6             0x0	0
r7             0x0	0
r8             0x0	0
r9             0x0	0
r10            0x0	0
r11            0x0	0
r12            0x0	0
sp             0xbefff280	0xbefff280
lr             0x0	0
pc             0x10230	0x10230
cpsr           0x10	16
fpscr          0x0	0
=> 0x10230:	submi	r2, r1, r1, lsr #20
r0             0x128ab	75947
r1             0x0	0
r2             0x0	0
r3             0xfffef584	4294899076
r4             0x0	0
r5             0x0	0
r6             0x0	0
r7             0x0	0
r8             0x0	0
r9             0x0	0
r10            0x0	0
r11            0x0	0
r12            0x0	0
sp             0xbefff280	0xbefff280
lr             0x0	0
pc             0x10234	0x10234
cpsr           0x10	16
fpscr          0x0	0
=> 0x10234:	submi	r2, r1, r1, asr #2
r0             0x128ab	75947
r1             0x0	0
r2             0x0	0
r3             0xfffef584	4294899076
r4             0x0	0
r5             0x0	0
r6             0x0	0
r7             0x0	0
r8             0x0	0
r9             0x0	0
r10            0x0	0
r11            0x0	0
r12            0x0	0
sp             0xbefff280	0xbefff280
lr             0x0	0
pc             0x10238	0x10238
cpsr           0x10	16
fpscr          0x0	0
=> 0x10238:	submi	r2, r1, r1, asr #3
r0             0x128ab	75947
r1             0x0	0
r2             0x0	0
r3             0xfffef584	4294899076
r4             0x0	0
r5             0x0	0
r6             0x0	0
r7             0x0	0
r8             0x0	0
r9             0x0	0
r10            0x0	0
r11            0x0	0
r12            0x0	0
sp             0xbefff280	0xbefff280
lr             0x0	0
pc             0x1023c	0x1023c
cpsr           0x10	16
fpscr          0x0	0
=> 0x1023c:	submi	r2, r1, r1, asr #5
r0             0x128ab	75947
r1             0x0	0
r2             0x0	0
r3             0xfffef584	4294899076
r4             0x0	0
r5             0x0	0
r6             0x0	0
r7             0x0	0
r8             0x0	0
r9             0x0	0
r10            0x0	0
r11            0x0	0
r12            0x0	0
sp             0xbefff280	0xbefff280
lr             0x0	0
pc             0x10240	0x10240
cpsr           0x10	16
fpscr          0x0	0
=> 0x10240:	submi	r2, r1, r1, asr #9
r0             0x128ab	75947
r1             0x0	0
r2             0x0	0
r3             0xfffef584	4294899076
r4             0x0	0
r5             0x0	0
r6             0x0	0
r7             0x0	0
r8             0x0	0
r9             0x0	0
r10            0x0	0
r11            0x0	0
r12            0x0	0
sp             0xbefff280	0xbefff280
lr             0x0	0
pc             0x10244	0x10244
cpsr           0x10	16
fpscr          0x0	0
=> 0x10244:	submi	r3, r3, pc
r0             0x128ab	75947
r1             0x0	0
r2             0x0	0
r3             0xfffef584	4294899076
r4             0x0	0
r5             0x0	0
r6             0x0	0
r7             0x0	0
r8             0x0	0
r9             0x0	0
r10            0x0	0
r11            0x0	0
r12            0x0	0
sp             0xbefff280	0xbefff280
lr             0x0	0
pc             0x10248	0x10248
cpsr           0x10	16
fpscr          0x0	0
=> 0x10248:	addvs	r1, r1, r1
r0             0x128ab	75947
r1             0x0	0
r2             0x0	0
r3             0xfffef584	4294899076
r4             0x0	0
r5             0x0	0
r6             0x0	0
r7             0x0	0
r8             0x0	0
r9             0x0	0
r10            0x0	0
r11            0x0	0
r12            0x0	0
sp             0xbefff280	0xbefff280
lr             0x0	0
pc             0x1024c	0x1024c
cpsr           0x10	16
fpscr          0x0	0
=> 0x1024c:	addls	r1, r1, r1
r0             0x128ab	75947
r1             0x0	0
r2             0x0	0
r3             0xfffef584	4294899076
r4             0x0	0
r5             0x0	0
r6             0x0	0
r7             0x0	0
r8             0x0	0
r9             0x0	0
r10            0x0	0
r11            0x0	0
r12            0x0	0
sp             0xbefff280	0xbefff280
lr             0x0	0
pc             0x10250	0x10250
cpsr           0x10	16
fpscr          0x0	0
=> 0x10250:	addvs	r1, r1, r1
r0             0x128ab	75947
r1             0x0	0
r2             0x0	0
r3             0xfffef584	4294899076
r4             0x0	0
r5             0x0	0
r6             0x0	0
r7             0x0	0
r8             0x0	0
r9             0x0	0
r10            0x0	0
r11            0x0	0
r12            0x0	0
sp             0xbefff280	0xbefff280
lr             0x0	0
pc             0x10254	0x10254
cpsr           0x10	16
fpscr          0x0	0
=> 0x10254:	addls	r1, r1, r1
r0             0x128ab	75947
r1             0x0	0
r2             0x0	0
r3             0xfffef584	4294899076
r4             0x0	0
r5             0x0	0
r6             0x0	0
r7             0x0	0
r8             0x0	0
r9             0x0	0
r10            0x0	0
r11            0x0	0
r12            0x0	0
sp             0xbefff280	0xbefff280
lr             0x0	0
pc             0x10258	0x10258
cpsr           0x10	16
fpscr          0x0	0
=> 0x10258:	addvs	r1, r1, r1
r0             0x128ab	75947
r1             0x0	0
r2             0x0	0
r3             0xfffef584	4294899076
r4             0x0	0
r5             0x0	0
r6             0x0	0
r7             0x0	0
r8             0x0	0
r9             0x0	0
r10            0x0	0
r11            0x0	0
r12            0x0	0
sp             0xbefff280	0xbefff280
lr             0x0	0
pc             0x1025c	0x1025c
cpsr           0x10	16
fpscr          0x0	0
=> 0x1025c:	addls	r1, r1, r1
r0             0x128ab	75947
r1             0x0	0
r2             0x0	0
r3             0xfffef584	4294899076
r4             0x0	0
r5             0x0	0
r6             0x0	0
r7             0x0	0
r8             0x0	0
r9             0x0	0
r10            0x0	0
r11            0x0	0
r12            0x0	0
sp             0xbefff280	0xbefff280
lr             0x0	0
pc             0x10260	0x10260
cpsr           0x10	16
fpscr          0x0	0
=> 0x10260:	addvs	r1, r1, r1
r0             0x128ab	75947
r1             0x0	0
r2             0x0	0
r3             0xfffef584	4294899076
r4             0x0	0
r5             0x0	0
r6             0x0	0
r7             0x0	0
r8             0x0	0
r9             0x0	0
r10            0x0	0
r11            0x0	0
r12            0x0	0
sp             0xbefff280	0xbefff280
lr             0x0	0
pc             0x10264	0x10264
cpsr           0x10	16
fpscr          0x0	0
=> 0x10264:	addls	r1, r1, r1
r0             0x128ab	75947
r1             0x0	0
r2             0x0	0
r3             0xfffef584	4294899076
r4             0x0	0
r5             0x0	0
r6             0x0	0
r7             0x0	0
r8             0x0	0
r9             0x0	0
r10            0x0	0
r11            0x0	0
r12            0x0	0
sp             0xbefff280	0xbefff280
lr             0x0	0
pc             0x10268	0x10268
cpsr           0x10	16
fpscr          0x0	0
=> 0x10268:	addvs	r1, r1, r1
r0             0x128ab	75947
r1             0x0	0
r2             0x0	0
r3             0xfffef584	4294899076
r4             0x0	0
r5             0x0	0
r6             0x0	0
r7             0x0	0
r8             0x0	0
r9             0x0	0
r10            0x0	0
r11            0x0	0
r12            0x0	0
sp             0xbefff280	0xbefff280
lr             0x0	0
pc             0x1026c	0x1026c
cpsr           0x10	16
fpscr          0x0	0
=> 0x1026c:	addls	r1, r1, r1
r0             0x128ab	75947
r1             0x0	0
r2             0x0	0
r3             0xfffef584	4294899076
r4             0x0	0
r5             0x0	0
r6             0x0	0
r7             0x0	0
r8             0x0	0
r9             0x0	0
r10            0x0	0
r11            0x0	0
r12            0x0	0
sp             0xbefff280	0xbefff280
lr             0x0	0
pc             0x10270	0x10270
cpsr           0x10	16
fpscr          0x0	0
=> 0x10270:	addvs	r2, r1, r1, lsl #2
r0             0x128ab	75947
r1             0x0	0
r2             0x0	0
r3             0xfffef584	4294899076
r4             0x0	0
r5             0x0	0
r6             0x0	0
r7             0x0	0
r8             0x0	0
r9             0x0	0
r10            0x0	0
r11            0x0	0
r12            0x0	0
sp             0xbefff280	0xbefff280
lr             0x0	0
pc             0x10274	0x10274
cpsr           0x10	16
fpscr          0x0	0
=> 0x10274:	addls	r2, r1, r1, lsl #2
r0             0x128ab	75947
r1             0x0	0
r2             0x0	0
r3             0xfffef584	4294899076
r4             0x0	0
r5             0x0	0
r6             0x0	0
r7             0x0	0
r8             0x0	0
r9             0x0	0
r10            0x0	0
r11            0x0	0
r12            0x0	0
sp             0xbefff280	0xbefff280
lr             0x0	0
pc             0x10278	0x10278
cpsr           0x10	16
fpscr          0x0	0
=> 0x10278:	addvs	r2, r1, r1, lsl #3
r0             0x128ab	75947
r1             0x0	0
r2             0x0	0
r3             0xfffef584	4294899076
r4             0x0	0
r5             0x0	0
r6             0x0	0
r7             0x0	0
r8             0x0	0
r9             0x0	0
r10            0x0	0
r11            0x0	0
r12            0x0	0
sp             0xbefff280	0xbefff280
lr             0x0	0
pc             0x1027c	0x1027c
cpsr           0x10	16
fpscr          0x0	0
=> 0x1027c:	addls	r2, r1, r1, lsl #3
r0             0x128ab	75947
r1             0x0	0
r2             0x0	0
r3             0xfffef584	4294899076
r4             0x0	0
r5             0x0	0
r6             0x0	0
r7             0x0	0
r8             0x0	0
r9             0x0	0
r10            0x0	0
r11            0x0	0
r12            0x0	0
sp             0xbefff280	0xbefff280
lr             0x0	0
pc             0x10280	0x10280
cpsr           0x10	16
fpscr          0x0	0
=> 0x10280:	addvs	r2, r1, r1, lsl #5
r0             0x128ab	75947
r1             0x0	0
r2             0x0	0
r3             0xfffef584	4294899076
r4             0x0	0
r5             0x0	0
r6             0x0	0
r7             0x0	0
r8             0x0	0
r9             0x0	0
r10            0x0	0
r11            0x0	0
r12            0x0	0
sp             0xbefff280	0xbefff280
lr             0x0	0
pc             0x10284	0x10284
cpsr           0x10	16
fpscr          0x0	0
=> 0x10284:	addls	r2, r1, r1, lsl #5
r0             0x128ab	75947
r1             0x0	0
r2             0x0	0
r3             0xfffef584	4294899076
r4             0x0	0
r5             0x0	0
r6             0x0	0
r7             0x0	0
r8             0x0	0
r9             0x0	0
r10            0x0	0
r11            0x0	0
r12            0x0	0
sp             0xbefff280	0xbefff280
lr             0x0	0
pc             0x10288	0x10288
cpsr           0x10	16
fpscr          0x0	0
=> 0x10288:	addvs	r2, r1, r1, lsl #15
r0             0x128ab	75947
r1             0x0	0
r2             0x0	0
r3             0xfffef584	4294899076
r4             0x0	0
r5             0x0	0
r6             0x0	0
r7             0x0	0
r8             0x0	0
r9             0x0	0
r10            0x0	0
r11            0x0	0
r12            0x0	0
sp             0xbefff280	0xbefff280
lr             0x0	0
pc             0x1028c	0x1028c
cpsr           0x10	16
fpscr          0x0	0
=> 0x1028c:	addls	r2, r1, r1, lsl #15
r0             0x128ab	75947
r1             0x0	0
r2             0x0	0
r3             0xfffef584	4294899076
r4             0x0	0
r5             0x0	0
r6             0x0	0
r7             0x0	0
r8             0x0	0
r9             0x0	0
r10            0x0	0
r11            0x0	0
r12            0x0	0
sp             0xbefff280	0xbefff280
lr             0x0	0
pc             0x10290	0x10290
cpsr           0x10	16
fpscr          0x0	0
=> 0x10290:	addvs	r2, r1, r1, lsr #2
r0             0x128ab	75947
r1             0x0	0
r2             0x0	0
r3             0xfffef584	4294899076
r4             0x0	0
r5             0x0	0
r6             0x0	0
r7             0x0	0
r8             0x0	0
r9             0x0	0
r10            0x0	0
r11            0x0	0
r12            0x0	0
sp             0xbefff280	0xbefff280
lr             0x0	0
pc             0x10294	0x10294
cpsr           0x10	16
fpscr          0x0	0
=> 0x10294:	addls	r2, r1, r1, lsr #2
r0             0x128ab	75947
r1             0x0	0
r2             0x0	0
r3             0xfffef584	4294899076
r4             0x0	0
r5             0x0	0
r6             0x0	0
r7             0x0	0
r8             0x0	0
r9             0x0	0
r10            0x0	0
r11            0x0	0
r12            0x0	0
sp             0xbefff280	0xbefff280
lr             0x0	0
pc             0x10298	0x10298
cpsr           0x10	16
fpscr          0x0	0
=> 0x10298:	addvs	r2, r1, r1, lsr #3
r0             0x128ab	75947
r1             0x0	0
r2             0x0	0
r3             0xfffef584	4294899076
r4             0x0	0
r5             0x0	0
r6             0x0	0
r7             0x0	0
r8             0x0	0
r9             0x0	0
r10            0x0	0
r11            0x0	0
r12            0x0	0
sp             0xbefff280	0xbefff280
lr             0x0	0
pc             0x1029c	0x1029c
cpsr           0x10	16
fpscr          0x0	0
=> 0x1029c:	addls	r2, r1, r1, lsr #3
r0             0x128ab	75947
r1             0x0	0
r2             0x0	0
r3             0xfffef584	4294899076
r4             0x0	0
r5             0x0	0
r6             0x0	0
r7             0x0	0
r8             0x0	0
r9             0x0	0
r10            0x0	0
r11            0x0	0
r12            0x0	0
sp             0xbefff280	0xbefff280
lr             0x0	0
pc             0x102a0	0x102a0
cpsr           0x10	16
fpscr          0x0	0
=> 0x102a0:	addvs	r2, r1, r1, lsr #5
r0             0x128ab	75947
r1             0x0	0
r2             0x0	0
r3             0xfffef584	4294899076
r4             0x0	0
r5             0x0	0
r6             0x0	0
r7             0x0	0
r8             0x0	0
r9             0x0	0
r10            0x0	0
r11            0x0	0
r12            0x0	0
sp             0xbefff280	0xbefff280
lr             0x0	0
pc             0x102a4	0x102a4
cpsr           0x10	16
fpscr          0x0	0
=> 0x102a4:	addls	r2, r1, r1, lsr #5
r0             0x128ab	75947
r1             0x0	0
r2             0x0	0
r3             0xfffef584	4294899076
r4             0x0	0
r5             0x0	0
r6             0x0	0
r7             0x0	0
r8             0x0	0
r9             0x0	0
r10            0x0	0
r11            0x0	0
r12            0x0	0
sp             0xbefff280	0xbefff280
lr             0x0	0
pc             0x102a8	0x102a8
cpsr           0x10	16
fpscr          0x0	0
=> 0x102a8:	addvs	r2, r1, r1, lsr #20
r0             0x128ab	75947
r1             0x0	0
r2             0x0	0
r3             0xfffef584	4294899076
r4             0x0	0
r5             0x0	0
r6             0x0	0
r7             0x0	0
r8             0x0	0
r9             0x0	0
r10            0x0	0
r11            0x0	0
r12            0x0	0
sp             0xbefff280	0xbefff280
lr             0x0	0
pc             0x102ac	0x102ac
cpsr           0x10	16
fpscr          0x0	0
=> 0x102ac:	addls	r2, r1, r1, lsr #20
r0             0x128ab	75947
r1             0x0	0
r2             0x0	0
r3             0xfffef584	4294899076
r4             0x0	0
r5             0x0	0
r6             0x0	0
r7             0x0	0
r8             0x0	0
r9             0x0	0
r10            0x0	0
r11            0x0	0
r12            0x0	0
sp             0xbefff280	0xbefff280
lr             0x0	0
pc             0x102b0	0x102b0
cpsr           0x10	16
fpscr          0x0	0
=> 0x102b0:	addvs	r2, r1, r1, asr #2
r0             0x128ab	75947
r1             0x0	0
r2             0x0	0
r3             0xfffef584	4294899076
r4             0x0	0
r5             0x0	0
r6             0x0	0
r7             0x0	0
r8             0x0	0
r9             0x0	0
r10            0x0	0
r11            0x0	0
r12            0x0	0
sp             0xbefff280	0xbefff280
lr             0x0	0
pc             0x102b4	0x102b4
cpsr           0x10	16
fpscr          0x0	0
=> 0x102b4:	addls	r2, r1, r1, asr #2
r0             0x128ab	75947
r1             0x0	0
r2             0x0	0
r3             0xfffef584	4294899076
r4             0x0	0
r5             0x0	0
r6             0x0	0
r7             0x0	0
r8             0x0	0
r9             0x0	0
r10            0x0	0
r11            0x0	0
r12            0x0	0
sp             0xbefff280	0xbefff280
lr             0x0	0
pc             0x102b8	0x102b8
cpsr           0x10	16
fpscr          0x0	0
=> 0x102b8:	addvs	r2, r1, r1, asr #3
r0             0x128ab	75947
r1             0x0	0
r2             0x0	0
r3             0xfffef584	4294899076
r4             0x0	0
r5             0x0	0
r6             0x0	0
r7             0x0	0
r8             0x0	0
r9             0x0	0
r10            0x0	0
r11            0x0	0
r12            0x0	0
sp             0xbefff280	0xbefff280
lr             0x0	0
pc             0x102bc	0x102bc
cpsr           0x10	16
fpscr          0x0	0
=> 0x102bc:	addls	r2, r1, r1, asr #3
r0             0x128ab	75947
r1             0x0	0
r2             0x0	0
r3             0xfffef584	4294899076
r4             0x0	0
r5             0x0	0
r6             0x0	0
r7             0x0	0
r8             0x0	0
r9             0x0	0
r10            0x0	0
r11            0x0	0
r12            0x0	0
sp             0xbefff280	0xbefff280
lr             0x0	0
pc             0x102c0	0x102c0
cpsr           0x10	16
fpscr          0x0	0
=> 0x102c0:	addvs	r2, r1, r1, asr #5
r0             0x128ab	75947
r1             0x0	0
r2             0x0	0
r3             0xfffef584	4294899076
r4             0x0	0
r5             0x0	0
r6             0x0	0
r7             0x0	0
r8             0x0	0
r9             0x0	0
r10            0x0	0
r11            0x0	0
r12            0x0	0
sp             0xbefff280	0xbefff280
lr             0x0	0
pc             0x102c4	0x102c4
cpsr           0x10	16
fpscr          0x0	0
=> 0x102c4:	addls	r2, r1, r1, asr #5
r0             0x128ab	75947
r1             0x0	0
r2             0x0	0
r3             0xfffef584	4294899076
r4             0x0	0
r5             0x0	0
r6             0x0	0
r7             0x0	0
r8             0x0	0
r9             0x0	0
r10            0x0	0
r11            0x0	0
r12            0x0	0
sp             0xbefff280	0xbefff280
lr             0x0	0
pc             0x102c8	0x102c8
cpsr           0x10	16
fpscr          0x0	0
=> 0x102c8:	addvs	r2, r1, r1, asr #9
r0             0x128ab	75947
r1             0x0	0
r2             0x0	0
r3             0xfffef584	4294899076
r4             0x0	0
r5             0x0	0
r6             0x0	0
r7             0x0	0
r8             0x0	0
r9             0x0	0
r10            0x0	0
r11            0x0	0
r12            0x0	0
sp             0xbefff280	0xbefff280
lr             0x0	0
pc             0x102cc	0x102cc
cpsr           0x10	16
fpscr          0x0	0
=> 0x102cc:	addls	r2, r1, r1, asr #9
r0             0x128ab	75947
r1             0x0	0
r2             0x0	0
r3             0xfffef584	4294899076
r4             0x0	0
r5             0x0	0
r6             0x0	0
r7             0x0	0
r8             0x0	0
r9             0x0	0
r10            0x0	0
r11            0x0	0
r12            0x0	0
sp             0xbefff280	0xbefff280
lr             0x0	0
pc             0x102d0	0x102d0
cpsr           0x10	16
fpscr          0x0	0
=> 0x102d0:	addvs	r3, r3, pc
r0             0x128ab	75947
r1             0x0	0
r2             0x0	0
r3             0xfffef584	4294899076
r4             0x0	0
r5             0x0	0
r6             0x0	0
r7             0x0	0
r8             0x0	0
r9             0x0	0
r10            0x0	0
r11            0x0	0
r12            0x0	0
sp             0xbefff280	0xbefff280
lr             0x0	0
pc             0x102d4	0x102d4
cpsr           0x10	16
fpscr          0x0	0
=> 0x102d4:	addls	r3, r3, pc
r0             0x128ab	75947
r1             0x0	0
r2             0x0	0
r3             0xfffff860	4294965344
r4             0x0	0
r5             0x0	0
r6             0x0	0
r7             0x0	0
r8             0x0	0
r9             0x0	0
r10            0x0	0
r11            0x0	0
r12            0x0	0
sp             0xbefff280	0xbefff280
lr             0x0	0
pc             0x102d8	0x102d8
cpsr           0x10	16
fpscr          0x0	0
=> 0x102d8:	subvs	r1, r1, r1
r0             0x128ab	75947
r1             0x0	0
r2             0x0	0
r3             0xfffff860	4294965344
r4             0x0	0
r5             0x0	0
r6             0x0	0
r7             0x0	0
r8             0x0	0
r9             0x0	0
r10            0x0	0
r11            0x0	0
r12            0x0	0
sp             0xbefff280	0xbefff280
lr             0x0	0
pc             0x102dc	0x102dc
cpsr           0x10	16
fpscr          0x0	0
=> 0x102dc:	subls	r1, r1, r1
r0             0x128ab	75947
r1             0x0	0
r2             0x0	0
r3             0xfffff860	4294965344
r4             0x0	0
r5             0x0	0
r6             0x0	0
r7             0x0	0
r8             0x0	0
r9             0x0	0
r10            0x0	0
r11            0x0	0
r12            0x0	0
sp             0xbefff280	0xbefff280
lr             0x0	0
pc             0x102e0	0x102e0
cpsr           0x10	16
fpscr          0x0	0
=> 0x102e0:	subvs	r1, r1, r1
r0             0x128ab	75947
r1             0x0	0
r2             0x0	0
r3             0xfffff860	4294965344
r4             0x0	0
r5             0x0	0
r6             0x0	0
r7             0x0	0
r8             0x0	0
r9             0x0	0
r10            0x0	0
r11            0x0	0
r12            0x0	0
sp             0xbefff280	0xbefff280
lr             0x0	0
pc             0x102e4	0x102e4
cpsr           0x10	16
fpscr          0x0	0
=> 0x102e4:	subls	r1, r1, r1
r0             0x128ab	75947
r1             0x0	0
r2             0x0	0
r3             0xfffff860	4294965344
r4             0x0	0
r5             0x0	0
r6             0x0	0
r7             0x0	0
r8             0x0	0
r9             0x0	0
r10            0x0	0
r11            0x0	0
r12            0x0	0
sp             0xbefff280	0xbefff280
lr             0x0	0
pc             0x102e8	0x102e8
cpsr           0x10	16
fpscr          0x0	0
=> 0x102e8:	subvs	r1, r1, r1
r0             0x128ab	75947
r1             0x0	0
r2             0x0	0
r3             0xfffff860	4294965344
r4             0x0	0
r5             0x0	0
r6             0x0	0
r7             0x0	0
r8             0x0	0
r9             0x0	0
r10            0x0	0
r11            0x0	0
r12            0x0	0
sp             0xbefff280	0xbefff280
lr             0x0	0
pc             0x102ec	0x102ec
cpsr           0x10	16
fpscr          0x0	0
=> 0x102ec:	subls	r1, r1, r1
r0             0x128ab	75947
r1             0x0	0
r2             0x0	0
r3             0xfffff860	4294965344
r4             0x0	0
r5             0x0	0
r6             0x0	0
r7             0x0	0
r8             0x0	0
r9             0x0	0
r10            0x0	0
r11            0x0	0
r12            0x0	0
sp             0xbefff280	0xbefff280
lr             0x0	0
pc             0x102f0	0x102f0
cpsr           0x10	16
fpscr          0x0	0
=> 0x102f0:	subvs	r1, r1, r1
r0             0x128ab	75947
r1             0x0	0
r2             0x0	0
r3             0xfffff860	4294965344
r4             0x0	0
r5             0x0	0
r6             0x0	0
r7             0x0	0
r8             0x0	0
r9             0x0	0
r10            0x0	0
r11            0x0	0
r12            0x0	0
sp             0xbefff280	0xbefff280
lr             0x0	0
pc             0x102f4	0x102f4
cpsr           0x10	16
fpscr          0x0	0
=> 0x102f4:	subls	r1, r1, r1
r0             0x128ab	75947
r1             0x0	0
r2             0x0	0
r3             0xfffff860	4294965344
r4             0x0	0
r5             0x0	0
r6             0x0	0
r7             0x0	0
r8             0x0	0
r9             0x0	0
r10            0x0	0
r11            0x0	0
r12            0x0	0
sp             0xbefff280	0xbefff280
lr             0x0	0
pc             0x102f8	0x102f8
cpsr           0x10	16
fpscr          0x0	0
=> 0x102f8:	subvs	r1, r1, r1
r0             0x128ab	75947
r1             0x0	0
r2             0x0	0
r3             0xfffff860	4294965344
r4             0x0	0
r5             0x0	0
r6             0x0	0
r7             0x0	0
r8             0x0	0
r9             0x0	0
r10            0x0	0
r11            0x0	0
r12            0x0	0
sp             0xbefff280	0xbefff280
lr             0x0	0
pc             0x102fc	0x102fc
cpsr           0x10	16
fpscr          0x0	0
=> 0x102fc:	subls	r1, r1, r1
r0             0x128ab	75947
r1             0x0	0
r2             0x0	0
r3             0xfffff860	4294965344
r4             0x0	0
r5             0x0	0
r6             0x0	0
r7             0x0	0
r8             0x0	0
r9             0x0	0
r10            0x0	0
r11            0x0	0
r12            0x0	0
sp             0xbefff280	0xbefff280
lr             0x0	0
pc             0x10300	0x10300
cpsr           0x10	16
fpscr          0x0	0
=> 0x10300:	subvs	r2, r1, r1, lsl #2
r0             0x128ab	75947
r1             0x0	0
r2             0x0	0
r3             0xfffff860	4294965344
r4             0x0	0
r5             0x0	0
r6             0x0	0
r7             0x0	0
r8             0x0	0
r9             0x0	0
r10            0x0	0
r11            0x0	0
r12            0x0	0
sp             0xbefff280	0xbefff280
lr             0x0	0
pc             0x10304	0x10304
cpsr           0x10	16
fpscr          0x0	0
=> 0x10304:	subls	r2, r1, r1, lsl #2
r0             0x128ab	75947
r1             0x0	0
r2             0x0	0
r3             0xfffff860	4294965344
r4             0x0	0
r5             0x0	0
r6             0x0	0
r7             0x0	0
r8             0x0	0
r9             0x0	0
r10            0x0	0
r11            0x0	0
r12            0x0	0
sp             0xbefff280	0xbefff280
lr             0x0	0
pc             0x10308	0x10308
cpsr           0x10	16
fpscr          0x0	0
=> 0x10308:	subvs	r2, r1, r1, lsl #3
r0             0x128ab	75947
r1             0x0	0
r2             0x0	0
r3             0xfffff860	4294965344
r4             0x0	0
r5             0x0	0
r6             0x0	0
r7             0x0	0
r8             0x0	0
r9             0x0	0
r10            0x0	0
r11            0x0	0
r12            0x0	0
sp             0xbefff280	0xbefff280
lr             0x0	0
pc             0x1030c	0x1030c
cpsr           0x10	16
fpscr          0x0	0
=> 0x1030c:	subls	r2, r1, r1, lsl #3
r0             0x128ab	75947
r1             0x0	0
r2             0x0	0
r3             0xfffff860	4294965344
r4             0x0	0
r5             0x0	0
r6             0x0	0
r7             0x0	0
r8             0x0	0
r9             0x0	0
r10            0x0	0
r11            0x0	0
r12            0x0	0
sp             0xbefff280	0xbefff280
lr             0x0	0
pc             0x10310	0x10310
cpsr           0x10	16
fpscr          0x0	0
=> 0x10310:	subvs	r2, r1, r1, lsl #5
r0             0x128ab	75947
r1             0x0	0
r2             0x0	0
r3             0xfffff860	4294965344
r4             0x0	0
r5             0x0	0
r6             0x0	0
r7             0x0	0
r8             0x0	0
r9             0x0	0
r10            0x0	0
r11            0x0	0
r12            0x0	0
sp             0xbefff280	0xbefff280
lr             0x0	0
pc             0x10314	0x10314
cpsr           0x10	16
fpscr          0x0	0
=> 0x10314:	subls	r2, r1, r1, lsl #5
r0             0x128ab	75947
r1             0x0	0
r2             0x0	0
r3             0xfffff860	4294965344
r4             0x0	0
r5             0x0	0
r6             0x0	0
r7             0x0	0
r8             0x0	0
r9             0x0	0
r10            0x0	0
r11            0x0	0
r12            0x0	0
sp             0xbefff280	0xbefff280
lr             0x0	0
pc             0x10318	0x10318
cpsr           0x10	16
fpscr          0x0	0
=> 0x10318:	subvs	r2, r1, r1, lsl #15
r0             0x128ab	75947
r1             0x0	0
r2             0x0	0
r3             0xfffff860	4294965344
r4             0x0	0
r5             0x0	0
r6             0x0	0
r7             0x0	0
r8             0x0	0
r9             0x0	0
r10            0x0	0
r11            0x0	0
r12            0x0	0
sp             0xbefff280	0xbefff280
lr             0x0	0
pc             0x1031c	0x1031c
cpsr           0x10	16
fpscr          0x0	0
=> 0x1031c:	subls	r2, r1, r1, lsl #15
r0             0x128ab	75947
r1             0x0	0
r2             0x0	0
r3             0xfffff860	4294965344
r4             0x0	0
r5             0x0	0
r6             0x0	0
r7             0x0	0
r8             0x0	0
r9             0x0	0
r10            0x0	0
r11            0x0	0
r12            0x0	0
sp             0xbefff280	0xbefff280
lr             0x0	0
pc             0x10320	0x10320
cpsr           0x10	16
fpscr          0x0	0
=> 0x10320:	subvs	r2, r1, r1, lsr #2
r0             0x128ab	75947
r1             0x0	0
r2             0x0	0
r3             0xfffff860	4294965344
r4             0x0	0
r5             0x0	0
r6             0x0	0
r7             0x0	0
r8             0x0	0
r9             0x0	0
r10            0x0	0
r11            0x0	0
r12            0x0	0
sp             0xbefff280	0xbefff280
lr             0x0	0
pc             0x10324	0x10324
cpsr           0x10	16
fpscr          0x0	0
=> 0x10324:	subls	r2, r1, r1, lsr #2
r0             0x128ab	75947
r1             0x0	0
r2             0x0	0
r3             0xfffff860	4294965344
r4             0x0	0
r5             0x0	0
r6             0x0	0
r7             0x0	0
r8             0x0	0
r9             0x0	0
r10            0x0	0
r11            0x0	0
r12            0x0	0
sp             0xbefff280	0xbefff280
lr             0x0	0
pc             0x10328	0x10328
cpsr           0x10	16
fpscr          0x0	0
=> 0x10328:	subvs	r2, r1, r1, lsr #3
r0             0x128ab	75947
r1             0x0	0
r2             0x0	0
r3             0xfffff860	4294965344
r4             0x0	0
r5             0x0	0
r6             0x0	0
r7             0x0	0
r8             0x0	0
r9             0x0	0
r10            0x0	0
r11            0x0	0
r12            0x0	0
sp             0xbefff280	0xbefff280
lr             0x0	0
pc             0x1032c	0x1032c
cpsr           0x10	16
fpscr          0x0	0
=> 0x1032c:	subls	r2, r1, r1, lsr #3
r0             0x128ab	75947
r1             0x0	0
r2             0x0	0
r3             0xfffff860	4294965344
r4             0x0	0
r5             0x0	0
r6             0x0	0
r7             0x0	0
r8             0x0	0
r9             0x0	0
r10            0x0	0
r11            0x0	0
r12            0x0	0
sp             0xbefff280	0xbefff280
lr             0x0	0
pc             0x10330	0x10330
cpsr           0x10	16
fpscr          0x0	0
=> 0x10330:	subvs	r2, r1, r1, lsr #5
r0             0x128ab	75947
r1             0x0	0
r2             0x0	0
r3             0xfffff860	4294965344
r4             0x0	0
r5             0x0	0
r6             0x0	0
r7             0x0	0
r8             0x0	0
r9             0x0	0
r10            0x0	0
r11            0x0	0
r12            0x0	0
sp             0xbefff280	0xbefff280
lr             0x0	0
pc             0x10334	0x10334
cpsr           0x10	16
fpscr          0x0	0
=> 0x10334:	subls	r2, r1, r1, lsr #5
r0             0x128ab	75947
r1             0x0	0
r2             0x0	0
r3             0xfffff860	4294965344
r4             0x0	0
r5             0x0	0
r6             0x0	0
r7             0x0	0
r8             0x0	0
r9             0x0	0
r10            0x0	0
r11            0x0	0
r12            0x0	0
sp             0xbefff280	0xbefff280
lr             0x0	0
pc             0x10338	0x10338
cpsr           0x10	16
fpscr          0x0	0
=> 0x10338:	subvs	r2, r1, r1, lsr #20
r0             0x128ab	75947
r1             0x0	0
r2             0x0	0
r3             0xfffff860	4294965344
r4             0x0	0
r5             0x0	0
r6             0x0	0
r7             0x0	0
r8             0x0	0
r9             0x0	0
r10            0x0	0
r11            0x0	0
r12            0x0	0
sp             0xbefff280	0xbefff280
lr             0x0	0
pc             0x1033c	0x1033c
cpsr           0x10	16
fpscr          0x0	0
=> 0x1033c:	subls	r2, r1, r1, lsr #20
r0             0x128ab	75947
r1             0x0	0
r2             0x0	0
r3             0xfffff860	4294965344
r4             0x0	0
r5             0x0	0
r6             0x0	0
r7             0x0	0
r8             0x0	0
r9             0x0	0
r10            0x0	0
r11            0x0	0
r12            0x0	0
sp             0xbefff280	0xbefff280
lr             0x0	0
pc             0x10340	0x10340
cpsr           0x10	16
fpscr          0x0	0
=> 0x10340:	subvs	r2, r1, r1, asr #2
r0             0x128ab	75947
r1             0x0	0
r2             0x0	0
r3             0xfffff860	4294965344
r4             0x0	0
r5             0x0	0
r6             0x0	0
r7             0x0	0
r8             0x0	0
r9             0x0	0
r10            0x0	0
r11            0x0	0
r12            0x0	0
sp             0xbefff280	0xbefff280
lr             0x0	0
pc             0x10344	0x10344
cpsr           0x10	16
fpscr          0x0	0
=> 0x10344:	subls	r2, r1, r1, asr #2
r0             0x128ab	75947
r1             0x0	0
r2             0x0	0
r3             0xfffff860	4294965344
r4             0x0	0
r5             0x0	0
r6             0x0	0
r7             0x0	0
r8             0x0	0
r9             0x0	0
r10            0x0	0
r11            0x0	0
r12            0x0	0
sp             0xbefff280	0xbefff280
lr             0x0	0
pc             0x10348	0x10348
cpsr           0x10	16
fpscr          0x0	0
=> 0x10348:	subvs	r2, r1, r1, asr #3
r0             0x128ab	75947
r1             0x0	0
r2             0x0	0
r3             0xfffff860	4294965344
r4             0x0	0
r5             0x0	0
r6             0x0	0
r7             0x0	0
r8             0x0	0
r9             0x0	0
r10            0x0	0
r11            0x0	0
r12            0x0	0
sp             0xbefff280	0xbefff280
lr             0x0	0
pc             0x1034c	0x1034c
cpsr           0x10	16
fpscr          0x0	0
=> 0x1034c:	subls	r2, r1, r1, asr #3
r0             0x128ab	75947
r1             0x0	0
r2             0x0	0
r3             0xfffff860	4294965344
r4             0x0	0
r5             0x0	0
r6             0x0	0
r7             0x0	0
r8             0x0	0
r9             0x0	0
r10            0x0	0
r11            0x0	0
r12            0x0	0
sp             0xbefff280	0xbefff280
lr             0x0	0
pc             0x10350	0x10350
cpsr           0x10	16
fpscr          0x0	0
=> 0x10350:	subvs	r2, r1, r1, asr #5
r0             0x128ab	75947
r1             0x0	0
r2             0x0	0
r3             0xfffff860	4294965344
r4             0x0	0
r5             0x0	0
r6             0x0	0
r7             0x0	0
r8             0x0	0
r9             0x0	0
r10            0x0	0
r11            0x0	0
r12            0x0	0
sp             0xbefff280	0xbefff280
lr             0x0	0
pc             0x10354	0x10354
cpsr           0x10	16
fpscr          0x0	0
=> 0x10354:	subls	r2, r1, r1, asr #5
r0             0x128ab	75947
r1             0x0	0
r2             0x0	0
r3             0xfffff860	4294965344
r4             0x0	0
r5             0x0	0
r6             0x0	0
r7             0x0	0
r8             0x0	0
r9             0x0	0
r10            0x0	0
r11            0x0	0
r12            0x0	0
sp             0xbefff280	0xbefff280
lr             0x0	0
pc             0x10358	0x10358
cpsr           0x10	16
fpscr          0x0	0
=> 0x10358:	subvs	r2, r1, r1, asr #9
r0             0x128ab	75947
r1             0x0	0
r2             0x0	0
r3             0xfffff860	4294965344
r4             0x0	0
r5             0x0	0
r6             0x0	0
r7             0x0	0
r8             0x0	0
r9             0x0	0
r10            0x0	0
r11            0x0	0
r12            0x0	0
sp             0xbefff280	0xbefff280
lr             0x0	0
pc             0x1035c	0x1035c
cpsr           0x10	16
fpscr          0x0	0
=> 0x1035c:	subls	r2, r1, r1, asr #9
r0             0x128ab	75947
r1             0x0	0
r2             0x0	0
r3             0xfffff860	4294965344
r4             0x0	0
r5             0x0	0
r6             0x0	0
r7             0x0	0
r8             0x0	0
r9             0x0	0
r10            0x0	0
r11            0x0	0
r12            0x0	0
sp             0xbefff280	0xbefff280
lr             0x0	0
pc             0x10360	0x10360
cpsr           0x10	16
fpscr          0x0	0
=> 0x10360:	subvs	r3, r3, pc
r0             0x128ab	75947
r1             0x0	0
r2             0x0	0
r3             0xfffff860	4294965344
r4             0x0	0
r5             0x0	0
r6             0x0	0
r7             0x0	0
r8             0x0	0
r9             0x0	0
r10            0x0	0
r11            0x0	0
r12            0x0	0
sp             0xbefff280	0xbefff280
lr             0x0	0
pc             0x10364	0x10364
cpsr           0x10	16
fpscr          0x0	0
=> 0x10364:	subls	r3, r3, pc
r0             0x128ab	75947
r1             0x0	0
r2             0x0	0
r3             0xfffef4f4	4294898932
r4             0x0	0
r5             0x0	0
r6             0x0	0
r7             0x0	0
r8             0x0	0
r9             0x0	0
r10            0x0	0
r11            0x0	0
r12            0x0	0
sp             0xbefff280	0xbefff280
lr             0x0	0
pc             0x10368	0x10368
cpsr           0x10	16
fpscr          0x0	0
=> 0x10368:	subvc	r2, r1, r1, lsr #20
r0             0x128ab	75947
r1             0x0	0
r2             0x0	0
r3             0xfffef4f4	4294898932
r4             0x0	0
r5             0x0	0
r6             0x0	0
r7             0x0	0
r8             0x0	0
r9             0x0	0
r10            0x0	0
r11            0x0	0
r12            0x0	0
sp             0xbefff280	0xbefff280
lr             0x0	0
pc             0x1036c	0x1036c
cpsr           0x10	16
fpscr          0x0	0
=> 0x1036c:	subhi	r2, r1, r1, lsr #20
r0             0x128ab	75947
r1             0x0	0
r2             0x0	0
r3             0xfffef4f4	4294898932
r4             0x0	0
r5             0x0	0
r6             0x0	0
r7             0x0	0
r8             0x0	0
r9             0x0	0
r10            0x0	0
r11            0x0	0
r12            0x0	0
sp             0xbefff280	0xbefff280
lr             0x0	0
pc             0x10370	0x10370
cpsr           0x10	16
fpscr          0x0	0
=> 0x10370:	subge	r2, r1, r1, lsr #20
r0             0x128ab	75947
r1             0x0	0
r2             0x0	0
r3             0xfffef4f4	4294898932
r4             0x0	0
r5             0x0	0
r6             0x0	0
r7             0x0	0
r8             0x0	0
r9             0x0	0
r10            0x0	0
r11            0x0	0
r12            0x0	0
sp             0xbefff280	0xbefff280
lr             0x0	0
pc             0x10374	0x10374
cpsr           0x10	16
fpscr          0x0	0
=> 0x10374:	sublt	r2, r1, r1, lsr #20
r0             0x128ab	75947
r1             0x0	0
r2             0x0	0
r3             0xfffef4f4	4294898932
r4             0x0	0
r5             0x0	0
r6             0x0	0
r7             0x0	0
r8             0x0	0
r9             0x0	0
r10            0x0	0
r11            0x0	0
r12            0x0	0
sp             0xbefff280	0xbefff280
lr             0x0	0
pc             0x10378	0x10378
cpsr           0x10	16
fpscr          0x0	0
=> 0x10378:	suble	r2, r1, r1, lsr #20
r0             0x128ab	75947
r1             0x0	0
r2             0x0	0
r3             0xfffef4f4	4294898932
r4             0x0	0
r5             0x0	0
r6             0x0	0
r7             0x0	0
r8             0x0	0
r9             0x0	0
r10            0x0	0
r11            0x0	0
r12            0x0	0
sp             0xbefff280	0xbefff280
lr             0x0	0
pc             0x1037c	0x1037c
cpsr           0x10	16
fpscr          0x0	0
=> 0x1037c:	submi	r2, r1, r1, lsr #20
r0             0x128ab	75947
r1             0x0	0
r2             0x0	0
r3             0xfffef4f4	4294898932
r4             0x0	0
r5             0x0	0
r6             0x0	0
r7             0x0	0
r8             0x0	0
r9             0x0	0
r10            0x0	0
r11            0x0	0
r12            0x0	0
sp             0xbefff280	0xbefff280
lr             0x0	0
pc             0x10380	0x10380
cpsr           0x10	16
fpscr          0x0	0
=> 0x10380:	subpl	r2, r1, r1, lsr #20
r0             0x128ab	75947
r1             0x0	0
r2             0x0	0
r3             0xfffef4f4	4294898932
r4             0x0	0
r5             0x0	0
r6             0x0	0
r7             0x0	0
r8             0x0	0
r9             0x0	0
r10            0x0	0
r11            0x0	0
r12            0x0	0
sp             0xbefff280	0xbefff280
lr             0x0	0
pc             0x10384	0x10384
cpsr           0x10	16
fpscr          0x0	0
=> 0x10384:	subcc	r2, r1, r1, lsr #20
r0             0x128ab	75947
r1             0x0	0
r2             0x0	0
r3             0xfffef4f4	4294898932
r4             0x0	0
r5             0x0	0
r6             0x0	0
r7             0x0	0
r8             0x0	0
r9             0x0	0
r10            0x0	0
r11            0x0	0
r12            0x0	0
sp             0xbefff280	0xbefff280
lr             0x0	0
pc             0x10388	0x10388
cpsr           0x10	16
fpscr          0x0	0
=> 0x10388:	subvc	r2, r1, r1, lsr #20
r0             0x128ab	75947
r1             0x0	0
r2             0x0	0
r3             0xfffef4f4	4294898932
r4             0x0	0
r5             0x0	0
r6             0x0	0
r7             0x0	0
r8             0x0	0
r9             0x0	0
r10            0x0	0
r11            0x0	0
r12            0x0	0
sp             0xbefff280	0xbefff280
lr             0x0	0
pc             0x1038c	0x1038c
cpsr           0x10	16
fpscr          0x0	0
=> 0x1038c:	subhi	r2, r1, r1, lsr #20
r0             0x128ab	75947
r1             0x0	0
r2             0x0	0
r3             0xfffef4f4	4294898932
r4             0x0	0
r5             0x0	0
r6             0x0	0
r7             0x0	0
r8             0x0	0
r9             0x0	0
r10            0x0	0
r11            0x0	0
r12            0x0	0
sp             0xbefff280	0xbefff280
lr             0x0	0
pc             0x10390	0x10390
cpsr           0x10	16
fpscr          0x0	0
=> 0x10390:	subge	r2, r1, r1, lsr #20
r0             0x128ab	75947
r1             0x0	0
r2             0x0	0
r3             0xfffef4f4	4294898932
r4             0x0	0
r5             0x0	0
r6             0x0	0
r7             0x0	0
r8             0x0	0
r9             0x0	0
r10            0x0	0
r11            0x0	0
r12            0x0	0
sp             0xbefff280	0xbefff280
lr             0x0	0
pc             0x10394	0x10394
cpsr           0x10	16
fpscr          0x0	0
=> 0x10394:	sublt	r2, r1, r1, lsr #20
r0             0x128ab	75947
r1             0x0	0
r2             0x0	0
r3             0xfffef4f4	4294898932
r4             0x0	0
r5             0x0	0
r6             0x0	0
r7             0x0	0
r8             0x0	0
r9             0x0	0
r10            0x0	0
r11            0x0	0
r12            0x0	0
sp             0xbefff280	0xbefff280
lr             0x0	0
pc             0x10398	0x10398
cpsr           0x10	16
fpscr          0x0	0
=> 0x10398:	suble	r2, r1, r1, lsr #20
r0             0x128ab	75947
r1             0x0	0
r2             0x0	0
r3             0xfffef4f4	4294898932
r4             0x0	0
r5             0x0	0
r6             0x0	0
r7             0x0	0
r8             0x0	0
r9             0x0	0
r10            0x0	0
r11            0x0	0
r12            0x0	0
sp             0xbefff280	0xbefff280
lr             0x0	0
pc             0x1039c	0x1039c
cpsr           0x10	16
fpscr          0x0	0
=> 0x1039c:	submi	r2, r1, r1, lsr #20
r0             0x128ab	75947
r1             0x0	0
r2             0x0	0
r3             0xfffef4f4	4294898932
r4             0x0	0
r5             0x0	0
r6             0x0	0
r7             0x0	0
r8             0x0	0
r9             0x0	0
r10            0x0	0
r11            0x0	0
r12            0x0	0
sp             0xbefff280	0xbefff280
lr             0x0	0
pc             0x103a0	0x103a0
cpsr           0x10	16
fpscr          0x0	0
=> 0x103a0:	subpl	r2, r1, r1, lsr #20
r0             0x128ab	75947
r1             0x0	0
r2             0x0	0
r3             0xfffef4f4	4294898932
r4             0x0	0
r5             0x0	0
r6             0x0	0
r7             0x0	0
r8             0x0	0
r9             0x0	0
r10            0x0	0
r11            0x0	0
r12            0x0	0
sp             0xbefff280	0xbefff280
lr             0x0	0
pc             0x103a4	0x103a4
cpsr           0x10	16
fpscr          0x0	0
=> 0x103a4:	subcc	r2, r1, r1, lsr #20
r0             0x128ab	75947
r1             0x0	0
r2             0x0	0
r3             0xfffef4f4	4294898932
r4             0x0	0
r5             0x0	0
r6             0x0	0
r7             0x0	0
r8             0x0	0
r9             0x0	0
r10            0x0	0
r11            0x0	0
r12            0x0	0
sp             0xbefff280	0xbefff280
lr             0x0	0
pc             0x103a8	0x103a8
cpsr           0x10	16
fpscr          0x0	0
=> 0x103a8:	subvc	r2, r1, r1, lsr #20
r0             0x128ab	75947
r1             0x0	0
r2             0x0	0
r3             0xfffef4f4	4294898932
r4             0x0	0
r5             0x0	0
r6             0x0	0
r7             0x0	0
r8             0x0	0
r9             0x0	0
r10            0x0	0
r11            0x0	0
r12            0x0	0
sp             0xbefff280	0xbefff280
lr             0x0	0
pc             0x103ac	0x103ac
cpsr           0x10	16
fpscr          0x0	0
=> 0x103ac:	subhi	r2, r1, r1, lsr #20
r0             0x128ab	75947
r1             0x0	0
r2             0x0	0
r3             0xfffef4f4	4294898932
r4             0x0	0
r5             0x0	0
r6             0x0	0
r7             0x0	0
r8             0x0	0
r9             0x0	0
r10            0x0	0
r11            0x0	0
r12            0x0	0
sp             0xbefff280	0xbefff280
lr             0x0	0
pc             0x103b0	0x103b0
cpsr           0x10	16
fpscr          0x0	0
=> 0x103b0:	subge	r2, r1, r1, lsr #20
r0             0x128ab	75947
r1             0x0	0
r2             0x0	0
r3             0xfffef4f4	4294898932
r4             0x0	0
r5             0x0	0
r6             0x0	0
r7             0x0	0
r8             0x0	0
r9             0x0	0
r10            0x0	0
r11            0x0	0
r12            0x0	0
sp             0xbefff280	0xbefff280
lr             0x0	0
pc             0x103b4	0x103b4
cpsr           0x10	16
fpscr          0x0	0
=> 0x103b4:	sublt	r2, r1, r1, lsr #20
r0             0x128ab	75947
r1             0x0	0
r2             0x0	0
r3             0xfffef4f4	4294898932
r4             0x0	0
r5             0x0	0
r6             0x0	0
r7             0x0	0
r8             0x0	0
r9             0x0	0
r10            0x0	0
r11            0x0	0
r12            0x0	0
sp             0xbefff280	0xbefff280
lr             0x0	0
pc             0x103b8	0x103b8
cpsr           0x10	16
fpscr          0x0	0
