/home/pi/.gdbinit:5: Error in sourced command file:
bob.c: No such file or directory.

Program stopped.
0x00010098 in ?? ()
0x0001009c in ?? ()
r0             0x0	0
r1             0x0	0
r2             0x0	0
r3             0x0	0
r4             0x0	0
r5             0x0	0
r6             0x0	0
r7             0x0	0
r8             0x0	0
r9             0x0	0
r10            0x0	0
r11            0x0	0
r12            0x0	0
sp             0xbefff2a0	0xbefff2a0
lr             0x0	0
pc             0x1009c	0x1009c
cpsr           0x10	16
fpscr          0x0	0
=> 0x1009c:	mvn	r1, #0
0x000100a0 in ?? ()
r0             0x0	0
r1             0xffffffff	4294967295
r2             0x0	0
r3             0x0	0
r4             0x0	0
r5             0x0	0
r6             0x0	0
r7             0x0	0
r8             0x0	0
r9             0x0	0
r10            0x0	0
r11            0x0	0
r12            0x0	0
sp             0xbefff2a0	0xbefff2a0
lr             0x0	0
pc             0x100a0	0x100a0
cpsr           0x10	16
fpscr          0x0	0
=> 0x100a0:	mov	r2, #256	; 0x100
0x000100a4 in ?? ()
r0             0x0	0
r1             0xffffffff	4294967295
r2             0x100	256
r3             0x0	0
r4             0x0	0
r5             0x0	0
r6             0x0	0
r7             0x0	0
r8             0x0	0
r9             0x0	0
r10            0x0	0
r11            0x0	0
r12            0x0	0
sp             0xbefff2a0	0xbefff2a0
lr             0x0	0
pc             0x100a4	0x100a4
cpsr           0x10	16
fpscr          0x0	0
=> 0x100a4:	mov	r3, #3
0x000100a8 in ?? ()
r0             0x0	0
r1             0xffffffff	4294967295
r2             0x100	256
r3             0x3	3
r4             0x0	0
r5             0x0	0
r6             0x0	0
r7             0x0	0
r8             0x0	0
r9             0x0	0
r10            0x0	0
r11            0x0	0
r12            0x0	0
sp             0xbefff2a0	0xbefff2a0
lr             0x0	0
pc             0x100a8	0x100a8
cpsr           0x10	16
fpscr          0x0	0
=> 0x100a8:	mov	r4, #4
0x000100ac in ?? ()
r0             0x0	0
r1             0xffffffff	4294967295
r2             0x100	256
r3             0x3	3
r4             0x4	4
r5             0x0	0
r6             0x0	0
r7             0x0	0
r8             0x0	0
r9             0x0	0
r10            0x0	0
r11            0x0	0
r12            0x0	0
sp             0xbefff2a0	0xbefff2a0
lr             0x0	0
pc             0x100ac	0x100ac
cpsr           0x10	16
fpscr          0x0	0
=> 0x100ac:	mov	r5, #5
0x000100b0 in ?? ()
r0             0x0	0
r1             0xffffffff	4294967295
r2             0x100	256
r3             0x3	3
r4             0x4	4
r5             0x5	5
r6             0x0	0
r7             0x0	0
r8             0x0	0
r9             0x0	0
r10            0x0	0
r11            0x0	0
r12            0x0	0
sp             0xbefff2a0	0xbefff2a0
lr             0x0	0
pc             0x100b0	0x100b0
cpsr           0x10	16
fpscr          0x0	0
=> 0x100b0:	mov	r6, #6
0x000100b4 in ?? ()
r0             0x0	0
r1             0xffffffff	4294967295
r2             0x100	256
r3             0x3	3
r4             0x4	4
r5             0x5	5
r6             0x6	6
r7             0x0	0
r8             0x0	0
r9             0x0	0
r10            0x0	0
r11            0x0	0
r12            0x0	0
sp             0xbefff2a0	0xbefff2a0
lr             0x0	0
pc             0x100b4	0x100b4
cpsr           0x10	16
fpscr          0x0	0
=> 0x100b4:	mov	r7, #7
0x000100b8 in ?? ()
r0             0x0	0
r1             0xffffffff	4294967295
r2             0x100	256
r3             0x3	3
r4             0x4	4
r5             0x5	5
r6             0x6	6
r7             0x7	7
r8             0x0	0
r9             0x0	0
r10            0x0	0
r11            0x0	0
r12            0x0	0
sp             0xbefff2a0	0xbefff2a0
lr             0x0	0
pc             0x100b8	0x100b8
cpsr           0x10	16
fpscr          0x0	0
=> 0x100b8:	mov	r8, #8
0x000100bc in ?? ()
r0             0x0	0
r1             0xffffffff	4294967295
r2             0x100	256
r3             0x3	3
r4             0x4	4
r5             0x5	5
r6             0x6	6
r7             0x7	7
r8             0x8	8
r9             0x0	0
r10            0x0	0
r11            0x0	0
r12            0x0	0
sp             0xbefff2a0	0xbefff2a0
lr             0x0	0
pc             0x100bc	0x100bc
cpsr           0x10	16
fpscr          0x0	0
=> 0x100bc:	mov	r9, #9
0x000100c0 in ?? ()
r0             0x0	0
r1             0xffffffff	4294967295
r2             0x100	256
r3             0x3	3
r4             0x4	4
r5             0x5	5
r6             0x6	6
r7             0x7	7
r8             0x8	8
r9             0x9	9
r10            0x0	0
r11            0x0	0
r12            0x0	0
sp             0xbefff2a0	0xbefff2a0
lr             0x0	0
pc             0x100c0	0x100c0
cpsr           0x10	16
fpscr          0x0	0
=> 0x100c0:	mov	r10, #10
0x000100c4 in ?? ()
r0             0x0	0
r1             0xffffffff	4294967295
r2             0x100	256
r3             0x3	3
r4             0x4	4
r5             0x5	5
r6             0x6	6
r7             0x7	7
r8             0x8	8
r9             0x9	9
r10            0xa	10
r11            0x0	0
r12            0x0	0
sp             0xbefff2a0	0xbefff2a0
lr             0x0	0
pc             0x100c4	0x100c4
cpsr           0x10	16
fpscr          0x0	0
=> 0x100c4:	mov	r11, #11
0x000100c8 in ?? ()
r0             0x0	0
r1             0xffffffff	4294967295
r2             0x100	256
r3             0x3	3
r4             0x4	4
r5             0x5	5
r6             0x6	6
r7             0x7	7
r8             0x8	8
r9             0x9	9
r10            0xa	10
r11            0xb	11
r12            0x0	0
sp             0xbefff2a0	0xbefff2a0
lr             0x0	0
pc             0x100c8	0x100c8
cpsr           0x10	16
fpscr          0x0	0
=> 0x100c8:	mov	r12, #12
0x000100cc in ?? ()
r0             0x0	0
r1             0xffffffff	4294967295
r2             0x100	256
r3             0x3	3
r4             0x4	4
r5             0x5	5
r6             0x6	6
r7             0x7	7
r8             0x8	8
r9             0x9	9
r10            0xa	10
r11            0xb	11
r12            0xc	12
sp             0xbefff2a0	0xbefff2a0
lr             0x0	0
pc             0x100cc	0x100cc
cpsr           0x10	16
fpscr          0x0	0
=> 0x100cc:	str	r4, [r2]

Program received signal SIGSEGV, Segmentation fault.
0x000100cc in ?? ()
r0             0x0	0
r1             0xffffffff	4294967295
r2             0x100	256
r3             0x3	3
r4             0x4	4
r5             0x5	5
r6             0x6	6
r7             0x7	7
r8             0x8	8
r9             0x9	9
r10            0xa	10
r11            0xb	11
r12            0xc	12
sp             0xbefff2a0	0xbefff2a0
lr             0x0	0
pc             0x100cc	0x100cc
cpsr           0x10	16
fpscr          0x0	0
=> 0x100cc:	str	r4, [r2]

Program terminated with signal SIGSEGV, Segmentation fault.
The program no longer exists.
single_data_processing.gdbinit:46: Error in sourced command file:
The program has no registers now.
(gdb) quit
